


materialPath: C:\Program Files (x86)\Steam\steamapps\sourcemods\KandidatProjektGame\materials
Loading C:\Program Files (x86)\Steam\SteamApps\sourcemods\KandidatProjektGame\VMFMapFiles\MainHub.vmf
Could not locate 'GameData' key in c:\program files (x86)\steam\steamapps\sourcemods\kandidatprojektgame\gameinfo.txt
fixing up env_cubemap materials on brush sides...
0...1...2...3...4...5...6...7...8...9...100...1...2...3...4...5...6...7...8...9...10Processing areas...done (0)
Building Faces...done (0)
Chop Details...done (0)
Find Visible Detail Sides...
Merged 34 detail faces...done (0)
Merging details...done (0)
FixTjuncs...
PruneNodes...
WriteBSP...
done (0)
writing C:\Program Files (x86)\Steam\SteamApps\sourcemods\KandidatProjektGame\VMFMapFiles\MainHub.prt...Building visibility clusters...
done (0)
Creating default LDR cubemaps for env_cubemap using skybox materials:
   skybox/sky_day01_01*.vmt
 ! Run buildcubemaps in the engine to get the correct cube maps.
Creating default HDR cubemaps for env_cubemap using skybox materials:
   skybox/sky_day01_01*.vmt
 ! Run buildcubemaps in the engine to get the correct cube maps.
Finding displacement neighbors...
Finding lightmap sample positions...
Displacement Alpha : 0...1...2...3...4...5...6...7...8...9...10
Building Physics collision data...
done (0) (37833 bytes)
Placing detail props : 0...1...2...3...4...5...6...7...8...9...10
Compacting texture/material tables...
Reduced 296 texinfos to 196
Reduced 22 texdatas to 20 (582 bytes to 502)
Writing C:\Program Files (x86)\Steam\SteamApps\sourcemods\KandidatProjektGame\VMFMapFiles\MainHub.bsp
0 seconds elapsed



4 threads
reading c:\program files (x86)\steam\steamapps\sourcemods\kandidatprojektgame\vmfmapfiles\MainHub.bsp
reading c:\program files (x86)\steam\steamapps\sourcemods\kandidatprojektgame\vmfmapfiles\MainHub.prt
  75 portalclusters
 243 numportals
0...1...2...3...4...5...6...7...8...9...100...1...2...3...4...5...6...7...8...9...10Optimized: 0 visible clusters (0.00%)
Total clusters visible: 4639
Average clusters visible: 61
Building PAS...
Average clusters audible: 75
visdatasize:2113  compressed from 2400
writing c:\program files (x86)\steam\steamapps\sourcemods\kandidatprojektgame\vmfmapfiles\MainHub.bsp
0 seconds elapsed



[Reading texlights from 'lights.rad']
[48 texlights parsed from 'lights.rad']

Loading c:\program files (x86)\steam\steamapps\sourcemods\kandidatprojektgame\vmfmapfiles\MainHub.bsp
438 faces
154586 square feet [22260520.00 square inches]
0 Displacements
0 Square Feet [0.00 Square Inches]
438 patches before subdivision
8094 patches after subdivision
0 direct lights
0...1...2...3...4...5...6...7...8...9...100...1...2...3...4...5...6...7...8...9...10transfers 672750, max 320
transfer lists:   5.1 megs
0...1...2...3...4...5...6...7...8...9...10	Bounce #1 added RGB(0, 0, 0)
Build Patch/Sample Hash Table(s).....Done<0.0034 sec>
0...1...2...3...4...5...6...7...8...9...10FinalLightFace Done
0 of 0 (0% of) surface lights went in leaf ambient cubes.
0...1...2...3...4...5...6...7...8...9...10Writing leaf ambient...done
Ready to Finish

Object names       Objects/Maxobjs  Memory / Maxmem  Fullness 
------------       ---------------  ---------------  -------- 
models                   1/1024           48/49152    ( 0.1%) 
brushes                105/8192         1260/98304    ( 1.3%) 
brushsides             699/65536        5592/524288   ( 1.1%) 
planes                 284/65536        5680/1310720  ( 0.4%) 
vertexes               661/65536        7932/786432   ( 1.0%) 
nodes                  168/65536        5376/2097152  ( 0.3%) 
texinfos               196/12288       14112/884736   ( 1.6%) 
texdata                 20/2048          640/65536    ( 1.0%) 
dispinfos                0/0               0/0        ( 0.0%) 
disp_verts               0/0               0/0        ( 0.0%) 
disp_tris                0/0               0/0        ( 0.0%) 
disp_lmsamples           0/0               0/0        ( 0.0%) 
faces                  438/65536       24528/3670016  ( 0.7%) 
hdr faces                0/65536           0/3670016  ( 0.0%) 
origfaces              313/65536       17528/3670016  ( 0.5%) 
leaves                 170/65536        5440/2097152  ( 0.3%) 
leaffaces              493/65536         986/131072   ( 0.8%) 
leafbrushes            190/65536         380/131072   ( 0.3%) 
areas                    2/256            16/2048     ( 0.8%) 
surfedges             3438/512000      13752/2048000  ( 0.7%) 
edges                 2094/256000       8376/1024000  ( 0.8%) 
LDR worldlights          0/8192            0/720896   ( 0.0%) 
HDR worldlights          0/8192            0/720896   ( 0.0%) 
leafwaterdata            0/32768           0/393216   ( 0.0%) 
waterstrips             25/32768         250/327680   ( 0.1%) 
waterverts               0/65536           0/786432   ( 0.0%) 
waterindices           405/65536         810/131072   ( 0.6%) 
cubemapsamples           0/1024            0/16384    ( 0.0%) 
overlays                 0/512             0/180224   ( 0.0%) 
LDR lightdata         [variable]      258140/0        ( 0.0%) 
HDR lightdata         [variable]           0/0        ( 0.0%) 
visdata               [variable]        2113/16777216 ( 0.0%) 
entdata               [variable]         335/393216   ( 0.1%) 
LDR ambient table      170/65536         680/262144   ( 0.3%) 
HDR ambient table      170/65536         680/262144   ( 0.3%) 
LDR leaf ambient        75/65536        2100/1835008  ( 0.1%) 
HDR leaf ambient       170/65536        4760/1835008  ( 0.3%) 
occluders                0/0               0/0        ( 0.0%) 
occluder polygons        0/0               0/0        ( 0.0%) 
occluder vert ind        0/0               0/0        ( 0.0%) 
detail props          [variable]           1/12       ( 8.3%) 
static props          [variable]           1/214      ( 0.5%) 
pakfile               [variable]      211838/0        ( 0.0%) 
physics               [variable]       37833/4194304  ( 0.9%) 
physics terrain       [variable]           2/1048576  ( 0.0%) 

Level flags = 0

Total triangle count: 1284
Writing c:\program files (x86)\steam\steamapps\sourcemods\kandidatprojektgame\vmfmapfiles\MainHub.bsp
2 seconds elapsed



materialPath: C:\Program Files (x86)\Steam\steamapps\sourcemods\KandidatProjektGame\materials
Loading C:\Program Files (x86)\Steam\SteamApps\sourcemods\KandidatProjektGame\VMFMapFiles\MainHub.vmf
Could not locate 'GameData' key in c:\program files (x86)\steam\steamapps\sourcemods\kandidatprojektgame\gameinfo.txt
fixing up env_cubemap materials on brush sides...
0...1...2...3...4...5...6...7...8...9...100...1...2...3...4...5...6...7...8...9...10Processing areas...done (0)
Building Faces...done (0)
Chop Details...done (0)
Find Visible Detail Sides...
Merged 22 detail faces...done (0)
Merging details...done (0)
FixTjuncs...
PruneNodes...
WriteBSP...
done (0)
writing C:\Program Files (x86)\Steam\SteamApps\sourcemods\KandidatProjektGame\VMFMapFiles\MainHub.prt...Building visibility clusters...
done (0)
Creating default LDR cubemaps for env_cubemap using skybox materials:
   skybox/sky_day01_01*.vmt
 ! Run buildcubemaps in the engine to get the correct cube maps.
Creating default HDR cubemaps for env_cubemap using skybox materials:
   skybox/sky_day01_01*.vmt
 ! Run buildcubemaps in the engine to get the correct cube maps.
Finding displacement neighbors...
Finding lightmap sample positions...
Displacement Alpha : 0...1...2...3...4...5...6...7...8...9...10
Building Physics collision data...
done (0) (45529 bytes)
Placing detail props : 0...1...2...3...4...5...6...7...8...9...10
Compacting texture/material tables...
Reduced 402 texinfos to 260
Reduced 29 texdatas to 26 (768 bytes to 651)
Writing C:\Program Files (x86)\Steam\SteamApps\sourcemods\KandidatProjektGame\VMFMapFiles\MainHub.bsp
0 seconds elapsed



4 threads
reading c:\program files (x86)\steam\steamapps\sourcemods\kandidatprojektgame\vmfmapfiles\MainHub.bsp
reading c:\program files (x86)\steam\steamapps\sourcemods\kandidatprojektgame\vmfmapfiles\MainHub.prt
 119 portalclusters
 420 numportals
0...1...2...3...4...5...6...7...8...9...100...1...2...3...4...5...6...7...8...9...10Optimized: 15 visible clusters (0.13%)
Total clusters visible: 11928
Average clusters visible: 100
Building PAS...
Average clusters audible: 119
visdatasize:4546  compressed from 3808
writing c:\program files (x86)\steam\steamapps\sourcemods\kandidatprojektgame\vmfmapfiles\MainHub.bsp
0 seconds elapsed



[Reading texlights from 'lights.rad']
[48 texlights parsed from 'lights.rad']

Loading c:\program files (x86)\steam\steamapps\sourcemods\kandidatprojektgame\vmfmapfiles\MainHub.bsp
551 faces
156092 square feet [22477348.00 square inches]
0 Displacements
0 Square Feet [0.00 Square Inches]
551 patches before subdivision
8475 patches after subdivision
0 direct lights
0...1...2...3...4...5...6...7...8...9...100...1...2...3...4...5...6...7...8...9...10transfers 774827, max 348
transfer lists:   5.9 megs
0...1...2...3...4...5...6...7...8...9...10	Bounce #1 added RGB(0, 0, 0)
Build Patch/Sample Hash Table(s).....Done<0.0034 sec>
0...1...2...3...4...5...6...7...8...9...10FinalLightFace Done
0 of 0 (0% of) surface lights went in leaf ambient cubes.
0...1...2...3...4...5...6...7...8...9...10Writing leaf ambient...done
Ready to Finish

Object names       Objects/Maxobjs  Memory / Maxmem  Fullness 
------------       ---------------  ---------------  -------- 
models                   1/1024           48/49152    ( 0.1%) 
brushes                129/8192         1548/98304    ( 1.6%) 
brushsides             822/65536        6576/524288   ( 1.3%) 
planes                 332/65536        6640/1310720  ( 0.5%) 
vertexes               790/65536        9480/786432   ( 1.2%) 
nodes                  245/65536        7840/2097152  ( 0.4%) 
texinfos               260/12288       18720/884736   ( 2.1%) 
texdata                 26/2048          832/65536    ( 1.3%) 
dispinfos                0/0               0/0        ( 0.0%) 
disp_verts               0/0               0/0        ( 0.0%) 
disp_tris                0/0               0/0        ( 0.0%) 
disp_lmsamples           0/0               0/0        ( 0.0%) 
faces                  551/65536       30856/3670016  ( 0.8%) 
hdr faces                0/65536           0/3670016  ( 0.0%) 
origfaces              392/65536       21952/3670016  ( 0.6%) 
leaves                 247/65536        7904/2097152  ( 0.4%) 
leaffaces              615/65536        1230/131072   ( 0.9%) 
leafbrushes            209/65536         418/131072   ( 0.3%) 
areas                    2/256            16/2048     ( 0.8%) 
surfedges             4213/512000      16852/2048000  ( 0.8%) 
edges                 2480/256000       9920/1024000  ( 1.0%) 
LDR worldlights          0/8192            0/720896   ( 0.0%) 
HDR worldlights          0/8192            0/720896   ( 0.0%) 
leafwaterdata            0/32768           0/393216   ( 0.0%) 
waterstrips             40/32768         400/327680   ( 0.1%) 
waterverts               0/65536           0/786432   ( 0.0%) 
waterindices           612/65536        1224/131072   ( 0.9%) 
cubemapsamples           0/1024            0/16384    ( 0.0%) 
overlays                 0/512             0/180224   ( 0.0%) 
LDR lightdata         [variable]      279756/0        ( 0.0%) 
HDR lightdata         [variable]           0/0        ( 0.0%) 
visdata               [variable]        4546/16777216 ( 0.0%) 
entdata               [variable]         876/393216   ( 0.2%) 
LDR ambient table      247/65536         988/262144   ( 0.4%) 
HDR ambient table      247/65536         988/262144   ( 0.4%) 
LDR leaf ambient       119/65536        3332/1835008  ( 0.2%) 
HDR leaf ambient       247/65536        6916/1835008  ( 0.4%) 
occluders                0/0               0/0        ( 0.0%) 
occluder polygons        0/0               0/0        ( 0.0%) 
occluder vert ind        0/0               0/0        ( 0.0%) 
detail props          [variable]           1/12       ( 8.3%) 
static props          [variable]           1/208      ( 0.5%) 
pakfile               [variable]      212132/0        ( 0.0%) 
physics               [variable]       45529/4194304  ( 1.1%) 
physics terrain       [variable]           2/1048576  ( 0.0%) 

Level flags = 0

Total triangle count: 1532
Writing c:\program files (x86)\steam\steamapps\sourcemods\kandidatprojektgame\vmfmapfiles\MainHub.bsp
4 seconds elapsed



materialPath: C:\Program Files (x86)\Steam\steamapps\sourcemods\KandidatProjektGame\materials
Loading C:\Program Files (x86)\Steam\SteamApps\sourcemods\KandidatProjektGame\VMFMapFiles\MainHub.vmf
Could not locate 'GameData' key in c:\program files (x86)\steam\steamapps\sourcemods\kandidatprojektgame\gameinfo.txt
fixing up env_cubemap materials on brush sides...
0...1...2...3...4...5...6...7...8...9...100...1...2...3...4...5...6...7...8...9...10Processing areas...done (0)
Building Faces...done (0)
Chop Details...done (0)
Find Visible Detail Sides...
Merged 22 detail faces...done (0)
Merging details...done (0)
FixTjuncs...
PruneNodes...
WriteBSP...
done (0)
writing C:\Program Files (x86)\Steam\SteamApps\sourcemods\KandidatProjektGame\VMFMapFiles\MainHub.prt...Building visibility clusters...
done (0)
Creating default LDR cubemaps for env_cubemap using skybox materials:
   skybox/sky_day01_01*.vmt
 ! Run buildcubemaps in the engine to get the correct cube maps.
Creating default HDR cubemaps for env_cubemap using skybox materials:
   skybox/sky_day01_01*.vmt
 ! Run buildcubemaps in the engine to get the correct cube maps.
Finding displacement neighbors...
Finding lightmap sample positions...
Displacement Alpha : 0...1...2...3...4...5...6...7...8...9...10
Building Physics collision data...
done (0) (45529 bytes)
Placing detail props : 0...1...2...3...4...5...6...7...8...9...10
Compacting texture/material tables...
Reduced 402 texinfos to 260
Reduced 29 texdatas to 26 (768 bytes to 651)
Writing C:\Program Files (x86)\Steam\SteamApps\sourcemods\KandidatProjektGame\VMFMapFiles\MainHub.bsp
0 seconds elapsed



4 threads
reading c:\program files (x86)\steam\steamapps\sourcemods\kandidatprojektgame\vmfmapfiles\MainHub.bsp
reading c:\program files (x86)\steam\steamapps\sourcemods\kandidatprojektgame\vmfmapfiles\MainHub.prt
 119 portalclusters
 420 numportals
0...1...2...3...4...5...6...7...8...9...100...1...2...3...4...5...6...7...8...9...10Optimized: 15 visible clusters (0.13%)
Total clusters visible: 11928
Average clusters visible: 100
Building PAS...
Average clusters audible: 119
visdatasize:4546  compressed from 3808
writing c:\program files (x86)\steam\steamapps\sourcemods\kandidatprojektgame\vmfmapfiles\MainHub.bsp
0 seconds elapsed



[Reading texlights from 'lights.rad']
[48 texlights parsed from 'lights.rad']

Loading c:\program files (x86)\steam\steamapps\sourcemods\kandidatprojektgame\vmfmapfiles\MainHub.bsp
551 faces
156092 square feet [22477348.00 square inches]
0 Displacements
0 Square Feet [0.00 Square Inches]
551 patches before subdivision
8475 patches after subdivision
1 direct lights
0...1...2...3...4...5...6...7...8...9...100...1...2...3...4...5...6...7...8...9...10transfers 774827, max 348
transfer lists:   5.9 megs
0...1...2...3...4...5...6...7...8...9...10	Bounce #1 added RGB(169, 135, 115)
0...1...2...3...4...5...6...7...8...9...10	Bounce #2 added RGB(21, 11, 7)
0...1...2...3...4...5...6...7...8...9...10	Bounce #3 added RGB(4, 1, 0)
0...1...2...3...4...5...6...7...8...9...10	Bounce #4 added RGB(1, 0, 0)
Build Patch/Sample Hash Table(s).....Done<0.0034 sec>
0...1...2...3...4...5...6...7...8...9...10FinalLightFace Done
0 of 0 (0% of) surface lights went in leaf ambient cubes.
0...1...2...3...4...5...6...7...8...9...10Writing leaf ambient...done
Ready to Finish

Object names       Objects/Maxobjs  Memory / Maxmem  Fullness 
------------       ---------------  ---------------  -------- 
models                   1/1024           48/49152    ( 0.1%) 
brushes                129/8192         1548/98304    ( 1.6%) 
brushsides             822/65536        6576/524288   ( 1.3%) 
planes                 332/65536        6640/1310720  ( 0.5%) 
vertexes               790/65536        9480/786432   ( 1.2%) 
nodes                  245/65536        7840/2097152  ( 0.4%) 
texinfos               260/12288       18720/884736   ( 2.1%) 
texdata                 26/2048          832/65536    ( 1.3%) 
dispinfos                0/0               0/0        ( 0.0%) 
disp_verts               0/0               0/0        ( 0.0%) 
disp_tris                0/0               0/0        ( 0.0%) 
disp_lmsamples           0/0               0/0        ( 0.0%) 
faces                  551/65536       30856/3670016  ( 0.8%) 
hdr faces                0/65536           0/3670016  ( 0.0%) 
origfaces              392/65536       21952/3670016  ( 0.6%) 
leaves                 247/65536        7904/2097152  ( 0.4%) 
leaffaces              615/65536        1230/131072   ( 0.9%) 
leafbrushes            209/65536         418/131072   ( 0.3%) 
areas                    2/256            16/2048     ( 0.8%) 
surfedges             4213/512000      16852/2048000  ( 0.8%) 
edges                 2480/256000       9920/1024000  ( 1.0%) 
LDR worldlights          1/8192           88/720896   ( 0.0%) 
HDR worldlights          0/8192            0/720896   ( 0.0%) 
leafwaterdata            0/32768           0/393216   ( 0.0%) 
waterstrips             40/32768         400/327680   ( 0.1%) 
waterverts               0/65536           0/786432   ( 0.0%) 
waterindices           612/65536        1224/131072   ( 0.9%) 
cubemapsamples           0/1024            0/16384    ( 0.0%) 
overlays                 0/512             0/180224   ( 0.0%) 
LDR lightdata         [variable]      279756/0        ( 0.0%) 
HDR lightdata         [variable]           0/0        ( 0.0%) 
visdata               [variable]        4546/16777216 ( 0.0%) 
entdata               [variable]        1075/393216   ( 0.3%) 
LDR ambient table      247/65536         988/262144   ( 0.4%) 
HDR ambient table      247/65536         988/262144   ( 0.4%) 
LDR leaf ambient       277/65536        7756/1835008  ( 0.4%) 
HDR leaf ambient       247/65536        6916/1835008  ( 0.4%) 
occluders                0/0               0/0        ( 0.0%) 
occluder polygons        0/0               0/0        ( 0.0%) 
occluder vert ind        0/0               0/0        ( 0.0%) 
detail props          [variable]           1/12       ( 8.3%) 
static props          [variable]           1/208      ( 0.5%) 
pakfile               [variable]      212132/0        ( 0.0%) 
physics               [variable]       45529/4194304  ( 1.1%) 
physics terrain       [variable]           2/1048576  ( 0.0%) 

Level flags = 0

Total triangle count: 1532
Writing c:\program files (x86)\steam\steamapps\sourcemods\kandidatprojektgame\vmfmapfiles\MainHub.bsp
4 seconds elapsed



materialPath: C:\Program Files (x86)\Steam\steamapps\sourcemods\KandidatProjektGame\materials
Loading C:\Program Files (x86)\Steam\SteamApps\sourcemods\KandidatProjektGame\VMFMapFiles\MainHub.vmf
Could not locate 'GameData' key in c:\program files (x86)\steam\steamapps\sourcemods\kandidatprojektgame\gameinfo.txt
fixing up env_cubemap materials on brush sides...
0...1...2...3...4...5...6...7...8...9...100...1...2...3...4...5...6...7...8...9...10Processing areas...done (0)
Building Faces...done (0)
Chop Details...done (0)
Find Visible Detail Sides...
Merged 22 detail faces...done (0)
Merging details...done (0)
FixTjuncs...
PruneNodes...
WriteBSP...
done (0)
writing C:\Program Files (x86)\Steam\SteamApps\sourcemods\KandidatProjektGame\VMFMapFiles\MainHub.prt...Building visibility clusters...
done (0)
Creating default LDR cubemaps for env_cubemap using skybox materials:
   skybox/sky_day01_01*.vmt
 ! Run buildcubemaps in the engine to get the correct cube maps.
Creating default HDR cubemaps for env_cubemap using skybox materials:
   skybox/sky_day01_01*.vmt
 ! Run buildcubemaps in the engine to get the correct cube maps.
Finding displacement neighbors...
Finding lightmap sample positions...
Displacement Alpha : 0...1...2...3...4...5...6...7...8...9...10
Building Physics collision data...
done (0) (45529 bytes)
Placing detail props : 0...1...2...3...4...5...6...7...8...9...10
Compacting texture/material tables...
Reduced 402 texinfos to 260
Reduced 29 texdatas to 26 (768 bytes to 651)
Writing C:\Program Files (x86)\Steam\SteamApps\sourcemods\KandidatProjektGame\VMFMapFiles\MainHub.bsp
0 seconds elapsed



4 threads
reading c:\program files (x86)\steam\steamapps\sourcemods\kandidatprojektgame\vmfmapfiles\MainHub.bsp
reading c:\program files (x86)\steam\steamapps\sourcemods\kandidatprojektgame\vmfmapfiles\MainHub.prt
 119 portalclusters
 420 numportals
0...1...2...3...4...5...6...7...8...9...100...1...2...3...4...5...6...7...8...9...10Optimized: 15 visible clusters (0.13%)
Total clusters visible: 11928
Average clusters visible: 100
Building PAS...
Average clusters audible: 119
visdatasize:4546  compressed from 3808
writing c:\program files (x86)\steam\steamapps\sourcemods\kandidatprojektgame\vmfmapfiles\MainHub.bsp
1 second elapsed



[Reading texlights from 'lights.rad']
[48 texlights parsed from 'lights.rad']

Loading c:\program files (x86)\steam\steamapps\sourcemods\kandidatprojektgame\vmfmapfiles\MainHub.bsp
551 faces
156092 square feet [22477348.00 square inches]
0 Displacements
0 Square Feet [0.00 Square Inches]
551 patches before subdivision
8475 patches after subdivision
1 direct lights
0...1...2...3...4...5...6...7...8...9...100...1...2...3...4...5...6...7...8...9...10transfers 774827, max 348
transfer lists:   5.9 megs
0...1...2...3...4...5...6...7...8...9...10	Bounce #1 added RGB(473, 402, 362)
0...1...2...3...4...5...6...7...8...9...10	Bounce #2 added RGB(52, 30, 22)
0...1...2...3...4...5...6...7...8...9...10	Bounce #3 added RGB(8, 3, 1)
0...1...2...3...4...5...6...7...8...9...10	Bounce #4 added RGB(1, 0, 0)
0...1...2...3...4...5...6...7...8...9...10	Bounce #5 added RGB(0, 0, 0)
Build Patch/Sample Hash Table(s).....Done<0.0033 sec>
0...1...2...3...4...5...6...7...8...9...10FinalLightFace Done
0 of 0 (0% of) surface lights went in leaf ambient cubes.
0...1...2...3...4...5...6...7...8...9...10Writing leaf ambient...done
Ready to Finish

Object names       Objects/Maxobjs  Memory / Maxmem  Fullness 
------------       ---------------  ---------------  -------- 
models                   1/1024           48/49152    ( 0.1%) 
brushes                129/8192         1548/98304    ( 1.6%) 
brushsides             822/65536        6576/524288   ( 1.3%) 
planes                 332/65536        6640/1310720  ( 0.5%) 
vertexes               790/65536        9480/786432   ( 1.2%) 
nodes                  245/65536        7840/2097152  ( 0.4%) 
texinfos               260/12288       18720/884736   ( 2.1%) 
texdata                 26/2048          832/65536    ( 1.3%) 
dispinfos                0/0               0/0        ( 0.0%) 
disp_verts               0/0               0/0        ( 0.0%) 
disp_tris                0/0               0/0        ( 0.0%) 
disp_lmsamples           0/0               0/0        ( 0.0%) 
faces                  551/65536       30856/3670016  ( 0.8%) 
hdr faces                0/65536           0/3670016  ( 0.0%) 
origfaces              392/65536       21952/3670016  ( 0.6%) 
leaves                 247/65536        7904/2097152  ( 0.4%) 
leaffaces              615/65536        1230/131072   ( 0.9%) 
leafbrushes            209/65536         418/131072   ( 0.3%) 
areas                    2/256            16/2048     ( 0.8%) 
surfedges             4213/512000      16852/2048000  ( 0.8%) 
edges                 2480/256000       9920/1024000  ( 1.0%) 
LDR worldlights          1/8192           88/720896   ( 0.0%) 
HDR worldlights          0/8192            0/720896   ( 0.0%) 
leafwaterdata            0/32768           0/393216   ( 0.0%) 
waterstrips             40/32768         400/327680   ( 0.1%) 
waterverts               0/65536           0/786432   ( 0.0%) 
waterindices           612/65536        1224/131072   ( 0.9%) 
cubemapsamples           0/1024            0/16384    ( 0.0%) 
overlays                 0/512             0/180224   ( 0.0%) 
LDR lightdata         [variable]      279756/0        ( 0.0%) 
HDR lightdata         [variable]           0/0        ( 0.0%) 
visdata               [variable]        4546/16777216 ( 0.0%) 
entdata               [variable]        1075/393216   ( 0.3%) 
LDR ambient table      247/65536         988/262144   ( 0.4%) 
HDR ambient table      247/65536         988/262144   ( 0.4%) 
LDR leaf ambient       537/65536       15036/1835008  ( 0.8%) 
HDR leaf ambient       247/65536        6916/1835008  ( 0.4%) 
occluders                0/0               0/0        ( 0.0%) 
occluder polygons        0/0               0/0        ( 0.0%) 
occluder vert ind        0/0               0/0        ( 0.0%) 
detail props          [variable]           1/12       ( 8.3%) 
static props          [variable]           1/208      ( 0.5%) 
pakfile               [variable]      212132/0        ( 0.0%) 
physics               [variable]       45529/4194304  ( 1.1%) 
physics terrain       [variable]           2/1048576  ( 0.0%) 

Level flags = 0

Total triangle count: 1532
Writing c:\program files (x86)\steam\steamapps\sourcemods\kandidatprojektgame\vmfmapfiles\MainHub.bsp
3 seconds elapsed



materialPath: C:\Program Files (x86)\Steam\steamapps\sourcemods\KandidatProjektGame\materials
Loading C:\Program Files (x86)\Steam\SteamApps\sourcemods\KandidatProjektGame\VMFMapFiles\MainHub.vmf
Could not locate 'GameData' key in c:\program files (x86)\steam\steamapps\sourcemods\kandidatprojektgame\gameinfo.txt
fixing up env_cubemap materials on brush sides...
0...1...2...3...4...5...6...7...8...9...100...1...2...3...4...5...6...7...8...9...10Processing areas...done (0)
Building Faces...done (0)
Chop Details...done (0)
Find Visible Detail Sides...
Merged 22 detail faces...done (0)
Merging details...done (0)
FixTjuncs...
PruneNodes...
WriteBSP...
done (0)
writing C:\Program Files (x86)\Steam\SteamApps\sourcemods\KandidatProjektGame\VMFMapFiles\MainHub.prt...Building visibility clusters...
done (0)
Creating default LDR cubemaps for env_cubemap using skybox materials:
   skybox/sky_day01_01*.vmt
 ! Run buildcubemaps in the engine to get the correct cube maps.
Creating default HDR cubemaps for env_cubemap using skybox materials:
   skybox/sky_day01_01*.vmt
 ! Run buildcubemaps in the engine to get the correct cube maps.
Finding displacement neighbors...
Finding lightmap sample positions...
Displacement Alpha : 0...1...2...3...4...5...6...7...8...9...10
Building Physics collision data...
done (0) (45504 bytes)
Placing detail props : 0...1...2...3...4...5...6...7...8...9...10
Compacting texture/material tables...
Reduced 326 texinfos to 221
Reduced 12 texdatas to 10 (282 bytes to 208)
Writing C:\Program Files (x86)\Steam\SteamApps\sourcemods\KandidatProjektGame\VMFMapFiles\MainHub.bsp
0 seconds elapsed



4 threads
reading c:\program files (x86)\steam\steamapps\sourcemods\kandidatprojektgame\vmfmapfiles\MainHub.bsp
reading c:\program files (x86)\steam\steamapps\sourcemods\kandidatprojektgame\vmfmapfiles\MainHub.prt
 119 portalclusters
 420 numportals
0...1...2...3...4...5...6...7...8...9...100...1...2...3...4...5...6...7...8...9...10Optimized: 11 visible clusters (0.09%)
Total clusters visible: 11928
Average clusters visible: 100
Building PAS...
Average clusters audible: 119
visdatasize:4546  compressed from 3808
writing c:\program files (x86)\steam\steamapps\sourcemods\kandidatprojektgame\vmfmapfiles\MainHub.bsp
0 seconds elapsed



[Reading texlights from 'lights.rad']
[48 texlights parsed from 'lights.rad']

Loading c:\program files (x86)\steam\steamapps\sourcemods\kandidatprojektgame\vmfmapfiles\MainHub.bsp
572 faces
156099 square feet [22478372.00 square inches]
0 Displacements
0 Square Feet [0.00 Square Inches]
572 patches before subdivision
11788 patches after subdivision
0 direct lights
0...1...2...3...4...5...6...7...8...9...100...1...2...3...4...5...6...7...8...9...10transfers 1453760, max 399
transfer lists:  11.1 megs
0...1...2...3...4...5...6...7...8...9...10	Bounce #1 added RGB(0, 0, 0)
Build Patch/Sample Hash Table(s).....Done<0.0057 sec>
0...1...2...3...4...5...6...7...8...9...10FinalLightFace Done
0 of 0 (0% of) surface lights went in leaf ambient cubes.
0...1...2...3...4...5...6...7...8...9...10Writing leaf ambient...done
Ready to Finish

Object names       Objects/Maxobjs  Memory / Maxmem  Fullness 
------------       ---------------  ---------------  -------- 
models                   1/1024           48/49152    ( 0.1%) 
brushes                129/8192         1548/98304    ( 1.6%) 
brushsides             822/65536        6576/524288   ( 1.3%) 
planes                 332/65536        6640/1310720  ( 0.5%) 
vertexes               826/65536        9912/786432   ( 1.3%) 
nodes                  245/65536        7840/2097152  ( 0.4%) 
texinfos               221/12288       15912/884736   ( 1.8%) 
texdata                 10/2048          320/65536    ( 0.5%) 
dispinfos                0/0               0/0        ( 0.0%) 
disp_verts               0/0               0/0        ( 0.0%) 
disp_tris                0/0               0/0        ( 0.0%) 
disp_lmsamples           0/0               0/0        ( 0.0%) 
faces                  572/65536       32032/3670016  ( 0.9%) 
hdr faces                0/65536           0/3670016  ( 0.0%) 
origfaces              380/65536       21280/3670016  ( 0.6%) 
leaves                 247/65536        7904/2097152  ( 0.4%) 
leaffaces              660/65536        1320/131072   ( 1.0%) 
leafbrushes            209/65536         418/131072   ( 0.3%) 
areas                    2/256            16/2048     ( 0.8%) 
surfedges             4255/512000      17020/2048000  ( 0.8%) 
edges                 2498/256000       9992/1024000  ( 1.0%) 
LDR worldlights          0/8192            0/720896   ( 0.0%) 
HDR worldlights          0/8192            0/720896   ( 0.0%) 
leafwaterdata            0/32768           0/393216   ( 0.0%) 
waterstrips             47/32768         470/327680   ( 0.1%) 
waterverts               0/65536           0/786432   ( 0.0%) 
waterindices           732/65536        1464/131072   ( 1.1%) 
cubemapsamples           0/1024            0/16384    ( 0.0%) 
overlays                 0/512             0/180224   ( 0.0%) 
LDR lightdata         [variable]      323360/0        ( 0.0%) 
HDR lightdata         [variable]           0/0        ( 0.0%) 
visdata               [variable]        4546/16777216 ( 0.0%) 
entdata               [variable]         875/393216   ( 0.2%) 
LDR ambient table      247/65536         988/262144   ( 0.4%) 
HDR ambient table      247/65536         988/262144   ( 0.4%) 
LDR leaf ambient       119/65536        3332/1835008  ( 0.2%) 
HDR leaf ambient       247/65536        6916/1835008  ( 0.4%) 
occluders                0/0               0/0        ( 0.0%) 
occluder polygons        0/0               0/0        ( 0.0%) 
occluder vert ind        0/0               0/0        ( 0.0%) 
detail props          [variable]           1/12       ( 8.3%) 
static props          [variable]           1/208      ( 0.5%) 
pakfile               [variable]      211820/0        ( 0.0%) 
physics               [variable]       45504/4194304  ( 1.1%) 
physics terrain       [variable]           2/1048576  ( 0.0%) 

Level flags = 0

Total triangle count: 1580
Writing c:\program files (x86)\steam\steamapps\sourcemods\kandidatprojektgame\vmfmapfiles\MainHub.bsp
4 seconds elapsed



materialPath: C:\Program Files (x86)\Steam\steamapps\sourcemods\KandidatProjektGame\materials
Loading C:\Program Files (x86)\Steam\SteamApps\sourcemods\KandidatProjektGame\VMFMapFiles\MainHub.vmf
Could not locate 'GameData' key in c:\program files (x86)\steam\steamapps\sourcemods\kandidatprojektgame\gameinfo.txt
fixing up env_cubemap materials on brush sides...
0...1...2...3...4...5...6...7...8...9...100...1...2...3...4...5...6...7...8...9...10Processing areas...done (0)
Building Faces...done (0)
Chop Details...done (0)
Find Visible Detail Sides...
Merged 22 detail faces...done (0)
Merging details...done (0)
FixTjuncs...
PruneNodes...
WriteBSP...
done (0)
writing C:\Program Files (x86)\Steam\SteamApps\sourcemods\KandidatProjektGame\VMFMapFiles\MainHub.prt...Building visibility clusters...
done (0)
Creating default LDR cubemaps for env_cubemap using skybox materials:
   skybox/sky_day01_01*.vmt
 ! Run buildcubemaps in the engine to get the correct cube maps.
Creating default HDR cubemaps for env_cubemap using skybox materials:
   skybox/sky_day01_01*.vmt
 ! Run buildcubemaps in the engine to get the correct cube maps.
Finding displacement neighbors...
Finding lightmap sample positions...
Displacement Alpha : 0...1...2...3...4...5...6...7...8...9...10
Building Physics collision data...
done (0) (45504 bytes)
Placing detail props : 0...1...2...3...4...5...6...7...8...9...10
Compacting texture/material tables...
Reduced 326 texinfos to 220
Reduced 12 texdatas to 10 (282 bytes to 208)
Writing C:\Program Files (x86)\Steam\SteamApps\sourcemods\KandidatProjektGame\VMFMapFiles\MainHub.bsp
0 seconds elapsed



4 threads
reading c:\program files (x86)\steam\steamapps\sourcemods\kandidatprojektgame\vmfmapfiles\MainHub.bsp
reading c:\program files (x86)\steam\steamapps\sourcemods\kandidatprojektgame\vmfmapfiles\MainHub.prt
 126 portalclusters
 454 numportals
0...1...2...3...4...5...6...7...8...9...100...1...2...3...4...5...6...7...8...9...10Optimized: 8 visible clusters (0.06%)
Total clusters visible: 13156
Average clusters visible: 104
Building PAS...
Average clusters audible: 126
visdatasize:5053  compressed from 4032
writing c:\program files (x86)\steam\steamapps\sourcemods\kandidatprojektgame\vmfmapfiles\MainHub.bsp
1 second elapsed



[Reading texlights from 'lights.rad']
[48 texlights parsed from 'lights.rad']

Loading c:\program files (x86)\steam\steamapps\sourcemods\kandidatprojektgame\vmfmapfiles\MainHub.bsp
574 faces
156083 square feet [22475972.00 square inches]
0 Displacements
0 Square Feet [0.00 Square Inches]
574 patches before subdivision
11804 patches after subdivision
0 direct lights
0...1...2...3...4...5...6...7...8...9...100...1...2...3...4...5...6...7...8...9...10transfers 1463971, max 402
transfer lists:  11.2 megs
0...1...2...3...4...5...6...7...8...9...10	Bounce #1 added RGB(0, 0, 0)
Build Patch/Sample Hash Table(s).....Done<0.0058 sec>
0...1...2...3...4...5...6...7...8...9...10FinalLightFace Done
0 of 0 (0% of) surface lights went in leaf ambient cubes.
0...1...2...3...4...5...6...7...8...9...10Writing leaf ambient...done
Ready to Finish

Object names       Objects/Maxobjs  Memory / Maxmem  Fullness 
------------       ---------------  ---------------  -------- 
models                   1/1024           48/49152    ( 0.1%) 
brushes                129/8192         1548/98304    ( 1.6%) 
brushsides             822/65536        6576/524288   ( 1.3%) 
planes                 332/65536        6640/1310720  ( 0.5%) 
vertexes               834/65536       10008/786432   ( 1.3%) 
nodes                  256/65536        8192/2097152  ( 0.4%) 
texinfos               220/12288       15840/884736   ( 1.8%) 
texdata                 10/2048          320/65536    ( 0.5%) 
dispinfos                0/0               0/0        ( 0.0%) 
disp_verts               0/0               0/0        ( 0.0%) 
disp_tris                0/0               0/0        ( 0.0%) 
disp_lmsamples           0/0               0/0        ( 0.0%) 
faces                  574/65536       32144/3670016  ( 0.9%) 
hdr faces                0/65536           0/3670016  ( 0.0%) 
origfaces              379/65536       21224/3670016  ( 0.6%) 
leaves                 258/65536        8256/2097152  ( 0.4%) 
leaffaces              659/65536        1318/131072   ( 1.0%) 
leafbrushes            226/65536         452/131072   ( 0.3%) 
areas                    2/256            16/2048     ( 0.8%) 
surfedges             4256/512000      17024/2048000  ( 0.8%) 
edges                 2491/256000       9964/1024000  ( 1.0%) 
LDR worldlights          0/8192            0/720896   ( 0.0%) 
HDR worldlights          0/8192            0/720896   ( 0.0%) 
leafwaterdata            0/32768           0/393216   ( 0.0%) 
waterstrips             46/32768         460/327680   ( 0.1%) 
waterverts               0/65536           0/786432   ( 0.0%) 
waterindices           714/65536        1428/131072   ( 1.1%) 
cubemapsamples           0/1024            0/16384    ( 0.0%) 
overlays                 0/512             0/180224   ( 0.0%) 
LDR lightdata         [variable]      323708/0        ( 0.0%) 
HDR lightdata         [variable]           0/0        ( 0.0%) 
visdata               [variable]        5053/16777216 ( 0.0%) 
entdata               [variable]         335/393216   ( 0.1%) 
LDR ambient table      258/65536        1032/262144   ( 0.4%) 
HDR ambient table      258/65536        1032/262144   ( 0.4%) 
LDR leaf ambient       126/65536        3528/1835008  ( 0.2%) 
HDR leaf ambient       258/65536        7224/1835008  ( 0.4%) 
occluders                0/0               0/0        ( 0.0%) 
occluder polygons        0/0               0/0        ( 0.0%) 
occluder vert ind        0/0               0/0        ( 0.0%) 
detail props          [variable]           1/12       ( 8.3%) 
static props          [variable]           1/12       ( 8.3%) 
pakfile               [variable]      211820/0        ( 0.0%) 
physics               [variable]       45504/4194304  ( 1.1%) 
physics terrain       [variable]           2/1048576  ( 0.0%) 

Level flags = 0

Total triangle count: 1581
Writing c:\program files (x86)\steam\steamapps\sourcemods\kandidatprojektgame\vmfmapfiles\MainHub.bsp
4 seconds elapsed



materialPath: C:\Program Files (x86)\Steam\steamapps\sourcemods\KandidatProjektGame\materials
Loading C:\Program Files (x86)\Steam\SteamApps\sourcemods\KandidatProjektGame\VMFMapFiles\MainHub.vmf
Could not locate 'GameData' key in c:\program files (x86)\steam\steamapps\sourcemods\kandidatprojektgame\gameinfo.txt
fixing up env_cubemap materials on brush sides...
0...1...2...3...4...5...6...7...8...9...100...1...2...3...4...5...6...7...8...9...10Processing areas...done (0)
Building Faces...done (0)
Chop Details...done (0)
Find Visible Detail Sides...
Merged 22 detail faces...done (0)
Merging details...done (0)
FixTjuncs...
PruneNodes...
WriteBSP...
done (0)
writing C:\Program Files (x86)\Steam\SteamApps\sourcemods\KandidatProjektGame\VMFMapFiles\MainHub.prt...Building visibility clusters...
done (0)
Creating default LDR cubemaps for env_cubemap using skybox materials:
   skybox/sky_day01_01*.vmt
 ! Run buildcubemaps in the engine to get the correct cube maps.
Creating default HDR cubemaps for env_cubemap using skybox materials:
   skybox/sky_day01_01*.vmt
 ! Run buildcubemaps in the engine to get the correct cube maps.
Finding displacement neighbors...
Finding lightmap sample positions...
Displacement Alpha : 0...1...2...3...4...5...6...7...8...9...10
Building Physics collision data...
done (0) (45479 bytes)
Placing detail props : 0...1...2...3...4...5...6...7...8...9...10
Compacting texture/material tables...
Reduced 305 texinfos to 212
Reduced 2 texdatas to 2 (44 bytes to 44)
Writing C:\Program Files (x86)\Steam\SteamApps\sourcemods\KandidatProjektGame\VMFMapFiles\MainHub.bsp
0 seconds elapsed



4 threads
reading c:\program files (x86)\steam\steamapps\sourcemods\kandidatprojektgame\vmfmapfiles\MainHub.bsp
reading c:\program files (x86)\steam\steamapps\sourcemods\kandidatprojektgame\vmfmapfiles\MainHub.prt
 126 portalclusters
 454 numportals
0...1...2...3...4...5...6...7...8...9...100...1...2...3...4...5...6...7...8...9...10Optimized: 8 visible clusters (0.06%)
Total clusters visible: 13156
Average clusters visible: 104
Building PAS...
Average clusters audible: 126
visdatasize:5053  compressed from 4032
writing c:\program files (x86)\steam\steamapps\sourcemods\kandidatprojektgame\vmfmapfiles\MainHub.bsp
1 second elapsed



[Reading texlights from 'lights.rad']
[48 texlights parsed from 'lights.rad']

Loading c:\program files (x86)\steam\steamapps\sourcemods\kandidatprojektgame\vmfmapfiles\MainHub.bsp
536 faces
156083 square feet [22475972.00 square inches]
0 Displacements
0 Square Feet [0.00 Square Inches]
536 patches before subdivision
8464 patches after subdivision
0 direct lights
0...1...2...3...4...5...6...7...8...9...100...1...2...3...4...5...6...7...8...9...10transfers 760904, max 340
transfer lists:   5.8 megs
0...1...2...3...4...5...6...7...8...9...10	Bounce #1 added RGB(0, 0, 0)
Build Patch/Sample Hash Table(s).....Done<0.0033 sec>
0...1...2...3...4...5...6...7...8...9...10FinalLightFace Done
0 of 0 (0% of) surface lights went in leaf ambient cubes.
0...1...2...3...4...5...6...7...8...9...10Writing leaf ambient...done
Ready to Finish

Object names       Objects/Maxobjs  Memory / Maxmem  Fullness 
------------       ---------------  ---------------  -------- 
models                   1/1024           48/49152    ( 0.1%) 
brushes                129/8192         1548/98304    ( 1.6%) 
brushsides             822/65536        6576/524288   ( 1.3%) 
planes                 332/65536        6640/1310720  ( 0.5%) 
vertexes               787/65536        9444/786432   ( 1.2%) 
nodes                  256/65536        8192/2097152  ( 0.4%) 
texinfos               212/12288       15264/884736   ( 1.7%) 
texdata                  2/2048           64/65536    ( 0.1%) 
dispinfos                0/0               0/0        ( 0.0%) 
disp_verts               0/0               0/0        ( 0.0%) 
disp_tris                0/0               0/0        ( 0.0%) 
disp_lmsamples           0/0               0/0        ( 0.0%) 
faces                  536/65536       30016/3670016  ( 0.8%) 
hdr faces                0/65536           0/3670016  ( 0.0%) 
origfaces              379/65536       21224/3670016  ( 0.6%) 
leaves                 258/65536        8256/2097152  ( 0.4%) 
leaffaces              597/65536        1194/131072   ( 0.9%) 
leafbrushes            226/65536         452/131072   ( 0.3%) 
areas                    2/256            16/2048     ( 0.8%) 
surfedges             4086/512000      16344/2048000  ( 0.8%) 
edges                 2406/256000       9624/1024000  ( 0.9%) 
LDR worldlights          0/8192            0/720896   ( 0.0%) 
HDR worldlights          0/8192            0/720896   ( 0.0%) 
leafwaterdata            0/32768           0/393216   ( 0.0%) 
waterstrips             40/32768         400/327680   ( 0.1%) 
waterverts               0/65536           0/786432   ( 0.0%) 
waterindices           606/65536        1212/131072   ( 0.9%) 
cubemapsamples           0/1024            0/16384    ( 0.0%) 
overlays                 0/512             0/180224   ( 0.0%) 
LDR lightdata         [variable]      180356/0        ( 0.0%) 
HDR lightdata         [variable]           0/0        ( 0.0%) 
visdata               [variable]        5053/16777216 ( 0.0%) 
entdata               [variable]         336/393216   ( 0.1%) 
LDR ambient table      258/65536        1032/262144   ( 0.4%) 
HDR ambient table      258/65536        1032/262144   ( 0.4%) 
LDR leaf ambient       126/65536        3528/1835008  ( 0.2%) 
HDR leaf ambient       258/65536        7224/1835008  ( 0.4%) 
occluders                0/0               0/0        ( 0.0%) 
occluder polygons        0/0               0/0        ( 0.0%) 
occluder vert ind        0/0               0/0        ( 0.0%) 
detail props          [variable]           1/12       ( 8.3%) 
static props          [variable]           1/12       ( 8.3%) 
pakfile               [variable]      105659/0        ( 0.0%) 
physics               [variable]       45479/4194304  ( 1.1%) 
physics terrain       [variable]           2/1048576  ( 0.0%) 

Level flags = 0

Total triangle count: 1487
Writing c:\program files (x86)\steam\steamapps\sourcemods\kandidatprojektgame\vmfmapfiles\MainHub.bsp
4 seconds elapsed



materialPath: C:\Program Files (x86)\Steam\steamapps\sourcemods\KandidatProjektGame\materials
Loading C:\Program Files (x86)\Steam\SteamApps\sourcemods\KandidatProjektGame\VMFMapFiles\MainHub.vmf
Could not locate 'GameData' key in c:\program files (x86)\steam\steamapps\sourcemods\kandidatprojektgame\gameinfo.txt
fixing up env_cubemap materials on brush sides...
0...1...2...3...4...5...6...7...8...9...100...1...2...3...4...5...6...7...8...9...10Processing areas...done (0)
Building Faces...done (0)
Chop Details...done (0)
Find Visible Detail Sides...
Merged 22 detail faces...done (0)
Merging details...done (0)
FixTjuncs...
PruneNodes...
WriteBSP...
done (0)
writing C:\Program Files (x86)\Steam\SteamApps\sourcemods\KandidatProjektGame\VMFMapFiles\MainHub.prt...Building visibility clusters...
done (0)
Creating default LDR cubemaps for env_cubemap using skybox materials:
   skybox/sky_day01_01*.vmt
 ! Run buildcubemaps in the engine to get the correct cube maps.
Creating default HDR cubemaps for env_cubemap using skybox materials:
   skybox/sky_day01_01*.vmt
 ! Run buildcubemaps in the engine to get the correct cube maps.
Finding displacement neighbors...
Finding lightmap sample positions...
Displacement Alpha : 0...1...2...3...4...5...6...7...8...9...10
Building Physics collision data...
done (0) (45479 bytes)
Placing detail props : 0...1...2...3...4...5...6...7...8...9...10
Compacting texture/material tables...
Reduced 305 texinfos to 212
Reduced 2 texdatas to 2 (44 bytes to 44)
Writing C:\Program Files (x86)\Steam\SteamApps\sourcemods\KandidatProjektGame\VMFMapFiles\MainHub.bsp
0 seconds elapsed



4 threads
reading c:\program files (x86)\steam\steamapps\sourcemods\kandidatprojektgame\vmfmapfiles\MainHub.bsp
reading c:\program files (x86)\steam\steamapps\sourcemods\kandidatprojektgame\vmfmapfiles\MainHub.prt
 126 portalclusters
 454 numportals
0...1...2...3...4...5...6...7...8...9...100...1...2...3...4...5...6...7...8...9...10Optimized: 8 visible clusters (0.06%)
Total clusters visible: 13156
Average clusters visible: 104
Building PAS...
Average clusters audible: 126
visdatasize:5053  compressed from 4032
writing c:\program files (x86)\steam\steamapps\sourcemods\kandidatprojektgame\vmfmapfiles\MainHub.bsp
1 second elapsed



[Reading texlights from 'lights.rad']
[48 texlights parsed from 'lights.rad']

Loading c:\program files (x86)\steam\steamapps\sourcemods\kandidatprojektgame\vmfmapfiles\MainHub.bsp
536 faces
156083 square feet [22475972.00 square inches]
0 Displacements
0 Square Feet [0.00 Square Inches]
536 patches before subdivision
8464 patches after subdivision
1 direct lights
0...1...2...3...4...5...6...7...8...9...100...1...2...3...4...5...6...7...8...9...10transfers 760904, max 340
transfer lists:   5.8 megs
0...1...2...3...4...5...6...7...8...9...10	Bounce #1 added RGB(97, 95, 95)
0...1...2...3...4...5...6...7...8...9...10	Bounce #2 added RGB(5, 5, 5)
0...1...2...3...4...5...6...7...8...9...10	Bounce #3 added RGB(0, 0, 0)
Build Patch/Sample Hash Table(s).....Done<0.0033 sec>
0...1...2...3...4...5...6...7...8...9...10FinalLightFace Done
0 of 0 (0% of) surface lights went in leaf ambient cubes.
0...1...2...3...4...5...6...7...8...9...10Writing leaf ambient...done
Ready to Finish

Object names       Objects/Maxobjs  Memory / Maxmem  Fullness 
------------       ---------------  ---------------  -------- 
models                   1/1024           48/49152    ( 0.1%) 
brushes                129/8192         1548/98304    ( 1.6%) 
brushsides             822/65536        6576/524288   ( 1.3%) 
planes                 332/65536        6640/1310720  ( 0.5%) 
vertexes               787/65536        9444/786432   ( 1.2%) 
nodes                  256/65536        8192/2097152  ( 0.4%) 
texinfos               212/12288       15264/884736   ( 1.7%) 
texdata                  2/2048           64/65536    ( 0.1%) 
dispinfos                0/0               0/0        ( 0.0%) 
disp_verts               0/0               0/0        ( 0.0%) 
disp_tris                0/0               0/0        ( 0.0%) 
disp_lmsamples           0/0               0/0        ( 0.0%) 
faces                  536/65536       30016/3670016  ( 0.8%) 
hdr faces                0/65536           0/3670016  ( 0.0%) 
origfaces              379/65536       21224/3670016  ( 0.6%) 
leaves                 258/65536        8256/2097152  ( 0.4%) 
leaffaces              597/65536        1194/131072   ( 0.9%) 
leafbrushes            226/65536         452/131072   ( 0.3%) 
areas                    2/256            16/2048     ( 0.8%) 
surfedges             4086/512000      16344/2048000  ( 0.8%) 
edges                 2406/256000       9624/1024000  ( 0.9%) 
LDR worldlights          1/8192           88/720896   ( 0.0%) 
HDR worldlights          0/8192            0/720896   ( 0.0%) 
leafwaterdata            0/32768           0/393216   ( 0.0%) 
waterstrips             40/32768         400/327680   ( 0.1%) 
waterverts               0/65536           0/786432   ( 0.0%) 
waterindices           606/65536        1212/131072   ( 0.9%) 
cubemapsamples           0/1024            0/16384    ( 0.0%) 
overlays                 0/512             0/180224   ( 0.0%) 
LDR lightdata         [variable]      180356/0        ( 0.0%) 
HDR lightdata         [variable]           0/0        ( 0.0%) 
visdata               [variable]        5053/16777216 ( 0.0%) 
entdata               [variable]         536/393216   ( 0.1%) 
LDR ambient table      258/65536        1032/262144   ( 0.4%) 
HDR ambient table      258/65536        1032/262144   ( 0.4%) 
LDR leaf ambient       157/65536        4396/1835008  ( 0.2%) 
HDR leaf ambient       258/65536        7224/1835008  ( 0.4%) 
occluders                0/0               0/0        ( 0.0%) 
occluder polygons        0/0               0/0        ( 0.0%) 
occluder vert ind        0/0               0/0        ( 0.0%) 
detail props          [variable]           1/12       ( 8.3%) 
static props          [variable]           1/12       ( 8.3%) 
pakfile               [variable]      105659/0        ( 0.0%) 
physics               [variable]       45479/4194304  ( 1.1%) 
physics terrain       [variable]           2/1048576  ( 0.0%) 

Level flags = 0

Total triangle count: 1487
Writing c:\program files (x86)\steam\steamapps\sourcemods\kandidatprojektgame\vmfmapfiles\MainHub.bsp
3 seconds elapsed



materialPath: C:\Program Files (x86)\Steam\steamapps\sourcemods\KandidatProjektGame\materials
Loading C:\Program Files (x86)\Steam\SteamApps\sourcemods\KandidatProjektGame\VMFMapFiles\MainHub.vmf
Could not locate 'GameData' key in c:\program files (x86)\steam\steamapps\sourcemods\kandidatprojektgame\gameinfo.txt
fixing up env_cubemap materials on brush sides...
0...1...2...3...4...5...6...7...8...9...100...1...2...3...4...5...6...7...8...9...10Processing areas...done (0)
Building Faces...done (0)
Chop Details...done (0)
Find Visible Detail Sides...
Merged 22 detail faces...done (0)
Merging details...done (0)
FixTjuncs...
PruneNodes...
WriteBSP...
done (0)
writing C:\Program Files (x86)\Steam\SteamApps\sourcemods\KandidatProjektGame\VMFMapFiles\MainHub.prt...Building visibility clusters...
done (0)
Creating default LDR cubemaps for env_cubemap using skybox materials:
   skybox/sky_day01_01*.vmt
 ! Run buildcubemaps in the engine to get the correct cube maps.
Creating default HDR cubemaps for env_cubemap using skybox materials:
   skybox/sky_day01_01*.vmt
 ! Run buildcubemaps in the engine to get the correct cube maps.
Finding displacement neighbors...
Finding lightmap sample positions...
Displacement Alpha : 0...1...2...3...4...5...6...7...8...9...10
Building Physics collision data...
done (0) (45479 bytes)
Placing detail props : 0...1...2...3...4...5...6...7...8...9...10
Compacting texture/material tables...
Reduced 305 texinfos to 212
Reduced 2 texdatas to 2 (44 bytes to 44)
Writing C:\Program Files (x86)\Steam\SteamApps\sourcemods\KandidatProjektGame\VMFMapFiles\MainHub.bsp
0 seconds elapsed



4 threads
reading c:\program files (x86)\steam\steamapps\sourcemods\kandidatprojektgame\vmfmapfiles\MainHub.bsp
reading c:\program files (x86)\steam\steamapps\sourcemods\kandidatprojektgame\vmfmapfiles\MainHub.prt
 126 portalclusters
 454 numportals
0...1...2...3...4...5...6...7...8...9...100...1...2...3...4...5...6...7...8...9...10Optimized: 8 visible clusters (0.06%)
Total clusters visible: 13156
Average clusters visible: 104
Building PAS...
Average clusters audible: 126
visdatasize:5053  compressed from 4032
writing c:\program files (x86)\steam\steamapps\sourcemods\kandidatprojektgame\vmfmapfiles\MainHub.bsp
1 second elapsed



[Reading texlights from 'lights.rad']
[48 texlights parsed from 'lights.rad']

Loading c:\program files (x86)\steam\steamapps\sourcemods\kandidatprojektgame\vmfmapfiles\MainHub.bsp
536 faces
156083 square feet [22475972.00 square inches]
0 Displacements
0 Square Feet [0.00 Square Inches]
536 patches before subdivision
8464 patches after subdivision
1 direct lights
0...1...2...3...4...5...6...7...8...9...100...1...2...3...4...5...6...7...8...9...10transfers 760904, max 340
transfer lists:   5.8 megs
0...1...2...3...4...5...6...7...8...9...10	Bounce #1 added RGB(692, 659, 441)
0...1...2...3...4...5...6...7...8...9...10	Bounce #2 added RGB(38, 36, 24)
0...1...2...3...4...5...6...7...8...9...10	Bounce #3 added RGB(2, 2, 1)
0...1...2...3...4...5...6...7...8...9...10	Bounce #4 added RGB(0, 0, 0)
Build Patch/Sample Hash Table(s).....Done<0.0033 sec>
0...1...2...3...4...5...6...7...8...9...10FinalLightFace Done
0 of 0 (0% of) surface lights went in leaf ambient cubes.
0...1...2...3...4...5...6...7...8...9...10Writing leaf ambient...done
Ready to Finish

Object names       Objects/Maxobjs  Memory / Maxmem  Fullness 
------------       ---------------  ---------------  -------- 
models                   1/1024           48/49152    ( 0.1%) 
brushes                129/8192         1548/98304    ( 1.6%) 
brushsides             822/65536        6576/524288   ( 1.3%) 
planes                 332/65536        6640/1310720  ( 0.5%) 
vertexes               787/65536        9444/786432   ( 1.2%) 
nodes                  256/65536        8192/2097152  ( 0.4%) 
texinfos               212/12288       15264/884736   ( 1.7%) 
texdata                  2/2048           64/65536    ( 0.1%) 
dispinfos                0/0               0/0        ( 0.0%) 
disp_verts               0/0               0/0        ( 0.0%) 
disp_tris                0/0               0/0        ( 0.0%) 
disp_lmsamples           0/0               0/0        ( 0.0%) 
faces                  536/65536       30016/3670016  ( 0.8%) 
hdr faces                0/65536           0/3670016  ( 0.0%) 
origfaces              379/65536       21224/3670016  ( 0.6%) 
leaves                 258/65536        8256/2097152  ( 0.4%) 
leaffaces              597/65536        1194/131072   ( 0.9%) 
leafbrushes            226/65536         452/131072   ( 0.3%) 
areas                    2/256            16/2048     ( 0.8%) 
surfedges             4086/512000      16344/2048000  ( 0.8%) 
edges                 2406/256000       9624/1024000  ( 0.9%) 
LDR worldlights          1/8192           88/720896   ( 0.0%) 
HDR worldlights          0/8192            0/720896   ( 0.0%) 
leafwaterdata            0/32768           0/393216   ( 0.0%) 
waterstrips             40/32768         400/327680   ( 0.1%) 
waterverts               0/65536           0/786432   ( 0.0%) 
waterindices           606/65536        1212/131072   ( 0.9%) 
cubemapsamples           0/1024            0/16384    ( 0.0%) 
overlays                 0/512             0/180224   ( 0.0%) 
LDR lightdata         [variable]      180356/0        ( 0.0%) 
HDR lightdata         [variable]           0/0        ( 0.0%) 
visdata               [variable]        5053/16777216 ( 0.0%) 
entdata               [variable]         533/393216   ( 0.1%) 
LDR ambient table      258/65536        1032/262144   ( 0.4%) 
HDR ambient table      258/65536        1032/262144   ( 0.4%) 
LDR leaf ambient       717/65536       20076/1835008  ( 1.1%) 
HDR leaf ambient       258/65536        7224/1835008  ( 0.4%) 
occluders                0/0               0/0        ( 0.0%) 
occluder polygons        0/0               0/0        ( 0.0%) 
occluder vert ind        0/0               0/0        ( 0.0%) 
detail props          [variable]           1/12       ( 8.3%) 
static props          [variable]           1/12       ( 8.3%) 
pakfile               [variable]      105659/0        ( 0.0%) 
physics               [variable]       45479/4194304  ( 1.1%) 
physics terrain       [variable]           2/1048576  ( 0.0%) 

Level flags = 0

Total triangle count: 1487
Writing c:\program files (x86)\steam\steamapps\sourcemods\kandidatprojektgame\vmfmapfiles\MainHub.bsp
4 seconds elapsed



materialPath: C:\Program Files (x86)\Steam\steamapps\sourcemods\KandidatProjektGame\materials
Loading C:\Program Files (x86)\Steam\SteamApps\sourcemods\KandidatProjektGame\VMFMapFiles\MainHub.vmf
Could not locate 'GameData' key in c:\program files (x86)\steam\steamapps\sourcemods\kandidatprojektgame\gameinfo.txt
fixing up env_cubemap materials on brush sides...
0...1...2...3...4...5...6...7...8...9...100...1...2...3...4...5...6...7...8...9...10Processing areas...done (0)
Building Faces...done (0)
Chop Details...done (0)
Find Visible Detail Sides...
Merged 22 detail faces...done (0)
Merging details...done (0)
FixTjuncs...
PruneNodes...
WriteBSP...
done (0)
writing C:\Program Files (x86)\Steam\SteamApps\sourcemods\KandidatProjektGame\VMFMapFiles\MainHub.prt...Building visibility clusters...
done (0)
Creating default LDR cubemaps for env_cubemap using skybox materials:
   skybox/sky_day01_01*.vmt
 ! Run buildcubemaps in the engine to get the correct cube maps.
Creating default HDR cubemaps for env_cubemap using skybox materials:
   skybox/sky_day01_01*.vmt
 ! Run buildcubemaps in the engine to get the correct cube maps.
Finding displacement neighbors...
Finding lightmap sample positions...
Displacement Alpha : 0...1...2...3...4...5...6...7...8...9...10
Building Physics collision data...
done (0) (45479 bytes)
Placing detail props : 0...1...2...3...4...5...6...7...8...9...10
Compacting texture/material tables...
Reduced 305 texinfos to 212
Reduced 2 texdatas to 2 (44 bytes to 44)
Writing C:\Program Files (x86)\Steam\SteamApps\sourcemods\KandidatProjektGame\VMFMapFiles\MainHub.bsp
0 seconds elapsed



4 threads
reading c:\program files (x86)\steam\steamapps\sourcemods\kandidatprojektgame\vmfmapfiles\MainHub.bsp
reading c:\program files (x86)\steam\steamapps\sourcemods\kandidatprojektgame\vmfmapfiles\MainHub.prt
 126 portalclusters
 454 numportals
0...1...2...3...4...5...6...7...8...9...100...1...2...3...4...5...6...7...8...9...10Optimized: 8 visible clusters (0.06%)
Total clusters visible: 13156
Average clusters visible: 104
Building PAS...
Average clusters audible: 126
visdatasize:5053  compressed from 4032
writing c:\program files (x86)\steam\steamapps\sourcemods\kandidatprojektgame\vmfmapfiles\MainHub.bsp
1 second elapsed



[Reading texlights from 'lights.rad']
[48 texlights parsed from 'lights.rad']

Loading c:\program files (x86)\steam\steamapps\sourcemods\kandidatprojektgame\vmfmapfiles\MainHub.bsp
536 faces
156083 square feet [22475972.00 square inches]
0 Displacements
0 Square Feet [0.00 Square Inches]
536 patches before subdivision
8464 patches after subdivision
1 direct lights
0...1...2...3...4...5...6...7...8...9...100...1...2...3...4...5...6...7...8...9...10transfers 760904, max 340
transfer lists:   5.8 megs
0...1...2...3...4...5...6...7...8...9...10	Bounce #1 added RGB(101149, 96273, 64463)
0...1...2...3...4...5...6...7...8...9...10	Bounce #2 added RGB(5778, 5372, 3597)
0...1...2...3...4...5...6...7...8...9...10	Bounce #3 added RGB(346, 314, 211)
0...1...2...3...4...5...6...7...8...9...10	Bounce #4 added RGB(21, 19, 12)
0...1...2...3...4...5...6...7...8...9...10	Bounce #5 added RGB(1, 1, 1)
0...1...2...3...4...5...6...7...8...9...10	Bounce #6 added RGB(0, 0, 0)
Build Patch/Sample Hash Table(s).....Done<0.0033 sec>
0...1...2...3...4...5...6...7...8...9...10FinalLightFace Done
0 of 0 (0% of) surface lights went in leaf ambient cubes.
0...1...2...3...4...5...6...7...8...9...10Writing leaf ambient...done
Ready to Finish

Object names       Objects/Maxobjs  Memory / Maxmem  Fullness 
------------       ---------------  ---------------  -------- 
models                   1/1024           48/49152    ( 0.1%) 
brushes                129/8192         1548/98304    ( 1.6%) 
brushsides             822/65536        6576/524288   ( 1.3%) 
planes                 332/65536        6640/1310720  ( 0.5%) 
vertexes               787/65536        9444/786432   ( 1.2%) 
nodes                  256/65536        8192/2097152  ( 0.4%) 
texinfos               212/12288       15264/884736   ( 1.7%) 
texdata                  2/2048           64/65536    ( 0.1%) 
dispinfos                0/0               0/0        ( 0.0%) 
disp_verts               0/0               0/0        ( 0.0%) 
disp_tris                0/0               0/0        ( 0.0%) 
disp_lmsamples           0/0               0/0        ( 0.0%) 
faces                  536/65536       30016/3670016  ( 0.8%) 
hdr faces                0/65536           0/3670016  ( 0.0%) 
origfaces              379/65536       21224/3670016  ( 0.6%) 
leaves                 258/65536        8256/2097152  ( 0.4%) 
leaffaces              597/65536        1194/131072   ( 0.9%) 
leafbrushes            226/65536         452/131072   ( 0.3%) 
areas                    2/256            16/2048     ( 0.8%) 
surfedges             4086/512000      16344/2048000  ( 0.8%) 
edges                 2406/256000       9624/1024000  ( 0.9%) 
LDR worldlights          1/8192           88/720896   ( 0.0%) 
HDR worldlights          0/8192            0/720896   ( 0.0%) 
leafwaterdata            0/32768           0/393216   ( 0.0%) 
waterstrips             40/32768         400/327680   ( 0.1%) 
waterverts               0/65536           0/786432   ( 0.0%) 
waterindices           606/65536        1212/131072   ( 0.9%) 
cubemapsamples           0/1024            0/16384    ( 0.0%) 
overlays                 0/512             0/180224   ( 0.0%) 
LDR lightdata         [variable]      180356/0        ( 0.0%) 
HDR lightdata         [variable]           0/0        ( 0.0%) 
visdata               [variable]        5053/16777216 ( 0.0%) 
entdata               [variable]         533/393216   ( 0.1%) 
LDR ambient table      258/65536        1032/262144   ( 0.4%) 
HDR ambient table      258/65536        1032/262144   ( 0.4%) 
LDR leaf ambient      1176/65536       32928/1835008  ( 1.8%) 
HDR leaf ambient       258/65536        7224/1835008  ( 0.4%) 
occluders                0/0               0/0        ( 0.0%) 
occluder polygons        0/0               0/0        ( 0.0%) 
occluder vert ind        0/0               0/0        ( 0.0%) 
detail props          [variable]           1/12       ( 8.3%) 
static props          [variable]           1/12       ( 8.3%) 
pakfile               [variable]      105659/0        ( 0.0%) 
physics               [variable]       45479/4194304  ( 1.1%) 
physics terrain       [variable]           2/1048576  ( 0.0%) 

Level flags = 0

Total triangle count: 1487
Writing c:\program files (x86)\steam\steamapps\sourcemods\kandidatprojektgame\vmfmapfiles\MainHub.bsp
3 seconds elapsed



materialPath: C:\Program Files (x86)\Steam\steamapps\sourcemods\KandidatProjektGame\materials
Loading C:\Program Files (x86)\Steam\SteamApps\sourcemods\KandidatProjektGame\VMFMapFiles\MainHub.vmf
Could not locate 'GameData' key in c:\program files (x86)\steam\steamapps\sourcemods\kandidatprojektgame\gameinfo.txt
fixing up env_cubemap materials on brush sides...
0...1...2...3...4...5...6...7...8...9...100...1...2...3...4...5...6...7...8...9...10Processing areas...done (0)
Building Faces...done (0)
Chop Details...done (0)
Find Visible Detail Sides...
Merged 22 detail faces...done (0)
Merging details...done (0)
FixTjuncs...
PruneNodes...
WriteBSP...
done (0)
writing C:\Program Files (x86)\Steam\SteamApps\sourcemods\KandidatProjektGame\VMFMapFiles\MainHub.prt...Building visibility clusters...
done (0)
Creating default LDR cubemaps for env_cubemap using skybox materials:
   skybox/sky_day01_01*.vmt
 ! Run buildcubemaps in the engine to get the correct cube maps.
Creating default HDR cubemaps for env_cubemap using skybox materials:
   skybox/sky_day01_01*.vmt
 ! Run buildcubemaps in the engine to get the correct cube maps.
Finding displacement neighbors...
Finding lightmap sample positions...
Displacement Alpha : 0...1...2...3...4...5...6...7...8...9...10
Building Physics collision data...
done (0) (54704 bytes)
Error! To use model "models/props_building_details/building_tem002_window01_bars.mdl"
      with prop_static, it must be compiled with $staticprop!
Error loading studio model "models/props_building_details/building_tem002_window01_bars.mdl"!
Placing detail props : 0...1...2...3...4...5...6...7...8...9...10
Compacting texture/material tables...
Reduced 371 texinfos to 252
Reduced 6 texdatas to 6 (151 bytes to 151)
Writing C:\Program Files (x86)\Steam\SteamApps\sourcemods\KandidatProjektGame\VMFMapFiles\MainHub.bsp
0 seconds elapsed



4 threads
reading c:\program files (x86)\steam\steamapps\sourcemods\kandidatprojektgame\vmfmapfiles\MainHub.bsp
reading c:\program files (x86)\steam\steamapps\sourcemods\kandidatprojektgame\vmfmapfiles\MainHub.prt
 144 portalclusters
 457 numportals
0...1...2...3...4...5...6...7...8...9...100...1...2...3...4...5...6...7...8...9...10Optimized: 22 visible clusters (0.14%)
Total clusters visible: 16212
Average clusters visible: 112
Building PAS...
Average clusters audible: 144
visdatasize:6384  compressed from 6912
writing c:\program files (x86)\steam\steamapps\sourcemods\kandidatprojektgame\vmfmapfiles\MainHub.bsp
0 seconds elapsed



[Reading texlights from 'lights.rad']
[48 texlights parsed from 'lights.rad']

Loading c:\program files (x86)\steam\steamapps\sourcemods\kandidatprojektgame\vmfmapfiles\MainHub.bsp
657 faces
156554 square feet [22543866.00 square inches]
0 Displacements
0 Square Feet [0.00 Square Inches]
657 patches before subdivision
8885 patches after subdivision
1 direct lights
0...1...2...3...4...5...6...7...8...9...100...1...2...3...4...5...6...7...8...9...10transfers 901192, max 377
transfer lists:   6.9 megs
0...1...2...3...4...5...6...7...8...9...10	Bounce #1 added RGB(117145, 105802, 69227)
0...1...2...3...4...5...6...7...8...9...10	Bounce #2 added RGB(8035, 6207, 3876)
0...1...2...3...4...5...6...7...8...9...10	Bounce #3 added RGB(725, 405, 236)
0...1...2...3...4...5...6...7...8...9...10	Bounce #4 added RGB(81, 28, 15)
0...1...2...3...4...5...6...7...8...9...10	Bounce #5 added RGB(12, 2, 1)
0...1...2...3...4...5...6...7...8...9...10	Bounce #6 added RGB(2, 0, 0)
0...1...2...3...4...5...6...7...8...9...10	Bounce #7 added RGB(0, 0, 0)
Build Patch/Sample Hash Table(s).....Done<0.0035 sec>
0...1...2...3...4...5...6...7...8...9...10FinalLightFace Done
0 of 0 (0% of) surface lights went in leaf ambient cubes.
0...1...2...3...4...5...6...7...8...9...10Writing leaf ambient...done
Ready to Finish

Object names       Objects/Maxobjs  Memory / Maxmem  Fullness 
------------       ---------------  ---------------  -------- 
models                   1/1024           48/49152    ( 0.1%) 
brushes                155/8192         1860/98304    ( 1.9%) 
brushsides             978/65536        7824/524288   ( 1.5%) 
planes                 380/65536        7600/1310720  ( 0.6%) 
vertexes               949/65536       11388/786432   ( 1.4%) 
nodes                  302/65536        9664/2097152  ( 0.5%) 
texinfos               252/12288       18144/884736   ( 2.1%) 
texdata                  6/2048          192/65536    ( 0.3%) 
dispinfos                0/0               0/0        ( 0.0%) 
disp_verts               0/0               0/0        ( 0.0%) 
disp_tris                0/0               0/0        ( 0.0%) 
disp_lmsamples           0/0               0/0        ( 0.0%) 
faces                  657/65536       36792/3670016  ( 1.0%) 
hdr faces                0/65536           0/3670016  ( 0.0%) 
origfaces              472/65536       26432/3670016  ( 0.7%) 
leaves                 304/65536        9728/2097152  ( 0.5%) 
leaffaces              739/65536        1478/131072   ( 1.1%) 
leafbrushes            264/65536         528/131072   ( 0.4%) 
areas                    2/256            16/2048     ( 0.8%) 
surfedges             5054/512000      20216/2048000  ( 1.0%) 
edges                 2966/256000      11864/1024000  ( 1.2%) 
LDR worldlights          1/8192           88/720896   ( 0.0%) 
HDR worldlights          0/8192            0/720896   ( 0.0%) 
leafwaterdata            0/32768           0/393216   ( 0.0%) 
waterstrips             48/32768         480/327680   ( 0.1%) 
waterverts               0/65536           0/786432   ( 0.0%) 
waterindices           801/65536        1602/131072   ( 1.2%) 
cubemapsamples           0/1024            0/16384    ( 0.0%) 
overlays                 0/512             0/180224   ( 0.0%) 
LDR lightdata         [variable]      195100/0        ( 0.0%) 
HDR lightdata         [variable]           0/0        ( 0.0%) 
visdata               [variable]        6384/16777216 ( 0.0%) 
entdata               [variable]         533/393216   ( 0.1%) 
LDR ambient table      304/65536        1216/262144   ( 0.5%) 
HDR ambient table      304/65536        1216/262144   ( 0.5%) 
LDR leaf ambient      1163/65536       32564/1835008  ( 1.8%) 
HDR leaf ambient       304/65536        8512/1835008  ( 0.5%) 
occluders                0/0               0/0        ( 0.0%) 
occluder polygons        0/0               0/0        ( 0.0%) 
occluder vert ind        0/0               0/0        ( 0.0%) 
detail props          [variable]           1/12       ( 8.3%) 
static props          [variable]           1/298      ( 0.3%) 
pakfile               [variable]      105659/0        ( 0.0%) 
physics               [variable]       54704/4194304  ( 1.3%) 
physics terrain       [variable]           2/1048576  ( 0.0%) 

Level flags = 0

Total triangle count: 1841
Writing c:\program files (x86)\steam\steamapps\sourcemods\kandidatprojektgame\vmfmapfiles\MainHub.bsp
4 seconds elapsed
