PRT1
377
1096
4 0 113 (448 0 880 ) (448 0 -32 ) (1008 0 -32 ) (1008 0 880 ) 
4 0 3 (448 1024 880 ) (448 1024 -32 ) (448 0 -32 ) (448 0 880 ) 
4 0 2 (448 944 -32 ) (448 1024 -32 ) (832 1024 -32 ) (832 944 -32 ) 
4 0 1 (832 1024 -32 ) (1008 1024 -32 ) (1008 0 -32 ) (832 0 -32 ) 
4 1 114 (832 0 -448 ) (1008 0 -448 ) (1008 0 -32 ) (832 0 -32 ) 
4 1 2 (832 1024 -448 ) (832 944 -448 ) (832 944 -32 ) (832 1024 -32 ) 
4 2 4 (448 1024 -440 ) (448 1024 -448 ) (448 944 -448 ) (448 944 -440 ) 
4 2 3 (448 1024 -32 ) (448 1024 -440 ) (448 944 -440 ) (448 944 -32 ) 
4 3 116 (0 0 880 ) (0 0 -440 ) (448 0 -440 ) (448 0 880 ) 
4 3 103 (0 0 -440 ) (0 0 -272 ) (0 544 -272 ) (0 544 -440 ) 
4 3 102 (0 544 -272 ) (0 1024 -272 ) (0 1024 -440 ) (0 544 -440 ) 
4 3 8 (0 0 -272 ) (0 0 -144 ) (0 1024 -144 ) (0 1024 -272 ) 
4 3 6 (0 0 -144 ) (0 0 -128 ) (0 1024 -128 ) (0 1024 -144 ) 
4 3 5 (0 0 -128 ) (0 0 880 ) (0 1024 880 ) (0 1024 -128 ) 
4 3 4 (0 544 -440 ) (0 1024 -440 ) (448 1024 -440 ) (448 544 -440 ) 
4 4 102 (0 544 -440 ) (0 1024 -440 ) (0 1024 -448 ) (0 544 -448 ) 
4 5 119 (0 0 -128 ) (0 0 880 ) (-1024 0 880 ) (-1024 0 -128 ) 
4 5 112 (-1024 0 -128 ) (-1024 0 880 ) (-1024 1024 880 ) (-1024 1024 -128 ) 
4 5 7 (-1024 736 -128 ) (-1024 1024 -128 ) (-256 1024 -128 ) (-256 736 -128 ) 
4 5 6 (0 0 -128 ) (-256 0 -128 ) (-256 1024 -128 ) (0 1024 -128 ) 
4 6 123 (0 0 -144 ) (0 0 -128 ) (-256 0 -128 ) (-256 0 -144 ) 
4 6 8 (-256 1024 -144 ) (0 1024 -144 ) (0 0 -144 ) (-256 0 -144 ) 
4 6 7 (-256 1024 -144 ) (-256 736 -144 ) (-256 736 -128 ) (-256 1024 -128 ) 
4 7 112 (-1024 736 -128 ) (-1024 1024 -128 ) (-1024 1024 -144 ) (-1024 736 -144 ) 
4 7 55 (-392 736 -144 ) (-720 736 -144 ) (-720 792 -144 ) (-392 792 -144 ) 
4 7 56 (-728 736 -144 ) (-1016 736 -144 ) (-1016 792 -144 ) (-728 792 -144 ) 
4 7 53 (-912 1024 -144 ) (-376 1024 -144 ) (-376 904 -144 ) (-912 904 -144 ) 
4 7 54 (-1024 1024 -144 ) (-912 1024 -144 ) (-912 840 -144 ) (-1024 840 -144 ) 
3 7 20 (-320 904 -144 ) (-320 840 -144 ) (-376 904 -144 ) 
4 7 19 (-376 1024 -144 ) (-320 1024 -144 ) (-320 904 -144 ) (-376 904 -144 ) 
4 7 18 (-320 1024 -144 ) (-264 1024 -144 ) (-264 736 -144 ) (-320 736 -144 ) 
4 7 9 (-264 1024 -144 ) (-256 1024 -144 ) (-256 736 -144 ) (-264 736 -144 ) 
4 8 127 (0 0 -272 ) (0 0 -144 ) (-256 0 -144 ) (-256 0 -272 ) 
4 8 104 (-192 0 -272 ) (-256 0 -272 ) (-256 1024 -272 ) (-192 1024 -272 ) 
4 8 103 (0 0 -272 ) (-192 0 -272 ) (-192 544 -272 ) (0 544 -272 ) 
4 8 102 (-192 544 -272 ) (-192 1024 -272 ) (0 1024 -272 ) (0 544 -272 ) 
4 8 17 (-256 56 -240 ) (-256 56 -168 ) (-256 96 -168 ) (-256 96 -240 ) 
4 8 16 (-256 128 -240 ) (-256 128 -168 ) (-256 168 -168 ) (-256 168 -240 ) 
4 8 15 (-256 240 -240 ) (-256 240 -168 ) (-256 280 -168 ) (-256 280 -240 ) 
4 8 14 (-256 312 -240 ) (-256 312 -168 ) (-256 352 -168 ) (-256 352 -240 ) 
4 8 13 (-256 424 -240 ) (-256 424 -168 ) (-256 464 -168 ) (-256 464 -240 ) 
4 8 12 (-256 496 -240 ) (-256 496 -168 ) (-256 536 -168 ) (-256 536 -240 ) 
4 8 11 (-256 592 -240 ) (-256 592 -168 ) (-256 632 -168 ) (-256 632 -240 ) 
4 8 10 (-256 664 -240 ) (-256 664 -168 ) (-256 704 -168 ) (-256 704 -240 ) 
4 8 9 (-256 1024 -272 ) (-256 736 -272 ) (-256 736 -144 ) (-256 1024 -144 ) 
4 9 105 (-264 736 -272 ) (-264 1024 -272 ) (-256 1024 -272 ) (-256 736 -272 ) 
4 9 18 (-264 1024 -272 ) (-264 736 -272 ) (-264 736 -144 ) (-264 1024 -144 ) 
4 10 21 (-264 664 -240 ) (-264 664 -168 ) (-264 704 -168 ) (-264 704 -240 ) 
4 11 21 (-264 592 -240 ) (-264 592 -168 ) (-264 632 -168 ) (-264 632 -240 ) 
4 12 27 (-264 496 -240 ) (-264 496 -168 ) (-264 536 -168 ) (-264 536 -240 ) 
4 13 27 (-264 424 -240 ) (-264 424 -168 ) (-264 464 -168 ) (-264 464 -240 ) 
4 14 33 (-264 312 -240 ) (-264 312 -168 ) (-264 352 -168 ) (-264 352 -240 ) 
4 15 33 (-264 240 -240 ) (-264 240 -168 ) (-264 280 -168 ) (-264 280 -240 ) 
4 16 35 (-264 128 -240 ) (-264 128 -168 ) (-264 168 -168 ) (-264 168 -240 ) 
4 17 35 (-264 56 -240 ) (-264 56 -168 ) (-264 96 -168 ) (-264 96 -240 ) 
4 18 105 (-320 1024 -272 ) (-264 1024 -272 ) (-264 736 -272 ) (-320 736 -272 ) 
4 18 20 (-320 904 -272 ) (-320 840 -272 ) (-320 840 -144 ) (-320 904 -144 ) 
4 18 19 (-320 1024 -272 ) (-320 904 -272 ) (-320 904 -144 ) (-320 1024 -144 ) 
4 19 108 (-376 904 -272 ) (-376 1024 -272 ) (-320 1024 -272 ) (-320 904 -272 ) 
4 19 53 (-376 1024 -272 ) (-376 904 -272 ) (-376 904 -144 ) (-376 1024 -144 ) 
4 19 20 (-376 904 -144 ) (-376 904 -272 ) (-320 904 -272 ) (-320 904 -144 ) 
3 20 109 (-376 904 -272 ) (-320 904 -272 ) (-320 840 -272 ) 
4 21 22 (-360 576 -272 ) (-280 576 -272 ) (-280 576 -144 ) (-360 576 -144 ) 
4 22 24 (-296 568 -272 ) (-292 568 -272 ) (-292 568 -164 ) (-296 568 -164 ) 
4 22 25 (-348 568 -272 ) (-344 568 -272 ) (-344 568 -164 ) (-348 568 -164 ) 
4 22 23 (-292 568 -164 ) (-292 568 -160 ) (-348 568 -160 ) (-348 568 -164 ) 
4 23 26 (-292 560 -164 ) (-292 560 -160 ) (-348 560 -160 ) (-348 560 -164 ) 
4 23 24 (-296 568 -164 ) (-292 568 -164 ) (-292 560 -164 ) (-296 560 -164 ) 
4 23 25 (-348 560 -164 ) (-348 568 -164 ) (-344 568 -164 ) (-344 560 -164 ) 
4 24 26 (-296 560 -272 ) (-292 560 -272 ) (-292 560 -164 ) (-296 560 -164 ) 
4 25 26 (-348 560 -272 ) (-344 560 -272 ) (-344 560 -164 ) (-348 560 -164 ) 
4 26 28 (-360 552 -272 ) (-280 552 -272 ) (-280 552 -270 ) (-360 552 -270 ) 
4 26 27 (-280 552 -270 ) (-280 552 -144 ) (-360 552 -144 ) (-360 552 -270 ) 
4 27 73 (-376 488 -160 ) (-376 488 -270 ) (-376 432 -270 ) (-376 432 -160 ) 
4 27 30 (-372 404 -270 ) (-268 404 -270 ) (-268 404 -148 ) (-372 404 -148 ) 
4 27 29 (-376 436 -270 ) (-376 484 -270 ) (-374 484 -270 ) (-374 436 -270 ) 
4 27 28 (-266 404 -270 ) (-374 404 -270 ) (-374 552 -270 ) (-266 552 -270 ) 
4 28 30 (-372 404 -272 ) (-268 404 -272 ) (-268 404 -270 ) (-372 404 -270 ) 
4 28 29 (-374 436 -270 ) (-374 484 -270 ) (-374 484 -272 ) (-374 436 -272 ) 
4 29 73 (-376 484 -272 ) (-376 436 -272 ) (-376 436 -270 ) (-376 484 -270 ) 
4 30 31 (-268 396 -272 ) (-268 396 -152 ) (-372 396 -152 ) (-372 396 -272 ) 
4 31 32 (-268 380 -272 ) (-268 380 -152 ) (-372 380 -152 ) (-372 380 -272 ) 
4 32 42 (-268 372 -152 ) (-268 372 -148 ) (-372 372 -148 ) (-372 372 -152 ) 
4 32 45 (-372 372 -272 ) (-268 372 -272 ) (-268 372 -152 ) (-372 372 -152 ) 
4 33 34 (-266 372 -144 ) (-266 372 -270 ) (-266 220 -270 ) (-266 220 -144 ) 
4 34 42 (-268 372 -148 ) (-268 372 -152 ) (-268 220 -152 ) (-268 220 -148 ) 
4 34 45 (-268 372 -152 ) (-268 372 -272 ) (-268 220 -272 ) (-268 220 -152 ) 
4 34 39 (-268 372 -144 ) (-268 372 -148 ) (-268 220 -148 ) (-268 220 -144 ) 
4 35 36 (-266 188 -144 ) (-266 188 -270 ) (-266 36 -270 ) (-266 36 -144 ) 
4 36 43 (-268 36 -152 ) (-268 36 -148 ) (-268 188 -148 ) (-268 188 -152 ) 
4 36 45 (-268 188 -272 ) (-268 36 -272 ) (-268 36 -152 ) (-268 188 -152 ) 
4 36 40 (-268 36 -148 ) (-268 36 -144 ) (-268 188 -144 ) (-268 188 -148 ) 
4 37 135 (-264 0 -144 ) (-266 0 -144 ) (-266 0 -270 ) (-264 0 -270 ) 
4 37 38 (-266 4 -144 ) (-266 4 -270 ) (-266 0 -270 ) (-266 0 -144 ) 
4 38 136 (-268 0 -270 ) (-268 0 -272 ) (-266 0 -272 ) (-266 0 -270 ) 
4 38 135 (-266 0 -144 ) (-268 0 -144 ) (-268 0 -270 ) (-266 0 -270 ) 
4 38 44 (-268 0 -152 ) (-268 0 -148 ) (-268 4 -148 ) (-268 4 -152 ) 
4 38 45 (-268 4 -272 ) (-268 0 -272 ) (-268 0 -152 ) (-268 4 -152 ) 
4 38 41 (-268 0 -148 ) (-268 0 -144 ) (-268 4 -144 ) (-268 4 -148 ) 
4 39 46 (-372 372 -144 ) (-372 372 -148 ) (-372 220 -148 ) (-372 220 -144 ) 
4 39 42 (-372 220 -148 ) (-372 372 -148 ) (-268 372 -148 ) (-268 220 -148 ) 
4 40 48 (-372 188 -148 ) (-372 36 -148 ) (-372 36 -144 ) (-372 188 -144 ) 
4 40 43 (-372 36 -148 ) (-372 188 -148 ) (-268 188 -148 ) (-268 36 -148 ) 
4 41 135 (-268 0 -144 ) (-372 0 -144 ) (-372 0 -148 ) (-268 0 -148 ) 
4 41 51 (-372 4 -148 ) (-372 0 -148 ) (-372 0 -144 ) (-372 4 -144 ) 
4 41 44 (-372 0 -148 ) (-372 4 -148 ) (-268 4 -148 ) (-268 0 -148 ) 
4 42 46 (-372 372 -148 ) (-372 372 -152 ) (-372 220 -152 ) (-372 220 -148 ) 
4 42 45 (-372 212 -152 ) (-372 372 -152 ) (-268 372 -152 ) (-268 212 -152 ) 
4 43 48 (-372 188 -152 ) (-372 36 -152 ) (-372 36 -148 ) (-372 188 -148 ) 
4 43 45 (-372 28 -152 ) (-372 196 -152 ) (-268 196 -152 ) (-268 28 -152 ) 
4 44 135 (-372 0 -148 ) (-372 0 -152 ) (-268 0 -152 ) (-268 0 -148 ) 
4 44 51 (-372 4 -152 ) (-372 0 -152 ) (-372 0 -148 ) (-372 4 -148 ) 
4 44 45 (-372 0 -152 ) (-372 12 -152 ) (-268 12 -152 ) (-268 0 -152 ) 
4 45 136 (-372 0 -270 ) (-372 0 -272 ) (-268 0 -272 ) (-268 0 -270 ) 
4 45 135 (-372 0 -152 ) (-372 0 -270 ) (-268 0 -270 ) (-268 0 -152 ) 
4 45 51 (-372 4 -272 ) (-372 0 -272 ) (-372 0 -152 ) (-372 4 -152 ) 
4 45 48 (-372 188 -272 ) (-372 36 -272 ) (-372 36 -152 ) (-372 188 -152 ) 
4 45 46 (-372 372 -152 ) (-372 372 -272 ) (-372 220 -272 ) (-372 220 -152 ) 
4 46 47 (-374 372 -144 ) (-374 372 -270 ) (-374 220 -270 ) (-374 220 -144 ) 
4 48 50 (-374 116 -272 ) (-374 68 -272 ) (-374 68 -270 ) (-374 116 -270 ) 
4 48 49 (-374 188 -144 ) (-374 188 -270 ) (-374 36 -270 ) (-374 36 -144 ) 
4 49 89 (-376 120 -160 ) (-376 120 -270 ) (-376 64 -270 ) (-376 64 -160 ) 
4 49 50 (-374 116 -270 ) (-374 68 -270 ) (-376 68 -270 ) (-376 116 -270 ) 
4 50 89 (-376 116 -272 ) (-376 68 -272 ) (-376 68 -270 ) (-376 116 -270 ) 
4 51 136 (-374 0 -270 ) (-374 0 -272 ) (-372 0 -272 ) (-372 0 -270 ) 
4 51 135 (-372 0 -144 ) (-374 0 -144 ) (-374 0 -270 ) (-372 0 -270 ) 
4 51 52 (-374 4 -144 ) (-374 4 -270 ) (-374 0 -270 ) (-374 0 -144 ) 
4 52 135 (-374 0 -144 ) (-376 0 -144 ) (-376 0 -270 ) (-374 0 -270 ) 
4 53 108 (-912 1024 -272 ) (-376 1024 -272 ) (-376 904 -272 ) (-912 904 -272 ) 
4 53 54 (-912 1024 -272 ) (-912 904 -272 ) (-912 904 -144 ) (-912 1024 -144 ) 
4 54 112 (-1024 840 -144 ) (-1024 1024 -144 ) (-1024 1024 -272 ) (-1024 840 -272 ) 
4 54 110 (-1024 840 -272 ) (-1024 1024 -272 ) (-912 1024 -272 ) (-912 840 -272 ) 
4 55 58 (-696 656 -272 ) (-392 656 -272 ) (-392 656 -144 ) (-696 656 -144 ) 
4 56 59 (-832 656 -272 ) (-776 656 -272 ) (-776 656 -160 ) (-832 656 -160 ) 
4 56 57 (-1016 704 -240 ) (-1016 704 -168 ) (-1016 744 -168 ) (-1016 744 -240 ) 
4 57 112 (-1024 744 -168 ) (-1024 744 -240 ) (-1024 704 -240 ) (-1024 704 -168 ) 
4 58 60 (-696 648 -272 ) (-392 648 -272 ) (-392 648 -144 ) (-696 648 -144 ) 
4 59 62 (-832 648 -272 ) (-776 648 -272 ) (-776 648 -160 ) (-832 648 -160 ) 
4 60 68 (-552 520 -272 ) (-496 520 -272 ) (-496 520 -160 ) (-552 520 -160 ) 
4 60 61 (-696 608 -272 ) (-696 552 -272 ) (-696 552 -160 ) (-696 608 -160 ) 
4 61 62 (-704 608 -272 ) (-704 552 -272 ) (-704 552 -160 ) (-704 608 -160 ) 
4 62 69 (-824 520 -272 ) (-768 520 -272 ) (-768 520 -160 ) (-824 520 -160 ) 
4 62 63 (-848 608 -272 ) (-848 552 -272 ) (-848 552 -160 ) (-848 608 -160 ) 
4 63 64 (-856 608 -272 ) (-856 552 -272 ) (-856 552 -160 ) (-856 608 -160 ) 
4 64 70 (-984 520 -272 ) (-856 520 -272 ) (-856 520 -144 ) (-984 520 -144 ) 
4 64 66 (-984 520 -232 ) (-984 520 -144 ) (-984 600 -144 ) (-984 600 -232 ) 
4 64 65 (-984 648 -144 ) (-984 648 -272 ) (-984 600 -272 ) (-984 600 -144 ) 
4 65 66 (-1016 600 -144 ) (-1016 600 -232 ) (-984 600 -232 ) (-984 600 -144 ) 
4 66 71 (-984 520 -232 ) (-984 520 -144 ) (-1016 520 -144 ) (-1016 520 -232 ) 
4 66 67 (-1016 520 -232 ) (-1016 520 -168 ) (-1016 576 -168 ) (-1016 576 -232 ) 
4 67 112 (-1024 576 -168 ) (-1024 576 -232 ) (-1024 520 -232 ) (-1024 520 -168 ) 
4 67 72 (-1016 520 -232 ) (-1016 520 -168 ) (-1024 520 -168 ) (-1024 520 -232 ) 
4 68 74 (-552 512 -272 ) (-496 512 -272 ) (-496 512 -160 ) (-552 512 -160 ) 
4 69 75 (-824 512 -272 ) (-768 512 -272 ) (-768 512 -160 ) (-824 512 -160 ) 
4 70 79 (-984 512 -272 ) (-920 512 -272 ) (-920 512 -144 ) (-984 512 -144 ) 
4 70 77 (-920 512 -272 ) (-896 512 -272 ) (-896 512 -144 ) (-920 512 -144 ) 
4 70 76 (-896 512 -272 ) (-856 512 -272 ) (-856 512 -144 ) (-896 512 -144 ) 
4 70 71 (-984 520 -144 ) (-984 520 -232 ) (-984 512 -232 ) (-984 512 -144 ) 
4 71 80 (-984 512 -232 ) (-984 512 -144 ) (-1016 512 -144 ) (-1016 512 -232 ) 
4 71 72 (-1016 520 -168 ) (-1016 520 -232 ) (-1016 512 -232 ) (-1016 512 -168 ) 
4 72 112 (-1024 520 -168 ) (-1024 520 -232 ) (-1024 512 -232 ) (-1024 512 -168 ) 
4 72 83 (-1016 512 -232 ) (-1016 512 -168 ) (-1024 512 -168 ) (-1024 512 -232 ) 
4 73 74 (-384 488 -272 ) (-384 432 -272 ) (-384 432 -160 ) (-384 488 -160 ) 
4 76 78 (-896 400 -232 ) (-896 400 -144 ) (-896 424 -144 ) (-896 424 -232 ) 
4 76 77 (-896 512 -144 ) (-896 512 -272 ) (-896 424 -272 ) (-896 424 -144 ) 
4 77 81 (-920 432 -272 ) (-920 424 -272 ) (-920 424 -144 ) (-920 432 -144 ) 
4 77 79 (-920 512 -144 ) (-920 512 -272 ) (-920 432 -272 ) (-920 432 -144 ) 
4 77 78 (-920 424 -144 ) (-920 424 -232 ) (-896 424 -232 ) (-896 424 -144 ) 
4 78 81 (-920 400 -232 ) (-920 400 -144 ) (-920 424 -144 ) (-920 424 -232 ) 
4 79 82 (-976 432 -232 ) (-976 432 -144 ) (-984 432 -144 ) (-984 432 -232 ) 
4 79 81 (-976 432 -272 ) (-920 432 -272 ) (-920 432 -144 ) (-976 432 -144 ) 
4 79 80 (-984 512 -144 ) (-984 512 -232 ) (-984 432 -232 ) (-984 432 -144 ) 
4 80 83 (-1016 512 -168 ) (-1016 512 -232 ) (-1016 496 -232 ) (-1016 496 -168 ) 
4 80 82 (-1016 432 -144 ) (-1016 432 -232 ) (-984 432 -232 ) (-984 432 -144 ) 
4 81 82 (-976 432 -144 ) (-976 432 -232 ) (-976 400 -232 ) (-976 400 -144 ) 
4 83 112 (-1024 512 -168 ) (-1024 512 -232 ) (-1024 496 -232 ) (-1024 496 -168 ) 
4 84 87 (-696 248 -272 ) (-384 248 -272 ) (-384 248 -144 ) (-696 248 -144 ) 
4 85 88 (-832 248 -272 ) (-776 248 -272 ) (-776 248 -160 ) (-832 248 -160 ) 
4 85 86 (-1016 296 -240 ) (-1016 296 -168 ) (-1016 336 -168 ) (-1016 336 -240 ) 
4 86 112 (-1024 336 -168 ) (-1024 336 -240 ) (-1024 296 -240 ) (-1024 296 -168 ) 
4 87 91 (-696 240 -272 ) (-656 240 -272 ) (-656 240 -144 ) (-696 240 -144 ) 
4 87 90 (-656 240 -272 ) (-384 240 -272 ) (-384 240 -144 ) (-656 240 -144 ) 
4 88 94 (-832 240 -272 ) (-776 240 -272 ) (-776 240 -160 ) (-832 240 -160 ) 
4 89 92 (-384 104 -272 ) (-384 64 -272 ) (-384 64 -160 ) (-384 104 -160 ) 
4 89 90 (-384 120 -272 ) (-384 104 -272 ) (-384 104 -160 ) (-384 120 -160 ) 
4 90 92 (-656 104 -272 ) (-384 104 -272 ) (-384 104 -144 ) (-656 104 -144 ) 
4 90 91 (-656 240 -144 ) (-656 240 -272 ) (-656 112 -272 ) (-656 112 -144 ) 
4 91 96 (-696 200 -272 ) (-696 144 -272 ) (-696 144 -160 ) (-696 200 -160 ) 
4 92 168 (-384 0 -144 ) (-656 0 -144 ) (-656 0 -272 ) (-384 0 -272 ) 
4 93 169 (-664 0 -144 ) (-696 0 -144 ) (-696 0 -272 ) (-664 0 -272 ) 
4 93 99 (-696 104 -272 ) (-696 0 -272 ) (-696 0 -144 ) (-696 104 -144 ) 
4 94 95 (-704 200 -160 ) (-704 200 -144 ) (-848 200 -144 ) (-848 200 -160 ) 
4 94 96 (-848 200 -272 ) (-704 200 -272 ) (-704 200 -160 ) (-848 200 -160 ) 
4 95 97 (-848 144 -160 ) (-704 144 -160 ) (-704 144 -144 ) (-848 144 -144 ) 
4 95 96 (-704 144 -160 ) (-848 144 -160 ) (-848 200 -160 ) (-704 200 -160 ) 
4 96 100 (-856 200 -272 ) (-856 144 -272 ) (-856 144 -160 ) (-856 200 -160 ) 
4 96 97 (-848 144 -272 ) (-704 144 -272 ) (-704 144 -160 ) (-848 144 -160 ) 
4 97 98 (-824 112 -272 ) (-768 112 -272 ) (-768 112 -160 ) (-824 112 -160 ) 
4 98 99 (-824 104 -272 ) (-768 104 -272 ) (-768 104 -160 ) (-824 104 -160 ) 
4 99 169 (-696 0 -144 ) (-848 0 -144 ) (-848 0 -272 ) (-696 0 -272 ) 
4 100 170 (-856 0 -144 ) (-1016 0 -144 ) (-1016 0 -272 ) (-856 0 -272 ) 
4 100 101 (-1016 88 -232 ) (-1016 88 -168 ) (-1016 168 -168 ) (-1016 168 -232 ) 
4 101 112 (-1024 168 -168 ) (-1024 168 -232 ) (-1024 88 -232 ) (-1024 88 -168 ) 
4 102 106 (-192 1024 -448 ) (-192 544 -448 ) (-192 544 -280 ) (-192 1024 -280 ) 
4 102 104 (-192 544 -280 ) (-192 544 -272 ) (-192 1024 -272 ) (-192 1024 -280 ) 
4 102 103 (-192 544 -272 ) (-192 544 -440 ) (0 544 -440 ) (0 544 -272 ) 
4 103 286 (0 0 -440 ) (0 0 -424 ) (-192 0 -424 ) (-192 0 -440 ) 
4 103 281 (0 0 -424 ) (0 0 -272 ) (-192 0 -272 ) (-192 0 -424 ) 
4 103 107 (-192 0 -424 ) (-192 0 -280 ) (-192 544 -280 ) (-192 544 -424 ) 
4 103 104 (-192 0 -280 ) (-192 0 -272 ) (-192 544 -272 ) (-192 544 -280 ) 
4 104 281 (-192 0 -272 ) (-256 0 -272 ) (-256 0 -280 ) (-192 0 -280 ) 
4 104 107 (-192 544 -280 ) (-192 0 -280 ) (-256 0 -280 ) (-256 544 -280 ) 
4 104 106 (-256 1024 -280 ) (-192 1024 -280 ) (-192 544 -280 ) (-256 544 -280 ) 
4 104 105 (-256 1024 -280 ) (-256 736 -280 ) (-256 736 -272 ) (-256 1024 -272 ) 
4 105 109 (-320 840 -272 ) (-320 904 -272 ) (-320 904 -280 ) (-320 840 -280 ) 
4 105 108 (-320 904 -272 ) (-320 1024 -272 ) (-320 1024 -280 ) (-320 904 -280 ) 
4 105 106 (-320 736 -280 ) (-320 1024 -280 ) (-256 1024 -280 ) (-256 736 -280 ) 
4 106 111 (-320 1024 -416 ) (-320 1024 -448 ) (-320 904 -448 ) (-320 904 -416 ) 
4 106 109 (-320 840 -280 ) (-320 904 -280 ) (-320 904 -416 ) (-320 840 -416 ) 
4 106 108 (-320 904 -280 ) (-320 1024 -280 ) (-320 1024 -416 ) (-320 904 -416 ) 
4 106 107 (-192 544 -424 ) (-192 544 -280 ) (-320 544 -280 ) (-320 544 -424 ) 
4 107 283 (-320 0 -280 ) (-320 0 -424 ) (-256 0 -424 ) (-256 0 -280 ) 
4 107 281 (-256 0 -424 ) (-192 0 -424 ) (-192 0 -280 ) (-256 0 -280 ) 
4 108 111 (-912 1024 -416 ) (-320 1024 -416 ) (-320 904 -416 ) (-912 904 -416 ) 
4 108 109 (-376 904 -416 ) (-320 904 -416 ) (-320 904 -272 ) (-376 904 -272 ) 
4 108 110 (-912 1024 -416 ) (-912 904 -416 ) (-912 904 -272 ) (-912 1024 -272 ) 
4 110 112 (-1024 840 -272 ) (-1024 1024 -272 ) (-1024 1024 -416 ) (-1024 840 -416 ) 
4 110 111 (-1024 904 -416 ) (-1024 1024 -416 ) (-912 1024 -416 ) (-912 904 -416 ) 
4 111 112 (-1024 904 -416 ) (-1024 1024 -416 ) (-1024 1024 -448 ) (-1024 904 -448 ) 
4 112 358 (-1024 0 -448 ) (-1024 0 880 ) (-1264 0 880 ) (-1264 0 -448 ) 
4 113 118 (448 -1024 880 ) (448 -1024 -32 ) (1008 -1024 -32 ) (1008 -1024 880 ) 
4 113 116 (448 0 880 ) (448 0 -32 ) (448 -1024 -32 ) (448 -1024 880 ) 
4 113 115 (448 -1024 -32 ) (448 -336 -32 ) (832 -336 -32 ) (832 -1024 -32 ) 
4 113 114 (832 0 -32 ) (1008 0 -32 ) (1008 -1024 -32 ) (832 -1024 -32 ) 
4 114 118 (832 -1024 -448 ) (1008 -1024 -448 ) (1008 -1024 -32 ) (832 -1024 -32 ) 
4 114 115 (832 -336 -448 ) (832 -1024 -448 ) (832 -1024 -32 ) (832 -336 -32 ) 
4 115 118 (448 -1024 -32 ) (448 -1024 -448 ) (832 -1024 -448 ) (832 -1024 -32 ) 
4 115 117 (448 -719.910645 -448 ) (448 -1024 -448 ) (448 -1024 -440 ) (448 -719.910645 -440 ) 
4 115 116 (448 -1024 -440 ) (448 -1024 -32 ) (448 -336 -32 ) (448 -336 -440 ) 
4 116 286 (0 0 -424 ) (0 0 -440 ) (0 -719.910645 -440 ) (0 -719.910645 -424 ) 
4 116 287 (0 -719.910645 -440 ) (0 -1024 -440 ) (0 -1024 -424 ) (0 -719.910645 -424 ) 
4 116 281 (0 0 -272 ) (0 0 -424 ) (0 -1024 -424 ) (0 -1024 -272 ) 
4 116 127 (0 0 -144 ) (0 0 -272 ) (0 -1024 -272 ) (0 -1024 -144 ) 
4 116 124 (0 -512 -144 ) (0 -1024 -144 ) (0 -1024 -128 ) (0 -512 -128 ) 
4 116 123 (0 0 -128 ) (0 0 -144 ) (0 -512 -144 ) (0 -512 -128 ) 
4 116 120 (0 -512 -128 ) (0 -1024 -128 ) (0 -1024 880 ) (0 -512 880 ) 
4 116 119 (0 0 880 ) (0 0 -128 ) (0 -512 -128 ) (0 -512 880 ) 
4 116 118 (0 -1024 880 ) (0 -1024 -440 ) (448 -1024 -440 ) (448 -1024 880 ) 
4 116 117 (448 -719.910645 -440 ) (448 -1024 -440 ) (0 -1024 -440 ) (0 -719.910645 -440 ) 
4 117 287 (0 -719.910645 -448 ) (0 -1024 -448 ) (0 -1024 -440 ) (0 -719.910645 -440 ) 
4 117 118 (0 -1024 -440 ) (0 -1024 -448 ) (448 -1024 -448 ) (448 -1024 -440 ) 
4 118 375 (0 -1112 -448 ) (0 -1112 880 ) (0 -1028 880 ) (0 -1028 -448 ) 
4 118 374 (0 -1024 -247 ) (0 -1024 -448 ) (0 -1028 -448 ) (0 -1028 -247 ) 
4 118 371 (0 -1024 -240 ) (0 -1024 -247 ) (0 -1028 -247 ) (0 -1028 -240 ) 
4 118 369 (0 -1024 -237 ) (0 -1024 -240 ) (0 -1028 -240 ) (0 -1028 -237 ) 
4 118 367 (0 -1026 -237 ) (0 -1028 -237 ) (0 -1028 -171.529022 ) (0 -1026 -171.529022 ) 
4 118 363 (0 -1024 -171.529022 ) (0 -1024 -237 ) (0 -1026 -237 ) (0 -1026 -171.529022 ) 
4 118 360 (0 -1024 -169.175995 ) (0 -1024 -171.529022 ) (0 -1028 -171.529022 ) (0 -1028 -169.175995 ) 
4 118 359 (0 -1028 880 ) (0 -1024 880 ) (0 -1024 -169.175995 ) (0 -1028 -169.175995 ) 
4 119 358 (-1024 0 880 ) (-1024 0 -128 ) (-1024 -512 -128 ) (-1024 -512 880 ) 
4 119 123 (-256 0 -128 ) (0 0 -128 ) (0 -512 -128 ) (-256 -512 -128 ) 
4 119 121 (-330.666687 -512 -112 ) (-992 -512 880 ) (-1024 -512 880 ) (-1024 -512 -112 ) 
4 119 120 (-320 -512 -128 ) (0 -512 -128 ) (0 -512 880 ) (-992 -512 880 ) 
3 120 361 (-452 -1024 880 ) (-992 -1024 880 ) (-452 -1024 70 ) 
5 120 359 (0 -1024 -128 ) (0 -1024 880 ) (-452 -1024 880 ) (-452 -1024 70 ) (-320 -1024 -128 ) 
4 120 124 (0 -1024 -128 ) (-320 -1024 -128 ) (-320 -512 -128 ) (0 -512 -128 ) 
4 120 122 (-320.003906 -688 -128 ) (-320.003906 -1024 -128 ) (-640.973633 -1024 353.454529 ) (-384.003937 -600 -32 ) 
4 120 121 (-992.003906 -512 880 ) (-330.670593 -512 -112 ) (-640.973633 -1024 353.454529 ) (-992.003906 -1024 880 ) 
4 121 361 (-992 -1024 880 ) (-1024 -1024 880 ) (-1024 -1024 353.454529 ) (-640.969727 -1024 353.454529 ) 
4 121 358 (-1024 -1024 353.454529 ) (-1024 -1024 880 ) (-1024 -512 880 ) (-1024 -512 -112 ) 
4 121 122 (-384 -600.001953 -32.002129 ) (-640.968994 -1024 353.450653 ) (-1024 -1024 353.450653 ) (-1024 -600.001953 -32.002136 ) 
5 122 361 (-1024 -1024 353.454529 ) (-1024 -1024 -128 ) (-452 -1024 -128 ) (-452 -1024 70 ) (-640.969727 -1024 353.454529 ) 
3 122 359 (-452 -1024 -128 ) (-320 -1024 -128 ) (-452 -1024 70 ) 
4 122 358 (-1024 -688 -128 ) (-1024 -1024 -128 ) (-1024 -1024 353.454529 ) (-1024 -600 -32 ) 
3 122 125 (-320 -688 -128 ) (-320 -752 -128 ) (-376 -752 -128 ) 
4 122 126 (-320 -1024 -128 ) (-1024 -1024 -128 ) (-1024 -752 -128 ) (-320 -752 -128 ) 
4 123 127 (-256 0 -144 ) (0 0 -144 ) (0 -512 -144 ) (-256 -512 -144 ) 
4 123 124 (-256 -512 -144 ) (0 -512 -144 ) (0 -512 -128 ) (-256 -512 -128 ) 
4 124 359 (0 -1024 -144 ) (0 -1024 -128 ) (-320 -1024 -128 ) (-320 -1024 -144 ) 
4 124 148 (-320 -512 -144 ) (-264 -512 -144 ) (-264 -1024 -144 ) (-320 -1024 -144 ) 
4 124 134 (-264 -512 -144 ) (-256 -512 -144 ) (-256 -1024 -144 ) (-264 -1024 -144 ) 
4 124 127 (-256 -512 -144 ) (0 -512 -144 ) (0 -1024 -144 ) (-256 -1024 -144 ) 
4 124 125 (-320 -688 -144 ) (-320 -752 -144 ) (-320 -752 -128 ) (-320 -688 -128 ) 
4 124 126 (-320 -752 -144 ) (-320 -1024 -144 ) (-320 -1024 -128 ) (-320 -752 -128 ) 
3 125 157 (-328 -752 -144 ) (-376 -752 -144 ) (-328 -697.142883 -144 ) 
4 125 155 (-320 -688 -144 ) (-320 -752 -144 ) (-328 -752 -144 ) (-328 -697.142883 -144 ) 
4 125 126 (-376 -752 -144 ) (-320 -752 -144 ) (-320 -752 -128 ) (-376 -752 -128 ) 
4 126 361 (-452 -1024 -128 ) (-1024 -1024 -128 ) (-1024 -1024 -144 ) (-452 -1024 -144 ) 
4 126 359 (-320 -1024 -128 ) (-452 -1024 -128 ) (-452 -1024 -144 ) (-320 -1024 -144 ) 
4 126 358 (-1024 -752 -144 ) (-1024 -1024 -144 ) (-1024 -1024 -128 ) (-1024 -752 -128 ) 
4 126 232 (-1024 -1024 -144 ) (-1024 -964 -144 ) (-452 -964 -144 ) (-452 -1024 -144 ) 
4 126 231 (-451 -988 -144 ) (-451 -1024 -144 ) (-452 -1024 -144 ) (-452 -988 -144 ) 
4 126 230 (-452 -964 -144 ) (-451 -964 -144 ) (-451 -988 -144 ) (-452 -988 -144 ) 
4 126 229 (-451 -964 -144 ) (-376 -964 -144 ) (-376 -1024 -144 ) (-451 -1024 -144 ) 
4 126 225 (-464 -889 -144 ) (-464 -929 -144 ) (-465 -929 -144 ) (-465 -889 -144 ) 
4 126 224 (-465 -752 -144 ) (-464 -752 -144 ) (-464 -889 -144 ) (-465 -889 -144 ) 
4 126 227 (-464 -929 -144 ) (-464 -964 -144 ) (-465 -964 -144 ) (-465 -929 -144 ) 
4 126 228 (-1024 -964 -144 ) (-1024 -752 -144 ) (-465 -752 -144 ) (-465 -964 -144 ) 
4 126 221 (-459 -926 -144 ) (-459 -929 -144 ) (-464 -929 -144 ) (-464 -926 -144 ) 
4 126 223 (-459 -929 -144 ) (-459 -964 -144 ) (-464 -964 -144 ) (-464 -929 -144 ) 
4 126 216 (-459 -911 -144 ) (-459 -926 -144 ) (-461 -926 -144 ) (-461 -911 -144 ) 
4 126 219 (-461 -926 -144 ) (-464 -926 -144 ) (-464 -911 -144 ) (-461 -911 -144 ) 
4 126 214 (-461 -911 -144 ) (-464 -911 -144 ) (-464 -907 -144 ) (-461 -907 -144 ) 
4 126 212 (-459 -907 -144 ) (-459 -911 -144 ) (-461 -911 -144 ) (-461 -907 -144 ) 
4 126 207 (-459 -892 -144 ) (-459 -907 -144 ) (-461 -907 -144 ) (-461 -892 -144 ) 
4 126 209 (-461 -907 -144 ) (-464 -907 -144 ) (-464 -892 -144 ) (-461 -892 -144 ) 
4 126 205 (-459 -889 -144 ) (-459 -892 -144 ) (-464 -892 -144 ) (-464 -889 -144 ) 
4 126 204 (-464 -752 -144 ) (-459 -752 -144 ) (-459 -889 -144 ) (-464 -889 -144 ) 
4 126 203 (-459 -752 -144 ) (-376 -752 -144 ) (-376 -964 -144 ) (-459 -964 -144 ) 
4 126 157 (-376 -752 -144 ) (-328 -752 -144 ) (-328 -1024 -144 ) (-376 -1024 -144 ) 
4 126 155 (-328 -752 -144 ) (-320 -752 -144 ) (-320 -1024 -144 ) (-328 -1024 -144 ) 
4 127 374 (0 -1024 -272 ) (0 -1024 -247 ) (-256 -1024 -247 ) (-256 -1024 -272 ) 
4 127 371 (0 -1024 -247 ) (0 -1024 -240 ) (-256 -1024 -240 ) (-256 -1024 -247 ) 
4 127 369 (0 -1024 -240 ) (0 -1024 -237 ) (-256 -1024 -237 ) (-256 -1024 -240 ) 
4 127 363 (0 -1024 -237 ) (0 -1024 -171.529022 ) (-256 -1024 -171.529022 ) (-256 -1024 -237 ) 
4 127 360 (0 -1024 -171.529022 ) (0 -1024 -169.175995 ) (-256 -1024 -169.175995 ) (-256 -1024 -171.529022 ) 
4 127 359 (0 -1024 -169.175995 ) (0 -1024 -144 ) (-256 -1024 -144 ) (-256 -1024 -169.175995 ) 
4 127 281 (0 -1024 -272 ) (-256 -1024 -272 ) (-256 0 -272 ) (0 0 -272 ) 
4 127 134 (-256 -512 -272 ) (-256 -1024 -272 ) (-256 -1024 -144 ) (-256 -512 -144 ) 
4 127 133 (-256 -480 -240 ) (-256 -480 -168 ) (-256 -440 -168 ) (-256 -440 -240 ) 
4 127 132 (-256 -408 -240 ) (-256 -408 -168 ) (-256 -368 -168 ) (-256 -368 -240 ) 
4 127 131 (-256 -312 -240 ) (-256 -312 -168 ) (-256 -272 -168 ) (-256 -272 -240 ) 
4 127 130 (-256 -240 -240 ) (-256 -240 -168 ) (-256 -200 -168 ) (-256 -200 -240 ) 
4 127 129 (-256 -128 -240 ) (-256 -128 -168 ) (-256 -88 -168 ) (-256 -88 -240 ) 
4 127 128 (-256 -56 -240 ) (-256 -56 -168 ) (-256 -16 -168 ) (-256 -16 -240 ) 
4 128 135 (-264 -56 -240 ) (-264 -56 -168 ) (-264 -16 -168 ) (-264 -16 -240 ) 
4 129 135 (-264 -128 -240 ) (-264 -128 -168 ) (-264 -88 -168 ) (-264 -88 -240 ) 
4 130 141 (-264 -240 -240 ) (-264 -240 -168 ) (-264 -200 -168 ) (-264 -200 -240 ) 
4 131 141 (-264 -312 -240 ) (-264 -312 -168 ) (-264 -272 -168 ) (-264 -272 -240 ) 
4 132 146 (-264 -408 -240 ) (-264 -408 -168 ) (-264 -368 -168 ) (-264 -368 -240 ) 
4 133 146 (-264 -480 -240 ) (-264 -480 -168 ) (-264 -440 -168 ) (-264 -440 -240 ) 
4 134 374 (-264 -1024 -247 ) (-264 -1024 -272 ) (-256 -1024 -272 ) (-256 -1024 -247 ) 
4 134 371 (-264 -1024 -240 ) (-264 -1024 -247 ) (-256 -1024 -247 ) (-256 -1024 -240 ) 
4 134 369 (-264 -1024 -237 ) (-264 -1024 -240 ) (-256 -1024 -240 ) (-256 -1024 -237 ) 
4 134 363 (-264 -1024 -171.529022 ) (-264 -1024 -237 ) (-256 -1024 -237 ) (-256 -1024 -171.529022 ) 
4 134 360 (-264 -1024 -169.175995 ) (-264 -1024 -171.529022 ) (-256 -1024 -171.529022 ) (-256 -1024 -169.175995 ) 
4 134 359 (-256 -1024 -144 ) (-264 -1024 -144 ) (-264 -1024 -169.175995 ) (-256 -1024 -169.175995 ) 
4 134 284 (-256 -1024 -272 ) (-264 -1024 -272 ) (-264 -678 -272 ) (-256 -678 -272 ) 
4 134 282 (-264 -678 -272 ) (-264 -512 -272 ) (-256 -512 -272 ) (-256 -678 -272 ) 
4 134 148 (-264 -512 -272 ) (-264 -1024 -272 ) (-264 -1024 -144 ) (-264 -512 -144 ) 
4 135 167 (-376 -68 -160 ) (-376 -68 -270 ) (-376 -124 -270 ) (-376 -124 -160 ) 
4 135 138 (-372 -148 -270 ) (-268 -148 -270 ) (-268 -148 -148 ) (-372 -148 -148 ) 
4 135 137 (-376 -120 -270 ) (-376 -72 -270 ) (-374 -72 -270 ) (-374 -120 -270 ) 
4 135 136 (-266 -148 -270 ) (-374 -148 -270 ) (-374 0 -270 ) (-266 0 -270 ) 
4 136 138 (-372 -148 -272 ) (-268 -148 -272 ) (-268 -148 -270 ) (-372 -148 -270 ) 
4 136 137 (-374 -72 -272 ) (-374 -120 -272 ) (-374 -120 -270 ) (-374 -72 -270 ) 
4 137 167 (-376 -72 -272 ) (-376 -120 -272 ) (-376 -120 -270 ) (-376 -72 -270 ) 
4 138 139 (-268 -156 -272 ) (-268 -156 -152 ) (-372 -156 -152 ) (-372 -156 -272 ) 
4 139 140 (-268 -172 -272 ) (-268 -172 -152 ) (-372 -172 -152 ) (-372 -172 -272 ) 
4 140 142 (-372 -180 -272 ) (-268 -180 -272 ) (-268 -180 -270 ) (-372 -180 -270 ) 
4 140 141 (-268 -180 -270 ) (-268 -180 -148 ) (-372 -180 -148 ) (-372 -180 -270 ) 
4 141 143 (-360 -328 -270 ) (-280 -328 -270 ) (-280 -328 -144 ) (-360 -328 -144 ) 
4 141 142 (-266 -328 -270 ) (-374 -328 -270 ) (-374 -180 -270 ) (-266 -180 -270 ) 
4 142 143 (-360 -328 -272 ) (-280 -328 -272 ) (-280 -328 -270 ) (-360 -328 -270 ) 
4 143 144 (-348 -336 -272 ) (-292 -336 -272 ) (-292 -336 -160 ) (-348 -336 -160 ) 
4 144 149 (-336 -344 -272 ) (-320 -344 -272 ) (-320 -344 -160 ) (-336 -344 -160 ) 
4 144 150 (-348 -344 -272 ) (-336 -344 -272 ) (-336 -344 -160 ) (-348 -344 -160 ) 
4 144 145 (-320 -344 -272 ) (-292 -344 -272 ) (-292 -344 -160 ) (-320 -344 -160 ) 
4 145 149 (-320 -344 -144 ) (-320 -344 -272 ) (-320 -352 -272 ) (-320 -352 -144 ) 
4 145 147 (-320 -352 -144 ) (-320 -352 -272 ) (-280 -352 -272 ) (-280 -352 -144 ) 
4 146 147 (-272 -352 -144 ) (-272 -352 -272 ) (-272 -496 -272 ) (-272 -496 -144 ) 
4 147 149 (-320 -352 -272 ) (-320 -504 -272 ) (-320 -504 -144 ) (-320 -352 -144 ) 
4 148 374 (-320 -1024 -247 ) (-320 -1024 -272 ) (-264 -1024 -272 ) (-264 -1024 -247 ) 
4 148 371 (-320 -1024 -240 ) (-320 -1024 -247 ) (-264 -1024 -247 ) (-264 -1024 -240 ) 
4 148 369 (-320 -1024 -237 ) (-320 -1024 -240 ) (-264 -1024 -240 ) (-264 -1024 -237 ) 
4 148 363 (-320 -1024 -171.529022 ) (-320 -1024 -237 ) (-264 -1024 -237 ) (-264 -1024 -171.529022 ) 
4 148 360 (-320 -1024 -169.175995 ) (-320 -1024 -171.529022 ) (-264 -1024 -171.529022 ) (-264 -1024 -169.175995 ) 
4 148 359 (-264 -1024 -144 ) (-320 -1024 -144 ) (-320 -1024 -169.175995 ) (-264 -1024 -169.175995 ) 
4 148 285 (-316 -1024 -272 ) (-320 -1024 -272 ) (-320 -692.002686 -272 ) (-316 -688 -272 ) 
4 148 284 (-264 -1024 -272 ) (-316 -1024 -272 ) (-316 -678 -272 ) (-264 -678 -272 ) 
4 148 282 (-320 -678 -272 ) (-320 -512 -272 ) (-264 -512 -272 ) (-264 -678 -272 ) 
4 148 164 (-320 -688 -272 ) (-320 -1024 -272 ) (-320 -1024 -240 ) (-320 -688 -240 ) 
4 148 158 (-320 -1024 -240 ) (-320 -1024 -168 ) (-320 -688 -168 ) (-320 -688 -240 ) 
4 148 155 (-320 -1024 -168 ) (-320 -1024 -144 ) (-320 -688 -144 ) (-320 -688 -168 ) 
4 148 153 (-320 -624 -240 ) (-320 -624 -168 ) (-320 -584 -168 ) (-320 -584 -240 ) 
4 149 150 (-336 -344 -144 ) (-336 -344 -272 ) (-336 -504 -272 ) (-336 -504 -144 ) 
4 150 300 (-336 -536 -272 ) (-336 -568 -272 ) (-360 -568 -272 ) (-360 -536 -272 ) 
4 150 152 (-360 -568 -272 ) (-336 -568 -272 ) (-336 -568 -144 ) (-360 -568 -144 ) 
4 150 151 (-360 -352 -272 ) (-360 -568 -272 ) (-360 -568 -144 ) (-360 -352 -144 ) 
4 151 300 (-376 -568 -272 ) (-376 -536 -272 ) (-360 -536 -272 ) (-360 -568 -272 ) 
4 151 189 (-376 -448 -272 ) (-376 -456 -272 ) (-376 -456 -144 ) (-376 -448 -144 ) 
4 151 190 (-376 -456 -272 ) (-376 -568 -272 ) (-376 -568 -144 ) (-376 -456 -144 ) 
4 151 175 (-376 -376 -272 ) (-376 -448 -272 ) (-376 -448 -144 ) (-376 -376 -144 ) 
4 151 152 (-376 -568 -144 ) (-376 -568 -272 ) (-360 -568 -272 ) (-360 -568 -144 ) 
4 152 300 (-376 -584 -272 ) (-376 -568 -272 ) (-336 -568 -272 ) (-336 -584 -272 ) 
4 152 293 (-336 -568 -272 ) (-328 -568 -272 ) (-328 -584 -272 ) (-336 -584 -272 ) 
4 152 190 (-376 -568 -272 ) (-376 -584 -272 ) (-376 -584 -144 ) (-376 -568 -144 ) 
4 152 154 (-376 -584 -144 ) (-376 -584 -272 ) (-328 -584 -272 ) (-328 -584 -144 ) 
4 153 154 (-328 -584 -168 ) (-328 -584 -240 ) (-328 -624 -240 ) (-328 -624 -168 ) 
4 154 300 (-376 -624 -272 ) (-376 -584 -272 ) (-336 -584 -272 ) (-336 -624 -272 ) 
4 154 293 (-336 -584 -272 ) (-328 -584 -272 ) (-328 -624 -272 ) (-336 -624 -272 ) 
4 154 190 (-376 -584 -272 ) (-376 -624 -272 ) (-376 -624 -144 ) (-376 -584 -144 ) 
4 154 165 (-376 -624 -240 ) (-376 -624 -272 ) (-328 -624 -272 ) (-328 -624 -240 ) 
4 154 162 (-376 -624 -168 ) (-376 -624 -240 ) (-328 -624 -240 ) (-328 -624 -168 ) 
4 154 156 (-376 -624 -144 ) (-376 -624 -168 ) (-328 -624 -168 ) (-328 -624 -144 ) 
4 155 359 (-320 -1024 -144 ) (-328 -1024 -144 ) (-328 -1024 -168 ) (-320 -1024 -168 ) 
4 155 158 (-320 -688 -168 ) (-320 -1024 -168 ) (-328 -1024 -168 ) (-328 -697.142822 -168 ) 
4 155 157 (-328 -697.142883 -168 ) (-328 -1024 -168 ) (-328 -1024 -144 ) (-328 -697.142822 -144 ) 
4 156 190 (-376 -736 -144 ) (-376 -624 -144 ) (-376 -624 -168 ) (-376 -736 -168 ) 
5 156 162 (-376 -664 -168 ) (-376 -624 -168 ) (-328 -624 -168 ) (-328 -680 -168 ) (-342.769257 -697.230774 -168 ) 
3 156 160 (-376 -736 -168 ) (-376 -720.192383 -168 ) (-368.538300 -727.294678 -168 ) 
4 156 159 (-376 -720.192383 -168 ) (-376 -664 -168 ) (-342.769257 -697.230774 -168 ) (-368.538300 -727.294678 -168 ) 
4 157 359 (-328 -1024 -144 ) (-376 -1024 -144 ) (-376 -1024 -168 ) (-328 -1024 -168 ) 
4 157 229 (-376 -1024 -168 ) (-376 -1024 -144 ) (-376 -964 -144 ) (-376 -964 -168 ) 
4 157 203 (-376 -964 -144 ) (-376 -752 -144 ) (-376 -752 -168 ) (-376 -964 -168 ) 
3 157 163 (-334.933319 -705.066650 -168 ) (-328 -697.142883 -168 ) (-328 -712 -168 ) 
5 157 161 (-376 -1024 -168 ) (-376 -752 -168 ) (-360.815125 -734.645874 -168 ) (-328 -765.880432 -168 ) (-328 -1024 -168 ) 
4 157 159 (-360.815125 -734.645874 -168 ) (-334.933319 -705.066650 -168 ) (-328 -712 -168 ) (-328 -765.880432 -168 ) 
4 158 369 (-328 -1024 -240 ) (-320 -1024 -240 ) (-320 -1024 -237 ) (-328 -1024 -237 ) 
4 158 363 (-320 -1024 -237 ) (-320 -1024 -171.529022 ) (-328 -1024 -171.529022 ) (-328 -1024 -237 ) 
4 158 360 (-320 -1024 -171.529022 ) (-320 -1024 -169.175995 ) (-328 -1024 -169.175995 ) (-328 -1024 -171.529022 ) 
4 158 359 (-320 -1024 -169.175995 ) (-320 -1024 -168 ) (-328 -1024 -168 ) (-328 -1024 -169.175995 ) 
4 158 164 (-320 -688 -240 ) (-320 -1024 -240 ) (-328 -1024 -240 ) (-328 -697.143250 -240 ) 
4 158 163 (-328 -697.143250 -240 ) (-328 -712 -240 ) (-328 -712 -168 ) (-328 -697.143250 -168 ) 
4 158 161 (-328 -765.880432 -240 ) (-328 -1024 -240 ) (-328 -1024 -168 ) (-328 -765.880493 -168 ) 
4 158 159 (-328 -712 -240 ) (-328 -765.880432 -240 ) (-328 -765.880493 -168 ) (-328 -712 -168 ) 
4 159 190 (-376 -720.192383 -168 ) (-376 -664 -168 ) (-376 -664 -240 ) (-376 -720.192383 -240 ) 
4 159 166 (-334.933350 -705.066650 -240 ) (-328 -712 -240 ) (-328 -765.880432 -240 ) (-360.815125 -734.645874 -240 ) 
4 159 165 (-376 -720.192383 -240 ) (-376 -664 -240 ) (-342.769226 -697.230774 -240 ) (-368.538300 -727.294678 -240 ) 
4 159 163 (-328 -712 -168 ) (-328 -712 -240 ) (-334.932983 -705.067017 -240 ) (-334.932983 -705.067017 -168 ) 
4 159 162 (-342.768982 -697.231018 -240 ) (-376 -664 -240 ) (-376 -664 -168 ) (-342.768982 -697.231018 -168 ) 
4 159 161 (-360.816223 -734.647095 -240 ) (-328 -765.882629 -240 ) (-328 -765.882629 -168 ) (-360.816193 -734.647034 -168 ) 
4 159 160 (-376 -720.194641 -240 ) (-368.539063 -727.296204 -240 ) (-368.539063 -727.296143 -168 ) (-376 -720.194580 -168 ) 
4 160 190 (-376 -736 -168 ) (-376 -720.192383 -168 ) (-376 -720.192383 -240 ) (-376 -736 -240 ) 
3 160 165 (-376 -736 -240 ) (-376 -720.192383 -240 ) (-368.538025 -727.294983 -240 ) 
4 161 369 (-376 -1024 -237 ) (-376 -1024 -240 ) (-328 -1024 -240 ) (-328 -1024 -237 ) 
4 161 363 (-376 -1024 -171.529022 ) (-376 -1024 -237 ) (-328 -1024 -237 ) (-328 -1024 -171.529022 ) 
4 161 360 (-376 -1024 -169.175995 ) (-376 -1024 -171.529022 ) (-328 -1024 -171.529022 ) (-328 -1024 -169.175995 ) 
4 161 359 (-376 -1024 -168 ) (-376 -1024 -169.175995 ) (-328 -1024 -169.175995 ) (-328 -1024 -168 ) 
4 161 267 (-376 -1024 -240 ) (-376 -1024 -237 ) (-376 -964 -237 ) (-376 -964 -240 ) 
4 161 239 (-376 -1024 -237 ) (-376 -1024 -171.529022 ) (-376 -966 -171.529022 ) (-376 -966 -237 ) 
4 161 237 (-376 -966 -171.529022 ) (-376 -964 -171.529022 ) (-376 -964 -237 ) (-376 -966 -237 ) 
4 161 229 (-376 -1024 -171.529022 ) (-376 -1024 -168 ) (-376 -964 -168 ) (-376 -964 -171.529022 ) 
4 161 203 (-376 -964 -168 ) (-376 -752 -168 ) (-376 -752 -240 ) (-376 -964 -240 ) 
5 161 166 (-376 -1024 -240 ) (-376 -752 -240 ) (-360.815155 -734.645874 -240 ) (-328 -765.880432 -240 ) (-328 -1024 -240 ) 
4 162 190 (-376 -664 -168 ) (-376 -624 -168 ) (-376 -624 -240 ) (-376 -664 -240 ) 
5 162 165 (-376 -664 -240 ) (-376 -624 -240 ) (-328 -624 -240 ) (-328 -680 -240 ) (-342.768982 -697.231018 -240 ) 
3 163 166 (-328 -697.143250 -240 ) (-328 -712 -240 ) (-334.932983 -705.067017 -240 ) 
4 164 374 (-328 -1024 -272 ) (-320 -1024 -272 ) (-320 -1024 -247 ) (-328 -1024 -247 ) 
4 164 371 (-320 -1024 -247 ) (-320 -1024 -240 ) (-328 -1024 -240 ) (-328 -1024 -247 ) 
4 164 292 (-328 -700.007996 -272 ) (-328 -697.142822 -272 ) (-324.001953 -692.573669 -272 ) (-322 -694.004028 -272 ) 
4 164 291 (-320 -1024 -272 ) (-328 -1024 -272 ) (-328 -700.007996 -272 ) (-320 -692.002625 -272 ) 
4 164 166 (-328 -1024 -240 ) (-328 -697.142822 -240 ) (-328 -697.142883 -272 ) (-328 -1024 -272 ) 
3 165 321 (-376 -736 -272 ) (-376 -734 -272 ) (-374.285706 -734 -272 ) 
5 165 309 (-376 -734 -272 ) (-376 -674 -272 ) (-336 -674 -272 ) (-336 -689.333313 -272 ) (-374.285706 -734 -272 ) 
4 165 300 (-376 -674 -272 ) (-376 -624 -272 ) (-336 -624 -272 ) (-336 -674 -272 ) 
4 165 293 (-336 -624 -272 ) (-328 -624 -272 ) (-328 -680 -272 ) (-336 -689.333313 -272 ) 
4 165 190 (-376 -624 -272 ) (-376 -736 -272 ) (-376 -736 -240 ) (-376 -624 -240 ) 
4 166 374 (-376 -1024 -247 ) (-376 -1024 -272 ) (-328 -1024 -272 ) (-328 -1024 -247 ) 
4 166 371 (-376 -1024 -240 ) (-376 -1024 -247 ) (-328 -1024 -247 ) (-328 -1024 -240 ) 
5 166 327 (-336 -1024 -272 ) (-376 -1024 -272 ) (-376 -756 -272 ) (-372.569458 -752 -272 ) (-336 -752 -272 ) 
3 166 326 (-370 -749.004028 -272 ) (-370 -752 -272 ) (-372.569427 -752 -272 ) 
5 166 325 (-370 -745.142883 -272 ) (-362 -736 -272 ) (-336 -736 -272 ) (-336 -752 -272 ) (-370 -752 -272 ) 
4 166 324 (-362 -736 -272 ) (-360.249969 -734 -272 ) (-336 -734 -272 ) (-336 -736 -272 ) 
3 166 311 (-360.249969 -734 -272 ) (-336 -706.285767 -272 ) (-336 -734 -272 ) 
4 166 294 (-328 -1024 -272 ) (-336 -1024 -272 ) (-336 -706.285767 -272 ) (-328 -697.142883 -272 ) 
4 166 272 (-376 -1024 -247 ) (-376 -1024 -240 ) (-376 -988 -240 ) (-376 -988 -247 ) 
4 166 271 (-376 -988 -240 ) (-376 -964 -240 ) (-376 -964 -247 ) (-376 -988 -247 ) 
4 166 280 (-376 -964 -272 ) (-376 -1024 -272 ) (-376 -1024 -247 ) (-376 -964 -247 ) 
4 166 203 (-376 -752 -272 ) (-376 -964 -272 ) (-376 -964 -240 ) (-376 -752 -240 ) 
4 167 171 (-384 -68 -272 ) (-384 -124 -272 ) (-384 -124 -160 ) (-384 -68 -160 ) 
4 171 173 (-720 -136 -272 ) (-384 -136 -272 ) (-384 -136 -144 ) (-720 -136 -144 ) 
4 172 197 (-1016 -104 -240 ) (-1016 -104 -168 ) (-1016 -64 -168 ) (-1016 -64 -240 ) 
4 172 174 (-824 -136 -272 ) (-768 -136 -272 ) (-768 -136 -160 ) (-824 -136 -160 ) 
4 173 177 (-688 -144 -272 ) (-400 -144 -272 ) (-400 -144 -144 ) (-688 -144 -144 ) 
4 173 176 (-400 -144 -272 ) (-384 -144 -272 ) (-384 -144 -144 ) (-400 -144 -144 ) 
4 173 179 (-720 -144 -272 ) (-688 -144 -272 ) (-688 -144 -144 ) (-720 -144 -144 ) 
4 174 184 (-824 -144 -272 ) (-768 -144 -272 ) (-768 -144 -160 ) (-824 -144 -160 ) 
4 175 189 (-384 -448 -272 ) (-376 -448 -272 ) (-376 -448 -144 ) (-384 -448 -144 ) 
4 175 181 (-384 -384 -272 ) (-384 -448 -272 ) (-384 -448 -144 ) (-384 -384 -144 ) 
4 176 180 (-400 -336 -272 ) (-384 -336 -272 ) (-384 -336 -144 ) (-400 -336 -144 ) 
4 176 178 (-400 -336 -248 ) (-400 -336 -144 ) (-400 -208 -144 ) (-400 -208 -248 ) 
4 176 177 (-400 -144 -144 ) (-400 -144 -272 ) (-400 -208 -272 ) (-400 -208 -144 ) 
4 177 178 (-688 -208 -144 ) (-688 -208 -248 ) (-400 -208 -248 ) (-400 -208 -144 ) 
4 177 179 (-688 -144 -144 ) (-688 -144 -272 ) (-688 -208 -272 ) (-688 -208 -144 ) 
4 178 180 (-400 -336 -248 ) (-400 -336 -144 ) (-688 -336 -144 ) (-688 -336 -248 ) 
4 178 179 (-688 -336 -248 ) (-688 -336 -144 ) (-688 -208 -144 ) (-688 -208 -248 ) 
4 179 182 (-720 -144 -144 ) (-720 -144 -272 ) (-720 -280 -272 ) (-720 -280 -144 ) 
4 179 180 (-720 -336 -144 ) (-720 -336 -272 ) (-688 -336 -272 ) (-688 -336 -144 ) 
4 181 189 (-448 -448 -272 ) (-384 -448 -272 ) (-384 -448 -144 ) (-448 -448 -144 ) 
4 182 184 (-760 -144 -144 ) (-760 -144 -272 ) (-760 -280 -272 ) (-760 -280 -144 ) 
4 183 191 (-760 -448 -272 ) (-728 -448 -272 ) (-728 -448 -144 ) (-760 -448 -144 ) 
4 183 187 (-760 -288 -272 ) (-760 -448 -272 ) (-760 -448 -144 ) (-760 -288 -144 ) 
4 184 186 (-816 -280 -272 ) (-760 -280 -272 ) (-760 -280 -160 ) (-816 -280 -160 ) 
4 184 185 (-848 -184 -272 ) (-848 -240 -272 ) (-848 -240 -160 ) (-848 -184 -160 ) 
4 185 188 (-856 -184 -272 ) (-856 -240 -272 ) (-856 -240 -160 ) (-856 -184 -160 ) 
4 186 187 (-816 -288 -272 ) (-760 -288 -272 ) (-760 -288 -160 ) (-816 -288 -160 ) 
4 187 191 (-848 -448 -272 ) (-760 -448 -272 ) (-760 -448 -144 ) (-848 -448 -144 ) 
4 188 198 (-1016 -296 -232 ) (-1016 -296 -168 ) (-1016 -216 -168 ) (-1016 -216 -232 ) 
4 189 190 (-456 -456 -272 ) (-376 -456 -272 ) (-376 -456 -144 ) (-456 -456 -144 ) 
4 190 348 (-614 -736 -272 ) (-616 -736 -272 ) (-616 -576 -272 ) (-614 -576 -272 ) 
4 190 347 (-554 -736 -272 ) (-614 -736 -272 ) (-614 -660 -272 ) (-554 -660 -272 ) 
4 190 346 (-614 -660 -272 ) (-614 -648 -272 ) (-554 -648 -272 ) (-554 -660 -272 ) 
4 190 345 (-614 -648 -272 ) (-614 -636 -272 ) (-554 -636 -272 ) (-554 -648 -272 ) 
4 190 344 (-614 -636 -272 ) (-614 -624 -272 ) (-554 -624 -272 ) (-554 -636 -272 ) 
4 190 343 (-614 -624 -272 ) (-614 -612 -272 ) (-554 -612 -272 ) (-554 -624 -272 ) 
4 190 342 (-614 -612 -272 ) (-614 -600 -272 ) (-554 -600 -272 ) (-554 -612 -272 ) 
4 190 341 (-614 -600 -272 ) (-614 -588 -272 ) (-554 -588 -272 ) (-554 -600 -272 ) 
4 190 340 (-614 -588 -272 ) (-614 -576 -272 ) (-554 -576 -272 ) (-554 -588 -272 ) 
4 190 338 (-552 -736 -272 ) (-554 -736 -272 ) (-554 -576 -272 ) (-552 -576 -272 ) 
4 190 337 (-616 -576 -272 ) (-616 -564 -272 ) (-552 -564 -272 ) (-552 -576 -272 ) 
4 190 322 (-432 -736 -272 ) (-552 -736 -272 ) (-552 -734 -272 ) (-432 -734 -272 ) 
4 190 321 (-376 -734 -272 ) (-376 -736 -272 ) (-432 -736 -272 ) (-432 -734 -272 ) 
4 190 320 (-540 -734 -272 ) (-552 -734 -272 ) (-552 -674 -272 ) (-540 -674 -272 ) 
4 190 319 (-528 -734 -272 ) (-540 -734 -272 ) (-540 -674 -272 ) (-528 -674 -272 ) 
4 190 318 (-516 -734 -272 ) (-528 -734 -272 ) (-528 -674 -272 ) (-516 -674 -272 ) 
4 190 317 (-504 -734 -272 ) (-516 -734 -272 ) (-516 -674 -272 ) (-504 -674 -272 ) 
4 190 316 (-492 -734 -272 ) (-504 -734 -272 ) (-504 -674 -272 ) (-492 -674 -272 ) 
4 190 315 (-480 -734 -272 ) (-492 -734 -272 ) (-492 -674 -272 ) (-480 -674 -272 ) 
4 190 314 (-468 -734 -272 ) (-480 -734 -272 ) (-480 -674 -272 ) (-468 -674 -272 ) 
4 190 313 (-456 -734 -272 ) (-468 -734 -272 ) (-468 -674 -272 ) (-456 -674 -272 ) 
4 190 312 (-444 -734 -272 ) (-456 -734 -272 ) (-456 -674 -272 ) (-444 -674 -272 ) 
4 190 310 (-432 -734 -272 ) (-444 -734 -272 ) (-444 -674 -272 ) (-432 -674 -272 ) 
4 190 309 (-376 -674 -272 ) (-376 -734 -272 ) (-432 -734 -272 ) (-432 -674 -272 ) 
4 190 306 (-456 -674 -272 ) (-552 -674 -272 ) (-552 -672 -272 ) (-456 -672 -272 ) 
4 190 305 (-552 -672 -272 ) (-552 -576 -272 ) (-456 -576 -272 ) (-456 -672 -272 ) 
4 190 302 (-432 -674 -272 ) (-456 -674 -272 ) (-456 -672 -272 ) (-432 -672 -272 ) 
4 190 301 (-456 -672 -272 ) (-456 -536 -272 ) (-432 -536 -272 ) (-432 -672 -272 ) 
4 190 300 (-376 -536 -272 ) (-376 -674 -272 ) (-432 -674 -272 ) (-432 -536 -272 ) 
4 191 192 (-848 -456 -272 ) (-728 -456 -272 ) (-728 -456 -144 ) (-848 -456 -144 ) 
4 192 199 (-1016 -520 -240 ) (-1016 -520 -168 ) (-1016 -480 -168 ) (-1016 -480 -240 ) 
4 192 194 (-952 -544 -272 ) (-896 -544 -272 ) (-896 -544 -160 ) (-952 -544 -160 ) 
4 192 193 (-704 -544 -272 ) (-648 -544 -272 ) (-648 -544 -160 ) (-704 -544 -160 ) 
4 193 195 (-704 -552 -272 ) (-648 -552 -272 ) (-648 -552 -160 ) (-704 -552 -160 ) 
4 194 196 (-952 -552 -272 ) (-896 -552 -272 ) (-896 -552 -160 ) (-952 -552 -160 ) 
4 195 200 (-664 -744 -240 ) (-664 -744 -168 ) (-704 -744 -168 ) (-704 -744 -240 ) 
4 196 202 (-888 -744 -240 ) (-888 -744 -168 ) (-928 -744 -168 ) (-928 -744 -240 ) 
4 196 201 (-800 -744 -240 ) (-800 -744 -168 ) (-840 -744 -168 ) (-840 -744 -240 ) 
4 197 358 (-1024 -104 -240 ) (-1024 -104 -168 ) (-1024 -64 -168 ) (-1024 -64 -240 ) 
4 198 358 (-1024 -296 -232 ) (-1024 -296 -168 ) (-1024 -216 -168 ) (-1024 -216 -232 ) 
4 199 358 (-1024 -520 -240 ) (-1024 -520 -168 ) (-1024 -480 -168 ) (-1024 -480 -240 ) 
4 200 228 (-664 -752 -240 ) (-664 -752 -168 ) (-704 -752 -168 ) (-704 -752 -240 ) 
4 201 228 (-800 -752 -240 ) (-800 -752 -168 ) (-840 -752 -168 ) (-840 -752 -240 ) 
4 202 228 (-888 -752 -240 ) (-888 -752 -168 ) (-928 -752 -168 ) (-928 -752 -240 ) 
4 203 330 (-459 -752 -272 ) (-456 -752 -272 ) (-456 -964 -272 ) (-459 -964 -272 ) 
3 203 328 (-376 -756 -272 ) (-386 -767.659973 -272 ) (-386 -756 -272 ) 
4 203 327 (-376 -756 -272 ) (-376 -964 -272 ) (-386 -964 -272 ) (-386 -767.659973 -272 ) 
4 203 329 (-456 -752 -272 ) (-386 -752 -272 ) (-386 -964 -272 ) (-456 -964 -272 ) 
4 203 275 (-456 -964 -240 ) (-459 -964 -240 ) (-459 -964 -247 ) (-456 -964 -247 ) 
4 203 273 (-452 -964 -240 ) (-454 -964 -240 ) (-455 -964 -247 ) (-452 -964 -247 ) 
4 203 271 (-376 -964 -247 ) (-376 -964 -240 ) (-452 -964 -240 ) (-452 -964 -247 ) 
4 203 280 (-459 -964 -272 ) (-376 -964 -272 ) (-376 -964 -247 ) (-459 -964 -247 ) 
4 203 268 (-449 -964 -237 ) (-453 -964 -237 ) (-453 -964 -240 ) (-449 -964 -240 ) 
4 203 267 (-376 -964 -240 ) (-376 -964 -237 ) (-449 -964 -237 ) (-449 -964 -240 ) 
4 203 237 (-376 -964 -237 ) (-376 -964 -171.529022 ) (-455 -964 -171.529022 ) (-455 -964 -237 ) 
4 203 234 (-455 -964 -169.175995 ) (-455 -964 -168 ) (-456 -964 -168 ) (-456 -964 -169.175995 ) 
4 203 233 (-455 -964 -171.529022 ) (-452 -964 -171.529022 ) (-452 -964 -168 ) (-455 -964 -168 ) 
4 203 232 (-452 -964 -144 ) (-459 -964 -144 ) (-459 -964 -168 ) (-452 -964 -168 ) 
4 203 230 (-451 -964 -144 ) (-452 -964 -144 ) (-452 -964 -171.529022 ) (-451 -964 -171.529022 ) 
4 203 229 (-376 -964 -171.529022 ) (-376 -964 -144 ) (-451 -964 -144 ) (-451 -964 -171.529022 ) 
4 203 221 (-459 -929 -168 ) (-459 -929 -144 ) (-459 -926 -144 ) (-459 -926 -168 ) 
4 203 222 (-459 -926 -272 ) (-459 -929 -272 ) (-459 -929 -240 ) (-459 -926 -240 ) 
4 203 223 (-459 -929 -272 ) (-459 -964 -272 ) (-459 -964 -144 ) (-459 -929 -144 ) 
4 203 220 (-459 -911 -272 ) (-459 -926 -272 ) (-459 -926 -240 ) (-459 -911 -240 ) 
4 203 217 (-459 -926 -188 ) (-459 -926 -169 ) (-459 -911 -169 ) (-459 -911 -188 ) 
4 203 218 (-459 -926 -239 ) (-459 -926 -191 ) (-459 -911 -191 ) (-459 -911 -239 ) 
4 203 216 (-459 -926 -168 ) (-459 -926 -144 ) (-459 -911 -144 ) (-459 -911 -168 ) 
4 203 212 (-459 -911 -168 ) (-459 -911 -144 ) (-459 -907 -144 ) (-459 -907 -168 ) 
4 203 213 (-459 -907 -272 ) (-459 -911 -272 ) (-459 -911 -240 ) (-459 -907 -240 ) 
4 203 210 (-459 -907 -239 ) (-459 -907 -191 ) (-459 -892 -191 ) (-459 -892 -239 ) 
4 203 211 (-459 -892 -272 ) (-459 -907 -272 ) (-459 -907 -240 ) (-459 -892 -240 ) 
4 203 207 (-459 -907 -168 ) (-459 -907 -144 ) (-459 -892 -144 ) (-459 -892 -168 ) 
4 203 208 (-459 -907 -188 ) (-459 -907 -169 ) (-459 -892 -169 ) (-459 -892 -188 ) 
4 203 205 (-459 -892 -168 ) (-459 -892 -144 ) (-459 -889 -144 ) (-459 -889 -168 ) 
4 203 206 (-459 -889 -272 ) (-459 -892 -272 ) (-459 -892 -240 ) (-459 -889 -240 ) 
4 203 204 (-459 -752 -144 ) (-459 -752 -272 ) (-459 -889 -272 ) (-459 -889 -144 ) 
4 204 330 (-464 -752 -272 ) (-459 -752 -272 ) (-459 -889 -272 ) (-464 -889 -272 ) 
4 204 224 (-464 -752 -144 ) (-464 -752 -272 ) (-464 -889 -272 ) (-464 -889 -144 ) 
4 204 205 (-464 -889 -144 ) (-464 -889 -168 ) (-459 -889 -168 ) (-459 -889 -144 ) 
4 204 206 (-464 -889 -240 ) (-464 -889 -272 ) (-459 -889 -272 ) (-459 -889 -240 ) 
4 205 225 (-464 -892 -168 ) (-464 -892 -144 ) (-464 -889 -144 ) (-464 -889 -168 ) 
4 205 207 (-461 -892 -168 ) (-459 -892 -168 ) (-459 -892 -144 ) (-461 -892 -144 ) 
4 205 209 (-464 -892 -144 ) (-464 -892 -168 ) (-461 -892 -168 ) (-461 -892 -144 ) 
4 206 330 (-459 -889 -272 ) (-459 -892 -272 ) (-464 -892 -272 ) (-464 -889 -272 ) 
4 206 226 (-464 -889 -272 ) (-464 -892 -272 ) (-464 -892 -241 ) (-464 -889 -241 ) 
4 206 211 (-464 -892 -240 ) (-464 -892 -272 ) (-459 -892 -272 ) (-459 -892 -240 ) 
4 207 212 (-459 -907 -168 ) (-459 -907 -144 ) (-461 -907 -144 ) (-461 -907 -168 ) 
4 207 209 (-461 -892 -144 ) (-461 -892 -168 ) (-461 -907 -168 ) (-461 -907 -144 ) 
4 208 209 (-461 -892 -169 ) (-461 -892 -188 ) (-461 -907 -188 ) (-461 -907 -169 ) 
4 209 225 (-464 -907 -191 ) (-464 -907 -144 ) (-464 -892 -144 ) (-464 -892 -191 ) 
4 209 214 (-464 -907 -144 ) (-464 -907 -191 ) (-461 -907 -191 ) (-461 -907 -144 ) 
4 209 210 (-461 -907 -191 ) (-464 -907 -191 ) (-464 -892 -191 ) (-461 -892 -191 ) 
4 210 225 (-464 -907 -239 ) (-464 -907 -191 ) (-464 -892 -191 ) (-464 -892 -239 ) 
4 210 214 (-464 -907 -191 ) (-464 -907 -239 ) (-461 -907 -239 ) (-461 -907 -191 ) 
4 211 330 (-459 -892 -272 ) (-459 -907 -272 ) (-464 -907 -272 ) (-464 -892 -272 ) 
4 211 226 (-464 -892 -272 ) (-464 -907 -272 ) (-464 -907 -241 ) (-464 -892 -241 ) 
4 211 215 (-464 -907 -240 ) (-464 -907 -272 ) (-461 -907 -272 ) (-461 -907 -240 ) 
4 211 213 (-461 -907 -272 ) (-459 -907 -272 ) (-459 -907 -240 ) (-461 -907 -240 ) 
4 212 216 (-459 -911 -168 ) (-459 -911 -144 ) (-461 -911 -144 ) (-461 -911 -168 ) 
4 212 214 (-461 -907 -144 ) (-461 -907 -168 ) (-461 -911 -168 ) (-461 -911 -144 ) 
4 213 330 (-459 -907 -272 ) (-459 -911 -272 ) (-461 -911 -272 ) (-461 -907 -272 ) 
4 213 220 (-461 -911 -272 ) (-459 -911 -272 ) (-459 -911 -240 ) (-461 -911 -240 ) 
4 213 215 (-461 -907 -240 ) (-461 -907 -272 ) (-461 -911 -272 ) (-461 -911 -240 ) 
4 214 225 (-464 -911 -239 ) (-464 -911 -144 ) (-464 -907 -144 ) (-464 -907 -239 ) 
4 214 219 (-464 -911 -144 ) (-464 -911 -239 ) (-461 -911 -239 ) (-461 -911 -144 ) 
4 215 330 (-461 -911 -272 ) (-464 -911 -272 ) (-464 -907 -272 ) (-461 -907 -272 ) 
4 215 226 (-464 -907 -272 ) (-464 -911 -272 ) (-464 -911 -241 ) (-464 -907 -241 ) 
4 215 220 (-464 -911 -240 ) (-464 -911 -272 ) (-461 -911 -272 ) (-461 -911 -240 ) 
4 216 221 (-459 -926 -168 ) (-459 -926 -144 ) (-461 -926 -144 ) (-461 -926 -168 ) 
4 216 219 (-461 -911 -144 ) (-461 -911 -168 ) (-461 -926 -168 ) (-461 -926 -144 ) 
4 217 219 (-461 -911 -169 ) (-461 -911 -188 ) (-461 -926 -188 ) (-461 -926 -169 ) 
4 218 219 (-461 -911 -191 ) (-461 -911 -239 ) (-461 -926 -239 ) (-461 -926 -191 ) 
4 219 225 (-464 -926 -239 ) (-464 -926 -144 ) (-464 -911 -144 ) (-464 -911 -239 ) 
4 219 221 (-464 -926 -144 ) (-464 -926 -168 ) (-461 -926 -168 ) (-461 -926 -144 ) 
4 220 330 (-459 -911 -272 ) (-459 -926 -272 ) (-464 -926 -272 ) (-464 -911 -272 ) 
4 220 226 (-464 -911 -272 ) (-464 -926 -272 ) (-464 -926 -241 ) (-464 -911 -241 ) 
4 220 222 (-464 -926 -240 ) (-464 -926 -272 ) (-459 -926 -272 ) (-459 -926 -240 ) 
4 221 225 (-464 -929 -168 ) (-464 -929 -144 ) (-464 -926 -144 ) (-464 -926 -168 ) 
4 221 223 (-464 -929 -144 ) (-464 -929 -168 ) (-459 -929 -168 ) (-459 -929 -144 ) 
4 222 330 (-459 -926 -272 ) (-459 -929 -272 ) (-464 -929 -272 ) (-464 -926 -272 ) 
4 222 226 (-464 -926 -272 ) (-464 -929 -272 ) (-464 -929 -241 ) (-464 -926 -241 ) 
4 222 223 (-464 -929 -240 ) (-464 -929 -272 ) (-459 -929 -272 ) (-459 -929 -240 ) 
4 223 330 (-459 -929 -272 ) (-459 -964 -272 ) (-464 -964 -272 ) (-464 -929 -272 ) 
4 223 277 (-461 -964 -240 ) (-464 -964 -240 ) (-464 -964 -247 ) (-461 -964 -247 ) 
4 223 276 (-460 -964 -240 ) (-461 -964 -240 ) (-461 -964 -247 ) (-460 -964 -247 ) 
4 223 275 (-459 -964 -247 ) (-459 -964 -240 ) (-460 -964 -240 ) (-460 -964 -247 ) 
4 223 280 (-464 -964 -272 ) (-459 -964 -272 ) (-459 -964 -247 ) (-464 -964 -247 ) 
4 223 232 (-459 -964 -168 ) (-459 -964 -144 ) (-464 -964 -144 ) (-464 -964 -168 ) 
4 223 227 (-464 -929 -272 ) (-464 -964 -272 ) (-464 -964 -144 ) (-464 -929 -144 ) 
4 224 336 (-465 -752 -272 ) (-464 -752 -272 ) (-464 -889 -272 ) (-465 -889 -272 ) 
4 224 225 (-465 -889 -144 ) (-465 -889 -239 ) (-464 -889 -239 ) (-464 -889 -144 ) 
4 224 226 (-465 -889 -241 ) (-465 -889 -272 ) (-464 -889 -272 ) (-464 -889 -241 ) 
4 224 228 (-465 -752 -144 ) (-465 -752 -272 ) (-465 -889 -272 ) (-465 -889 -144 ) 
4 225 227 (-465 -929 -144 ) (-465 -929 -239 ) (-464 -929 -239 ) (-464 -929 -144 ) 
4 225 228 (-465 -929 -239 ) (-465 -929 -144 ) (-465 -889 -144 ) (-465 -889 -239 ) 
4 226 336 (-464 -889 -272 ) (-464 -929 -272 ) (-465 -929 -272 ) (-465 -889 -272 ) 
4 226 228 (-465 -889 -272 ) (-465 -929 -272 ) (-465 -929 -241 ) (-465 -889 -241 ) 
4 226 227 (-465 -929 -241 ) (-465 -929 -272 ) (-464 -929 -272 ) (-464 -929 -241 ) 
4 227 336 (-464 -929 -272 ) (-464 -964 -272 ) (-465 -964 -272 ) (-465 -929 -272 ) 
4 227 280 (-465 -964 -272 ) (-464 -964 -272 ) (-464 -964 -247 ) (-465 -964 -247 ) 
4 227 238 (-464 -964 -237 ) (-464 -964 -171.529022 ) (-465 -964 -171.529022 ) (-465 -964 -237 ) 
4 227 236 (-464 -964 -171.529022 ) (-464 -964 -168 ) (-465 -964 -168 ) (-465 -964 -171.529022 ) 
4 227 232 (-464 -964 -168 ) (-464 -964 -144 ) (-465 -964 -144 ) (-465 -964 -168 ) 
4 227 228 (-465 -929 -272 ) (-465 -964 -272 ) (-465 -964 -144 ) (-465 -929 -144 ) 
4 228 358 (-1024 -752 -272 ) (-1024 -964 -272 ) (-1024 -964 -144 ) (-1024 -752 -144 ) 
4 228 353 (-1024 -964 -272 ) (-1024 -752 -272 ) (-624 -752 -272 ) (-624 -964 -272 ) 
4 228 351 (-624 -752 -272 ) (-616 -752 -272 ) (-616 -964 -272 ) (-624 -964 -272 ) 
4 228 350 (-616 -752 -272 ) (-552 -752 -272 ) (-552 -964 -272 ) (-616 -964 -272 ) 
4 228 336 (-552 -752 -272 ) (-465 -752 -272 ) (-465 -964 -272 ) (-552 -964 -272 ) 
4 228 279 (-465 -964 -247 ) (-465 -964 -240 ) (-1024 -964 -240 ) (-1024 -964 -247 ) 
4 228 280 (-1024 -964 -272 ) (-465 -964 -272 ) (-465 -964 -247 ) (-1024 -964 -247 ) 
4 228 270 (-466 -964 -237 ) (-1024 -964 -237 ) (-1024 -964 -240 ) (-466 -964 -240 ) 
4 228 238 (-465 -964 -237 ) (-465 -964 -171.529022 ) (-1024 -964 -171.529022 ) (-1024 -964 -237 ) 
4 228 236 (-465 -964 -171.529022 ) (-465 -964 -168 ) (-1024 -964 -168 ) (-1024 -964 -171.529022 ) 
4 228 232 (-465 -964 -168 ) (-465 -964 -144 ) (-1024 -964 -144 ) (-1024 -964 -168 ) 
4 229 360 (-451 -1024 -169.175995 ) (-451 -1024 -171.529022 ) (-376 -1024 -171.529022 ) (-376 -1024 -169.175995 ) 
4 229 359 (-376 -1024 -144 ) (-451 -1024 -144 ) (-451 -1024 -169.175995 ) (-376 -1024 -169.175995 ) 
4 229 239 (-376 -966 -171.529022 ) (-376 -1024 -171.529022 ) (-451 -1024 -171.529022 ) (-451 -966 -171.529022 ) 
4 229 237 (-451 -964 -171.529022 ) (-376 -964 -171.529022 ) (-376 -966 -171.529022 ) (-451 -966 -171.529022 ) 
4 229 231 (-451 -1024 -169.175995 ) (-451 -1024 -144 ) (-451 -988 -144 ) (-451 -988 -169.175995 ) 
4 229 230 (-451 -964 -144 ) (-451 -964 -171.529022 ) (-451 -988 -171.529022 ) (-451 -988 -144 ) 
4 230 240 (-451 -966 -171.529022 ) (-451 -988 -171.529022 ) (-452 -988 -171.529022 ) (-452 -966 -171.529022 ) 
4 230 237 (-452 -964 -171.529022 ) (-451 -964 -171.529022 ) (-451 -966 -171.529022 ) (-452 -966 -171.529022 ) 
4 230 233 (-452 -964 -168 ) (-452 -964 -171.529022 ) (-452 -988 -171.529022 ) (-452 -988 -168 ) 
4 230 232 (-452 -964 -144 ) (-452 -964 -168 ) (-452 -988 -168 ) (-452 -988 -144 ) 
4 230 231 (-452 -988 -144 ) (-452 -988 -169.175995 ) (-451 -988 -169.175995 ) (-451 -988 -144 ) 
4 231 359 (-451 -1024 -144 ) (-452 -1024 -144 ) (-452 -1024 -169.175995 ) (-451 -1024 -169.175995 ) 
4 231 232 (-452 -1024 -168 ) (-452 -1024 -144 ) (-452 -988 -144 ) (-452 -988 -168 ) 
4 232 361 (-452 -1024 -144 ) (-1024 -1024 -144 ) (-1024 -1024 -168 ) (-452 -1024 -168 ) 
4 232 358 (-1024 -1024 -168 ) (-1024 -1024 -144 ) (-1024 -964 -144 ) (-1024 -964 -168 ) 
4 232 235 (-460 -1024 -168 ) (-464 -1024 -168 ) (-464 -1004 -168 ) (-460 -1004 -168 ) 
4 232 236 (-1024 -964 -168 ) (-464 -964 -168 ) (-464 -1024 -168 ) (-1024 -1024 -168 ) 
4 232 234 (-456 -964 -168 ) (-455 -964 -168 ) (-455 -988 -168 ) (-456 -988 -168 ) 
4 232 233 (-455 -964 -168 ) (-452 -964 -168 ) (-452 -988 -168 ) (-455 -988 -168 ) 
4 233 244 (-453 -988 -171.529022 ) (-455 -988 -171.529022 ) (-455 -967 -171.529022 ) (-453 -967 -171.529022 ) 
4 233 242 (-455 -967 -171.529022 ) (-455 -966 -171.529022 ) (-453 -966 -171.529022 ) (-453 -967 -171.529022 ) 
4 233 240 (-452 -966 -171.529022 ) (-452 -988 -171.529022 ) (-453 -988 -171.529022 ) (-453 -966 -171.529022 ) 
4 233 237 (-455 -964 -171.529022 ) (-452 -964 -171.529022 ) (-452 -966 -171.529022 ) (-455 -966 -171.529022 ) 
4 233 234 (-455 -988 -169.175995 ) (-455 -988 -168 ) (-455 -964 -168 ) (-455 -964 -169.175995 ) 
4 235 362 (-464 -1024 -171.529022 ) (-460 -1024 -171.529022 ) (-460 -1024 -168 ) (-464 -1024 -168 ) 
4 235 265 (-463 -1024 -171.529022 ) (-464 -1024 -171.529022 ) (-464 -1004 -171.529022 ) (-463 -1004 -171.529022 ) 
4 235 245 (-460 -1024 -171.529022 ) (-463 -1024 -171.529022 ) (-463 -1004 -171.529022 ) (-460 -1004 -171.529022 ) 
4 235 236 (-464 -1004 -171.529022 ) (-464 -1024 -171.529022 ) (-464 -1024 -168 ) (-464 -1004 -168 ) 
4 236 362 (-1024 -1024 -168 ) (-1024 -1024 -171.529022 ) (-464 -1024 -171.529022 ) (-464 -1024 -168 ) 
4 236 358 (-1024 -1024 -171.529022 ) (-1024 -1024 -168 ) (-1024 -964 -168 ) (-1024 -964 -171.529022 ) 
4 236 266 (-464 -966 -171.529022 ) (-464 -1024 -171.529022 ) (-1024 -1024 -171.529022 ) (-1024 -966 -171.529022 ) 
4 236 238 (-1024 -964 -171.529022 ) (-464 -964 -171.529022 ) (-464 -966 -171.529022 ) (-1024 -966 -171.529022 ) 
4 237 268 (-453 -964 -237 ) (-449 -964 -237 ) (-449 -966 -237 ) (-453 -966 -237 ) 
4 237 267 (-449 -964 -237 ) (-376 -964 -237 ) (-376 -966 -237 ) (-449 -966 -237 ) 
4 237 262 (-455 -966 -237 ) (-453 -966 -237 ) (-453 -966 -235.059006 ) (-455 -966 -235.059006 ) 
4 237 243 (-453 -966 -235.059006 ) (-453 -966 -173.882004 ) (-455 -966 -173.882004 ) (-455 -966 -235.059006 ) 
4 237 242 (-453 -966 -173.882004 ) (-453 -966 -171.529022 ) (-455 -966 -171.529022 ) (-455 -966 -173.882004 ) 
4 237 240 (-453 -966 -237 ) (-451 -966 -237 ) (-451 -966 -171.529022 ) (-453 -966 -171.529022 ) 
4 237 239 (-451 -966 -237 ) (-376 -966 -237 ) (-376 -966 -171.529022 ) (-451 -966 -171.529022 ) 
4 238 358 (-1024 -966 -171.529022 ) (-1024 -964 -171.529022 ) (-1024 -964 -237 ) (-1024 -966 -237 ) 
4 238 270 (-1024 -966 -237 ) (-1024 -964 -237 ) (-466 -964 -237 ) (-466 -966 -237 ) 
4 238 266 (-1024 -966 -237 ) (-464 -966 -237 ) (-464 -966 -171.529022 ) (-1024 -966 -171.529022 ) 
4 239 363 (-451 -1024 -237 ) (-376 -1024 -237 ) (-376 -1024 -171.529022 ) (-451 -1024 -171.529022 ) 
4 239 268 (-451 -966 -237 ) (-449 -966 -237 ) (-449 -988 -237 ) (-451 -988 -237 ) 
4 239 267 (-449 -966 -237 ) (-376 -966 -237 ) (-376 -1024 -237 ) (-449 -1024 -237 ) 
4 239 240 (-451 -966 -171.529022 ) (-451 -966 -237 ) (-451 -988 -237 ) (-451 -988 -171.529022 ) 
4 239 241 (-451 -990 -237 ) (-451 -1024 -237 ) (-451 -1024 -171.529022 ) (-451 -990 -171.529022 ) 
4 240 268 (-453 -966 -237 ) (-451 -966 -237 ) (-451 -988 -237 ) (-453 -988 -237 ) 
4 240 262 (-453 -966 -235.059006 ) (-453 -966 -237 ) (-453 -988 -237 ) (-453 -988 -235.059006 ) 
4 240 246 (-453 -967 -235.059006 ) (-453 -988 -235.059006 ) (-453 -988 -173.882004 ) (-453 -967 -173.882004 ) 
4 240 244 (-453 -988 -173.882004 ) (-453 -988 -171.529022 ) (-453 -967 -171.529022 ) (-453 -967 -173.882004 ) 
4 240 243 (-453 -966 -173.882004 ) (-453 -966 -235.059006 ) (-453 -967 -235.059006 ) (-453 -967 -173.882004 ) 
4 240 242 (-453 -966 -171.529022 ) (-453 -966 -173.882004 ) (-453 -967 -173.882004 ) (-453 -967 -171.529022 ) 
4 241 363 (-453 -1024 -237 ) (-451 -1024 -237 ) (-451 -1024 -171.529022 ) (-453 -1024 -171.529022 ) 
4 241 259 (-453 -1024 -235.059006 ) (-453 -1024 -198 ) (-453 -1002 -198 ) (-453 -1002 -235.059006 ) 
4 241 257 (-453 -1024 -196 ) (-453 -1024 -173.882004 ) (-453 -1002 -173.882004 ) (-453 -1002 -196 ) 
4 241 256 (-453 -1001 -198 ) (-453 -1001 -235.059006 ) (-453 -1002 -235.059006 ) (-453 -1002 -198 ) 
4 241 255 (-453 -1002 -173.882004 ) (-453 -1001 -173.882004 ) (-453 -1001 -196 ) (-453 -1002 -196 ) 
4 241 253 (-453 -991 -235.059006 ) (-453 -1001 -235.059006 ) (-453 -1001 -198 ) (-453 -991 -198 ) 
4 241 251 (-453 -1001 -173.882004 ) (-453 -991 -173.882004 ) (-453 -991 -196 ) (-453 -1001 -196 ) 
4 242 244 (-457 -967 -173.882004 ) (-453 -967 -173.882004 ) (-453 -967 -171.529022 ) (-457 -967 -171.529022 ) 
4 242 243 (-453 -967 -173.882004 ) (-457 -967 -173.882004 ) (-457 -966 -173.882004 ) (-453 -966 -173.882004 ) 
4 243 262 (-457 -966 -235.059006 ) (-453 -966 -235.059006 ) (-453 -967 -235.059006 ) (-457 -967 -235.059006 ) 
4 243 246 (-457 -967 -235.059006 ) (-453 -967 -235.059006 ) (-453 -967 -173.882004 ) (-457 -967 -173.882004 ) 
4 244 246 (-457 -967 -173.882004 ) (-453 -967 -173.882004 ) (-453 -988 -173.882004 ) (-457 -988 -173.882004 ) 
4 245 366 (-459 -1024 -171.529022 ) (-463 -1024 -171.529022 ) (-463 -1024 -173.882004 ) (-459 -1024 -173.882004 ) 
4 245 265 (-463 -1024 -173.882004 ) (-463 -1024 -171.529022 ) (-463 -1004 -171.529022 ) (-463 -1004 -173.882004 ) 
4 245 261 (-463 -1024 -173.882004 ) (-463 -1004 -173.882004 ) (-459 -1004 -173.882004 ) (-459 -1024 -173.882004 ) 
4 246 262 (-457 -967 -235.059006 ) (-453 -967 -235.059006 ) (-453 -988 -235.059006 ) (-457 -988 -235.059006 ) 
4 246 248 (-457 -967 -198 ) (-457 -967 -235.059006 ) (-457 -988 -235.059006 ) (-457 -988 -198 ) 
4 246 247 (-457 -988 -173.882004 ) (-457 -967 -173.882004 ) (-457 -967 -196 ) (-457 -988 -196 ) 
4 247 249 (-460 -988 -173.882004 ) (-460 -967 -173.882004 ) (-460 -967 -196 ) (-460 -988 -196 ) 
4 248 250 (-460 -988 -198 ) (-460 -967 -198 ) (-460 -967 -235.059006 ) (-460 -988 -235.059006 ) 
4 249 264 (-463 -990 -196 ) (-463 -990 -173.882004 ) (-463 -967 -173.882004 ) (-463 -967 -196 ) 
4 249 252 (-460 -990 -196 ) (-460 -990 -173.882004 ) (-463 -990 -173.882004 ) (-463 -990 -196 ) 
4 250 264 (-463 -967 -235.059006 ) (-463 -990 -235.059006 ) (-463 -990 -198 ) (-463 -967 -198 ) 
4 250 254 (-463 -990 -235.059006 ) (-460 -990 -235.059006 ) (-460 -990 -198 ) (-463 -990 -198 ) 
4 251 255 (-453 -1001 -196 ) (-453 -1001 -173.882004 ) (-457 -1001 -173.882004 ) (-457 -1001 -196 ) 
4 251 252 (-459 -991 -196 ) (-459 -1001 -196 ) (-459 -1001 -173.882004 ) (-459 -991 -173.882004 ) 
4 252 264 (-463 -1001 -196 ) (-463 -1001 -173.882004 ) (-463 -990 -173.882004 ) (-463 -990 -196 ) 
4 253 256 (-457 -1001 -235.059006 ) (-453 -1001 -235.059006 ) (-453 -1001 -198 ) (-457 -1001 -198 ) 
4 253 254 (-459 -1001 -235.059006 ) (-459 -1001 -198 ) (-459 -991 -198 ) (-459 -991 -235.059006 ) 
4 254 264 (-463 -990 -235.059006 ) (-463 -1001 -235.059006 ) (-463 -1001 -198 ) (-463 -990 -198 ) 
4 255 257 (-453 -1002 -196 ) (-453 -1002 -173.882004 ) (-455 -1002 -173.882004 ) (-455 -1002 -196 ) 
4 256 259 (-455 -1002 -235.059006 ) (-453 -1002 -235.059006 ) (-453 -1002 -198 ) (-455 -1002 -198 ) 
4 257 364 (-453 -1024 -196 ) (-453 -1024 -173.882004 ) (-455 -1024 -173.882004 ) (-455 -1024 -196 ) 
4 257 258 (-455 -1004 -196 ) (-455 -1024 -196 ) (-455 -1024 -173.882004 ) (-455 -1004 -173.882004 ) 
4 258 364 (-455 -1024 -173.882004 ) (-459 -1024 -173.882004 ) (-459 -1024 -196 ) (-455 -1024 -196 ) 
4 258 261 (-459 -1004 -196 ) (-459 -1024 -196 ) (-459 -1024 -173.882004 ) (-459 -1004 -173.882004 ) 
4 259 365 (-453 -1024 -235.059006 ) (-453 -1024 -198 ) (-455 -1024 -198 ) (-455 -1024 -235.059006 ) 
4 259 260 (-455 -1024 -198 ) (-455 -1004 -198 ) (-455 -1004 -235.059006 ) (-455 -1024 -235.059006 ) 
4 260 365 (-455 -1024 -198 ) (-459 -1024 -198 ) (-459 -1024 -235.059006 ) (-455 -1024 -235.059006 ) 
4 260 261 (-459 -1004 -235.059006 ) (-459 -1024 -235.059006 ) (-459 -1024 -198 ) (-459 -1004 -198 ) 
4 261 366 (-459 -1024 -173.882004 ) (-463 -1024 -173.882004 ) (-463 -1024 -235.059006 ) (-459 -1024 -235.059006 ) 
4 261 265 (-463 -1004 -235.059006 ) (-463 -1024 -235.059006 ) (-463 -1024 -173.882004 ) (-463 -1004 -173.882004 ) 
4 261 263 (-463 -1024 -235.059006 ) (-463 -1004 -235.059006 ) (-459 -1004 -235.059006 ) (-459 -1024 -235.059006 ) 
4 263 366 (-463 -1024 -237 ) (-459 -1024 -237 ) (-459 -1024 -235.059006 ) (-463 -1024 -235.059006 ) 
4 263 269 (-462 -1024 -237 ) (-463 -1024 -237 ) (-463 -1004 -237 ) (-462 -1004 -237 ) 
4 263 265 (-463 -1004 -237 ) (-463 -1024 -237 ) (-463 -1024 -235.059006 ) (-463 -1004 -235.059006 ) 
4 264 266 (-464 -966 -171.529022 ) (-464 -966 -237 ) (-464 -1002 -237 ) (-464 -1002 -171.529022 ) 
4 265 366 (-464 -1024 -237 ) (-463 -1024 -237 ) (-463 -1024 -171.529022 ) (-464 -1024 -171.529022 ) 
4 265 269 (-463 -1004 -237 ) (-463 -1024 -237 ) (-464 -1024 -237 ) (-464 -1004 -237 ) 
4 265 266 (-464 -1004 -237 ) (-464 -1024 -237 ) (-464 -1024 -171.529022 ) (-464 -1004 -171.529022 ) 
4 266 366 (-1024 -1024 -171.529022 ) (-1024 -1024 -237 ) (-464 -1024 -237 ) (-464 -1024 -171.529022 ) 
4 266 358 (-1024 -1024 -237 ) (-1024 -1024 -171.529022 ) (-1024 -966 -171.529022 ) (-1024 -966 -237 ) 
4 266 269 (-464 -1004 -237 ) (-464 -1024 -237 ) (-466 -1024 -237 ) (-466 -1004 -237 ) 
4 266 270 (-1024 -1024 -237 ) (-1024 -966 -237 ) (-466 -966 -237 ) (-466 -1024 -237 ) 
4 267 369 (-449 -1024 -240 ) (-376 -1024 -240 ) (-376 -1024 -237 ) (-449 -1024 -237 ) 
4 267 272 (-376 -988 -240 ) (-376 -1024 -240 ) (-449 -1024 -240 ) (-449 -988 -240 ) 
4 267 271 (-449 -964 -240 ) (-376 -964 -240 ) (-376 -988 -240 ) (-449 -988 -240 ) 
4 267 268 (-449 -964 -240 ) (-449 -988 -240 ) (-449 -988 -237 ) (-449 -964 -237 ) 
4 268 273 (-453 -964 -240 ) (-452 -964 -240 ) (-452 -988 -240 ) (-453 -988 -240 ) 
4 268 271 (-452 -964 -240 ) (-449 -964 -240 ) (-449 -988 -240 ) (-452 -988 -240 ) 
4 269 370 (-466 -1024 -240 ) (-462 -1024 -240 ) (-462 -1024 -237 ) (-466 -1024 -237 ) 
4 269 278 (-464 -1024 -240 ) (-465 -1024 -240 ) (-465 -1004 -240 ) (-464 -1004 -240 ) 
4 269 277 (-462 -1004 -240 ) (-462 -1024 -240 ) (-464 -1024 -240 ) (-464 -1004 -240 ) 
4 269 279 (-465 -1024 -240 ) (-466 -1024 -240 ) (-466 -1004 -240 ) (-465 -1004 -240 ) 
4 269 270 (-466 -1004 -240 ) (-466 -1024 -240 ) (-466 -1024 -237 ) (-466 -1004 -237 ) 
4 270 370 (-1024 -1024 -237 ) (-1024 -1024 -240 ) (-466 -1024 -240 ) (-466 -1024 -237 ) 
4 270 358 (-1024 -1024 -240 ) (-1024 -1024 -237 ) (-1024 -964 -237 ) (-1024 -964 -240 ) 
4 270 279 (-1024 -964 -240 ) (-466 -964 -240 ) (-466 -1024 -240 ) (-1024 -1024 -240 ) 
4 271 273 (-452 -964 -247 ) (-452 -988 -247 ) (-452 -988 -240 ) (-452 -964 -240 ) 
4 271 272 (-451 -988 -247 ) (-376 -988 -247 ) (-376 -988 -240 ) (-450 -988 -240 ) 
4 271 280 (-452 -964 -247 ) (-376 -964 -247 ) (-376 -988 -247 ) (-452 -988 -247 ) 
4 272 371 (-451 -1024 -247 ) (-376 -1024 -247 ) (-376 -1024 -240 ) (-450 -1024 -240 ) 
4 272 280 (-376 -988 -247 ) (-376 -1024 -247 ) (-451 -1024 -247 ) (-451 -988 -247 ) 
4 273 274 (-455 -1004 -247 ) (-452 -1004 -247 ) (-452 -1004 -240 ) (-454 -1004 -240 ) 
4 273 280 (-455 -964 -247 ) (-452 -964 -247 ) (-452 -1004 -247 ) (-455 -1004 -247 ) 
4 274 372 (-456 -1024 -247 ) (-452 -1024 -247 ) (-452 -1024 -240 ) (-456 -1024 -240 ) 
4 274 275 (-456 -1004 -247 ) (-456 -1024 -247 ) (-456 -1024 -240 ) (-456 -1004 -240 ) 
4 274 280 (-452 -1004 -247 ) (-452 -1024 -247 ) (-456 -1024 -247 ) (-456 -1004 -247 ) 
4 275 372 (-460 -1024 -247 ) (-456 -1024 -247 ) (-456 -1024 -240 ) (-460 -1024 -240 ) 
4 275 276 (-460 -964 -247 ) (-460 -988 -247 ) (-460 -988 -240 ) (-460 -964 -240 ) 
4 275 280 (-460 -964 -247 ) (-456 -964 -247 ) (-456 -1024 -247 ) (-460 -1024 -247 ) 
4 276 277 (-461 -964 -247 ) (-461 -988 -247 ) (-461 -988 -240 ) (-461 -964 -240 ) 
4 276 280 (-461 -964 -247 ) (-460 -964 -247 ) (-460 -988 -247 ) (-461 -988 -247 ) 
4 277 373 (-464 -1024 -247 ) (-461 -1024 -247 ) (-461 -1024 -240 ) (-464 -1024 -240 ) 
4 277 278 (-464 -1004 -247 ) (-464 -1024 -247 ) (-464 -1024 -240 ) (-464 -1004 -240 ) 
4 277 280 (-464 -964 -247 ) (-461 -964 -247 ) (-461 -1024 -247 ) (-464 -1024 -247 ) 
4 278 373 (-465 -1024 -247 ) (-464 -1024 -247 ) (-464 -1024 -240 ) (-465 -1024 -240 ) 
4 278 280 (-464 -1004 -247 ) (-464 -1024 -247 ) (-465 -1024 -247 ) (-465 -1004 -247 ) 
4 278 279 (-465 -1004 -247 ) (-465 -1024 -247 ) (-465 -1024 -240 ) (-465 -1004 -240 ) 
4 279 373 (-1024 -1024 -240 ) (-1024 -1024 -247 ) (-465 -1024 -247 ) (-465 -1024 -240 ) 
4 279 358 (-1024 -1024 -247 ) (-1024 -1024 -240 ) (-1024 -964 -240 ) (-1024 -964 -247 ) 
4 279 280 (-1024 -1024 -247 ) (-1024 -964 -247 ) (-465 -964 -247 ) (-465 -1024 -247 ) 
4 280 374 (-1024 -1024 -247 ) (-1024 -1024 -272 ) (-376 -1024 -272 ) (-376 -1024 -247 ) 
4 280 358 (-1024 -964 -272 ) (-1024 -1024 -272 ) (-1024 -1024 -247 ) (-1024 -964 -247 ) 
4 280 353 (-624 -1024 -272 ) (-1024 -1024 -272 ) (-1024 -964 -272 ) (-624 -964 -272 ) 
4 280 351 (-616 -1024 -272 ) (-624 -1024 -272 ) (-624 -964 -272 ) (-616 -964 -272 ) 
4 280 350 (-552 -1024 -272 ) (-616 -1024 -272 ) (-616 -964 -272 ) (-552 -964 -272 ) 
4 280 330 (-456 -1024 -272 ) (-464 -1024 -272 ) (-464 -964 -272 ) (-456 -964 -272 ) 
4 280 336 (-464 -1024 -272 ) (-552 -1024 -272 ) (-552 -964 -272 ) (-464 -964 -272 ) 
4 280 327 (-376 -1024 -272 ) (-386 -1024 -272 ) (-386 -964 -272 ) (-376 -964 -272 ) 
4 280 329 (-386 -1024 -272 ) (-456 -1024 -272 ) (-456 -964 -272 ) (-386 -964 -272 ) 
4 281 374 (0 -1024 -424 ) (0 -1024 -272 ) (-256 -1024 -272 ) (-256 -1024 -424 ) 
4 281 289 (-256 -831.971375 -424 ) (-256 -420 -424 ) (-192 -420 -424 ) (-192 -831.971375 -424 ) 
4 281 288 (-256 -420 -424 ) (-256 -415.933350 -424 ) (-192 -415.933350 -424 ) (-192 -420 -424 ) 
4 281 290 (-192 -1024 -424 ) (-256 -1024 -424 ) (-256 -831.971375 -424 ) (-192 -831.971375 -424 ) 
4 281 286 (-192 -719.910645 -424 ) (-192 0 -424 ) (0 0 -424 ) (0 -719.910645 -424 ) 
4 281 287 (0 -1024 -424 ) (-192 -1024 -424 ) (-192 -719.910645 -424 ) (0 -719.910645 -424 ) 
4 281 284 (-256 -678 -424 ) (-256 -1024 -424 ) (-256 -1024 -272 ) (-256 -678 -272 ) 
4 281 282 (-256 -678 -280 ) (-256 -678 -272 ) (-256 -512 -272 ) (-256 -512 -280 ) 
4 281 283 (-256 0 -424 ) (-256 -678 -424 ) (-256 -678 -280 ) (-256 0 -280 ) 
4 282 284 (-316 -678 -280 ) (-256 -678 -280 ) (-256 -678 -272 ) (-316 -678 -272 ) 
4 282 283 (-256 -678 -280 ) (-320 -678 -280 ) (-320 -512 -280 ) (-256 -512 -280 ) 
4 283 295 (-320 -576 -424 ) (-320 -636 -424 ) (-320 -636 -316 ) (-320 -576 -316 ) 
4 283 289 (-320 -678 -424 ) (-320 -420 -424 ) (-256 -420 -424 ) (-256 -678 -424 ) 
4 283 288 (-320 -420 -424 ) (-320 -415.933350 -424 ) (-256 -415.933350 -424 ) (-256 -420 -424 ) 
4 283 284 (-316 -678 -424 ) (-256 -678 -424 ) (-256 -678 -280 ) (-316 -678 -280 ) 
4 284 374 (-256 -1024 -272 ) (-316 -1024 -272 ) (-316 -1024 -424 ) (-256 -1024 -424 ) 
4 284 289 (-316 -831.971375 -424 ) (-316 -678 -424 ) (-256 -678 -424 ) (-256 -831.971375 -424 ) 
4 284 290 (-256 -1024 -424 ) (-316 -1024 -424 ) (-316 -831.971375 -424 ) (-256 -831.971375 -424 ) 
4 284 285 (-316 -687.995911 -424 ) (-316 -1024 -424 ) (-316 -1024 -272 ) (-316 -688 -272 ) 
4 285 374 (-316 -1024 -272 ) (-320 -1024 -272 ) (-320 -1024 -424 ) (-316 -1024 -424 ) 
4 285 296 (-320 -692.002014 -296 ) (-320 -691.998596 -424 ) (-320 -1024 -424 ) (-320 -1024 -296 ) 
4 285 291 (-320 -1024 -272 ) (-320 -692.002686 -272 ) (-320 -692.002014 -296 ) (-320 -1024 -296 ) 
4 285 289 (-320 -831.971375 -424 ) (-320 -691.998596 -424 ) (-316 -687.995911 -424 ) (-316 -831.971375 -424 ) 
4 285 290 (-316 -1024 -424 ) (-320 -1024 -424 ) (-320 -831.971375 -424 ) (-316 -831.971375 -424 ) 
4 286 289 (-192 -719.910645 -432 ) (-192 -719.910645 -424 ) (-192 -420 -424 ) (-192 -420 -432 ) 
4 286 288 (-192 -420 -424 ) (-192 -415.933350 -424 ) (-192 -415.933350 -440 ) (-192 -420 -440 ) 
4 286 287 (-192 -719.910645 -424 ) (-192 -719.910645 -440 ) (0 -719.910645 -440 ) (0 -719.910645 -424 ) 
4 287 374 (0 -1024 -448 ) (0 -1024 -424 ) (-192 -1024 -424 ) (-192 -1024 -448 ) 
4 287 289 (-192 -831.971375 -432 ) (-192 -831.971375 -424 ) (-192 -719.910645 -424 ) (-192 -719.910645 -432 ) 
4 287 290 (-192 -831.971375 -448 ) (-192 -1024 -448 ) (-192 -1024 -424 ) (-192 -831.971375 -424 ) 
4 288 289 (-192 -420 -432 ) (-192 -420 -424 ) (-320 -420 -424 ) (-320 -420 -432 ) 
4 289 355 (-320 -752 -424 ) (-320 -688 -424 ) (-320 -688 -432 ) (-320 -752 -432 ) 
4 289 356 (-320 -831.971375 -432 ) (-320 -831.971375 -424 ) (-320 -752 -424 ) (-320 -752 -432 ) 
4 289 290 (-192 -831.971375 -432 ) (-192 -831.971375 -424 ) (-320 -831.971375 -424 ) (-320 -831.971375 -432 ) 
4 290 374 (-192 -1024 -424 ) (-320 -1024 -424 ) (-320 -1024 -448 ) (-192 -1024 -448 ) 
4 290 356 (-320 -831.971375 -448 ) (-320 -1024 -448 ) (-320 -1024 -424 ) (-320 -831.971375 -424 ) 
4 291 374 (-320 -1024 -296 ) (-320 -1024 -272 ) (-328 -1024 -272 ) (-328 -1024 -296 ) 
4 291 296 (-320 -692.002014 -296 ) (-320 -1024 -296 ) (-328 -1024 -296 ) (-328 -700.007446 -296 ) 
4 291 294 (-328 -700.007385 -296 ) (-328 -1024 -296 ) (-328 -1024 -272 ) (-328 -700.007996 -272 ) 
4 291 292 (-321.997498 -694.005249 -296 ) (-328 -700.011719 -296 ) (-328 -700.012329 -272 ) (-321.997528 -694.005859 -272 ) 
4 292 297 (-322 -694.003357 -296 ) (-328 -700.007446 -296 ) (-328 -697.142822 -296 ) (-324.001587 -692.573242 -296 ) 
4 292 294 (-328 -697.142822 -296 ) (-328 -700.007385 -296 ) (-328 -700.007996 -272 ) (-328 -697.142883 -272 ) 
4 293 309 (-336 -689.333374 -272 ) (-336 -674 -272 ) (-336 -674 -296 ) (-336 -689.333374 -296 ) 
4 293 300 (-336 -674 -272 ) (-336 -568 -272 ) (-336 -568 -296 ) (-336 -674 -296 ) 
4 293 298 (-336 -689.333374 -296 ) (-336 -572 -296 ) (-328 -572 -296 ) (-328 -680 -296 ) 
4 294 374 (-328 -1024 -272 ) (-336 -1024 -272 ) (-336 -1024 -296 ) (-328 -1024 -296 ) 
4 294 327 (-336 -1024 -296 ) (-336 -1024 -272 ) (-336 -752 -272 ) (-336 -752 -296 ) 
4 294 325 (-336 -752 -272 ) (-336 -736 -272 ) (-336 -736 -296 ) (-336 -752 -296 ) 
4 294 324 (-336 -736 -272 ) (-336 -734 -272 ) (-336 -734 -296 ) (-336 -736 -296 ) 
4 294 311 (-336 -734 -272 ) (-336 -706.285706 -272 ) (-336 -706.285706 -296 ) (-336 -734 -296 ) 
4 294 299 (-336 -1024 -296 ) (-336 -706.285706 -296 ) (-328 -697.142883 -296 ) (-328 -1024 -296 ) 
4 295 298 (-328 -576 -424 ) (-328 -636 -424 ) (-328 -636 -316 ) (-328 -576 -316 ) 
4 296 374 (-320 -1024 -424 ) (-320 -1024 -296 ) (-328 -1024 -296 ) (-328 -1024 -424 ) 
4 296 355 (-320 -691.998596 -424 ) (-320 -752 -424 ) (-328 -752 -424 ) (-328 -700.003967 -424 ) 
4 296 356 (-320 -752 -424 ) (-320 -1024 -424 ) (-328 -1024 -424 ) (-328 -752 -424 ) 
4 296 299 (-328 -700.003967 -424 ) (-328 -1024 -424 ) (-328 -1024 -296 ) (-328 -700.007385 -296 ) 
4 296 297 (-321.998962 -694 -424 ) (-328 -700.005798 -424 ) (-328 -700.009155 -296 ) (-321.998993 -694.004150 -296 ) 
4 297 355 (-322 -694 -424 ) (-328 -700.003967 -424 ) (-328 -697.142883 -424 ) (-324 -692.571167 -424 ) 
4 297 299 (-328 -697.142883 -424 ) (-328 -700.003967 -424 ) (-328 -700.007385 -296 ) (-328 -697.142883 -296 ) 
4 298 309 (-336 -674 -424 ) (-336 -689.333313 -424 ) (-336 -689.333313 -296 ) (-336 -674 -296 ) 
4 298 304 (-336 -672 -424 ) (-336 -674 -424 ) (-336 -674 -416 ) (-336 -672 -416 ) 
4 298 303 (-336 -572 -424 ) (-336 -672 -424 ) (-336 -672 -416 ) (-336 -572 -416 ) 
4 298 300 (-336 -674 -416 ) (-336 -674 -296 ) (-336 -572 -296 ) (-336 -572 -416 ) 
4 299 374 (-328 -1024 -296 ) (-336 -1024 -296 ) (-336 -1024 -424 ) (-328 -1024 -424 ) 
4 299 355 (-336 -752 -424 ) (-336 -706.285706 -424 ) (-328 -697.142883 -424 ) (-328 -752 -424 ) 
4 299 356 (-328 -1024 -424 ) (-336 -1024 -424 ) (-336 -752 -424 ) (-328 -752 -424 ) 
4 299 327 (-336 -752 -424 ) (-336 -1024 -424 ) (-336 -1024 -296 ) (-336 -752 -296 ) 
4 299 325 (-336 -736 -424 ) (-336 -752 -424 ) (-336 -752 -296 ) (-336 -736 -296 ) 
4 299 324 (-336 -734 -424 ) (-336 -736 -424 ) (-336 -736 -296 ) (-336 -734 -296 ) 
4 299 311 (-336 -706.285706 -424 ) (-336 -734 -424 ) (-336 -734 -296 ) (-336 -706.285706 -296 ) 
4 300 309 (-336 -674 -416 ) (-336 -674 -272 ) (-432 -674 -272 ) (-432 -674 -416 ) 
4 300 304 (-336 -674 -416 ) (-432 -674 -416 ) (-432 -672 -416 ) (-336 -672 -416 ) 
4 300 303 (-432 -672 -416 ) (-432 -536 -416 ) (-336 -536 -416 ) (-336 -672 -416 ) 
4 300 302 (-432 -672 -416 ) (-432 -674 -416 ) (-432 -674 -272 ) (-432 -672 -272 ) 
4 300 301 (-432 -536 -272 ) (-432 -536 -416 ) (-432 -672 -416 ) (-432 -672 -272 ) 
4 301 305 (-456 -672 -272 ) (-456 -576 -272 ) (-456 -576 -416 ) (-456 -672 -416 ) 
4 301 303 (-456 -672 -416 ) (-456 -536 -416 ) (-432 -536 -416 ) (-432 -672 -416 ) 
4 301 302 (-456 -672 -272 ) (-456 -672 -399.542847 ) (-432 -672 -416 ) (-432 -672 -272 ) 
4 302 312 (-444 -674 -272 ) (-456 -674 -272 ) (-456 -674 -399.542847 ) (-444 -674 -407.771423 ) 
4 302 310 (-432 -674 -272 ) (-444 -674 -272 ) (-444 -674 -407.771423 ) (-432 -674 -416 ) 
4 302 307 (-456 -674 -399.542847 ) (-456 -674 -344 ) (-456 -672 -344 ) (-456 -672 -399.542847 ) 
4 302 306 (-456 -674 -344 ) (-456 -674 -272 ) (-456 -672 -272 ) (-456 -672 -344 ) 
4 303 308 (-456 -576 -424 ) (-456 -672 -424 ) (-456 -672 -416 ) (-456 -576 -416 ) 
4 303 304 (-336 -672 -424 ) (-336 -672 -416 ) (-432 -672 -416 ) (-432 -672 -424 ) 
4 304 309 (-432 -674 -424 ) (-336 -674 -424 ) (-336 -674 -416 ) (-432 -674 -416 ) 
3 305 339 (-552 -672 -344 ) (-552 -672 -288 ) (-552 -588 -288 ) 
4 305 338 (-552 -672 -272 ) (-552 -576 -272 ) (-552 -576 -288 ) (-552 -672 -288 ) 
4 305 308 (-456 -576 -416 ) (-456 -672 -416 ) (-552 -672 -416 ) (-552 -576 -416 ) 
3 305 307 (-456 -672 -399.542847 ) (-456 -672 -344 ) (-537 -672 -344 ) 
4 305 306 (-552 -672 -272 ) (-552 -672 -344 ) (-456 -672 -344 ) (-456 -672 -272 ) 
4 306 339 (-552 -674 -344 ) (-552 -674 -288 ) (-552 -672 -288 ) (-552 -672 -344 ) 
4 306 338 (-552 -674 -288 ) (-552 -674 -272 ) (-552 -672 -272 ) (-552 -672 -288 ) 
4 306 320 (-552 -674 -272 ) (-552 -674 -344 ) (-540 -674 -344 ) (-540 -674 -272 ) 
4 306 319 (-540 -674 -344 ) (-528 -674 -344 ) (-528 -674 -272 ) (-540 -674 -272 ) 
4 306 318 (-528 -674 -344 ) (-516 -674 -344 ) (-516 -674 -272 ) (-528 -674 -272 ) 
4 306 317 (-516 -674 -344 ) (-504 -674 -344 ) (-504 -674 -272 ) (-516 -674 -272 ) 
4 306 316 (-504 -674 -344 ) (-492 -674 -344 ) (-492 -674 -272 ) (-504 -674 -272 ) 
4 306 315 (-492 -674 -344 ) (-480 -674 -344 ) (-480 -674 -272 ) (-492 -674 -272 ) 
4 306 314 (-480 -674 -344 ) (-468 -674 -344 ) (-468 -674 -272 ) (-480 -674 -272 ) 
4 306 313 (-468 -674 -344 ) (-456 -674 -344 ) (-456 -674 -272 ) (-468 -674 -272 ) 
4 306 307 (-537 -672 -344 ) (-456 -672 -344 ) (-456 -674 -344 ) (-537 -674 -344 ) 
3 307 319 (-528 -674 -344 ) (-537 -674 -344 ) (-528 -674 -350.171417 ) 
4 307 318 (-516 -674 -344 ) (-528 -674 -344 ) (-528 -674 -350.171417 ) (-516 -674 -358.399994 ) 
4 307 317 (-504 -674 -344 ) (-516 -674 -344 ) (-516 -674 -358.399994 ) (-504 -674 -366.628571 ) 
4 307 316 (-492 -674 -344 ) (-504 -674 -344 ) (-504 -674 -366.628571 ) (-492 -674 -374.857117 ) 
4 307 315 (-480 -674 -344 ) (-492 -674 -344 ) (-492 -674 -374.857117 ) (-480 -674 -383.085693 ) 
4 307 314 (-468 -674 -344 ) (-480 -674 -344 ) (-480 -674 -383.085693 ) (-468 -674 -391.314270 ) 
4 307 313 (-456 -674 -399.542847 ) (-456 -674 -344 ) (-468 -674 -344 ) (-468 -674 -391.314270 ) 
4 309 321 (-432 -734 -424 ) (-374.285706 -734 -424 ) (-374.285706 -734 -272 ) (-432 -734 -272 ) 
4 309 310 (-432 -674 -272 ) (-432 -674 -416 ) (-432 -734 -416 ) (-432 -734 -272 ) 
4 310 323 (-432 -734 -416 ) (-432 -734 -344 ) (-444 -734 -344 ) (-444 -734 -407.771393 ) 
4 310 322 (-432 -734 -344 ) (-432 -734 -272 ) (-444 -734 -272 ) (-444 -734 -344 ) 
4 310 312 (-444 -674 -272 ) (-444 -674 -408 ) (-444 -734 -408 ) (-444 -734 -272 ) 
3 311 355 (-336 -706.285706 -424 ) (-336 -734 -424 ) (-360.250031 -734 -424 ) 
4 311 324 (-360.250031 -734 -424 ) (-336 -734 -424 ) (-336 -734 -272 ) (-360.250031 -734 -272 ) 
4 312 323 (-444 -734 -407.771454 ) (-444 -734 -344 ) (-456 -734 -344 ) (-456 -734 -399.542847 ) 
4 312 322 (-444 -734 -344 ) (-444 -734 -272 ) (-456 -734 -272 ) (-456 -734 -344 ) 
4 312 313 (-456 -674 -272 ) (-456 -674 -400 ) (-456 -734 -400 ) (-456 -734 -272 ) 
4 313 323 (-456 -734 -399.542786 ) (-456 -734 -344 ) (-468 -734 -344 ) (-468 -734 -391.314270 ) 
4 313 322 (-456 -734 -344 ) (-456 -734 -272 ) (-468 -734 -272 ) (-468 -734 -344 ) 
4 313 314 (-468 -674 -272 ) (-468 -674 -392 ) (-468 -734 -392 ) (-468 -734 -272 ) 
4 314 323 (-468 -734 -391.314270 ) (-468 -734 -344 ) (-480 -734 -344 ) (-480 -734 -383.085724 ) 
4 314 322 (-468 -734 -344 ) (-468 -734 -272 ) (-480 -734 -272 ) (-480 -734 -344 ) 
4 314 315 (-480 -674 -272 ) (-480 -674 -384 ) (-480 -734 -384 ) (-480 -734 -272 ) 
4 315 323 (-480 -734 -383.085724 ) (-480 -734 -344 ) (-492 -734 -344 ) (-492 -734 -374.857117 ) 
4 315 322 (-480 -734 -344 ) (-480 -734 -272 ) (-492 -734 -272 ) (-492 -734 -344 ) 
4 315 316 (-492 -674 -272 ) (-492 -674 -376 ) (-492 -734 -376 ) (-492 -734 -272 ) 
4 316 323 (-492 -734 -374.857208 ) (-492 -734 -344 ) (-504 -734 -344 ) (-504 -734 -366.628601 ) 
4 316 322 (-492 -734 -344 ) (-492 -734 -272 ) (-504 -734 -272 ) (-504 -734 -344 ) 
4 316 317 (-504 -674 -272 ) (-504 -674 -368 ) (-504 -734 -368 ) (-504 -734 -272 ) 
4 317 323 (-504 -734 -366.628601 ) (-504 -734 -344 ) (-516 -734 -344 ) (-516 -734 -358.400024 ) 
4 317 322 (-504 -734 -344 ) (-504 -734 -272 ) (-516 -734 -272 ) (-516 -734 -344 ) 
4 317 318 (-516 -674 -272 ) (-516 -674 -360 ) (-516 -734 -360 ) (-516 -734 -272 ) 
4 318 323 (-516 -734 -358.399994 ) (-516 -734 -344 ) (-528 -734 -344 ) (-528 -734 -350.171387 ) 
4 318 322 (-516 -734 -344 ) (-516 -734 -272 ) (-528 -734 -272 ) (-528 -734 -344 ) 
4 318 319 (-528 -674 -272 ) (-528 -674 -352 ) (-528 -734 -352 ) (-528 -734 -272 ) 
3 319 323 (-528 -734 -350.171448 ) (-528 -734 -344 ) (-537 -734 -344 ) 
4 319 322 (-528 -734 -344 ) (-528 -734 -272 ) (-540 -734 -272 ) (-540 -734 -344 ) 
4 319 320 (-540 -674 -272 ) (-540 -674 -344 ) (-540 -734 -344 ) (-540 -734 -272 ) 
4 320 339 (-552 -734 -344 ) (-552 -734 -288 ) (-552 -674 -288 ) (-552 -674 -344 ) 
4 320 338 (-552 -734 -288 ) (-552 -734 -272 ) (-552 -674 -272 ) (-552 -674 -288 ) 
4 320 322 (-552 -734 -272 ) (-552 -734 -344 ) (-540 -734 -344 ) (-540 -734 -272 ) 
4 321 323 (-432 -734 -344 ) (-432 -734 -416 ) (-432 -736 -416 ) (-432 -736 -344 ) 
4 321 322 (-432 -734 -272 ) (-432 -734 -344 ) (-432 -736 -344 ) (-432 -736 -272 ) 
4 322 339 (-552 -736 -344 ) (-552 -736 -288 ) (-552 -734 -288 ) (-552 -734 -344 ) 
4 322 338 (-552 -736 -288 ) (-552 -736 -272 ) (-552 -734 -272 ) (-552 -734 -288 ) 
4 322 323 (-537 -734 -344 ) (-432 -734 -344 ) (-432 -736 -344 ) (-537 -736 -344 ) 
4 324 355 (-336 -734 -424 ) (-336 -736 -424 ) (-362 -736 -424 ) (-360.250031 -734 -424 ) 
4 324 325 (-362 -736 -424 ) (-336 -736 -424 ) (-336 -736 -272 ) (-362 -736 -272 ) 
5 325 355 (-336 -736 -424 ) (-336 -752 -424 ) (-370 -752 -424 ) (-370 -745.142883 -424 ) (-362 -736 -424 ) 
4 325 327 (-370 -752 -424 ) (-336 -752 -424 ) (-336 -752 -272 ) (-370 -752 -272 ) 
4 325 326 (-370 -749.004028 -424 ) (-370 -752 -424 ) (-370 -752 -272 ) (-370 -749.004028 -272 ) 
3 326 355 (-370 -752 -424 ) (-372.569427 -752 -424 ) (-370 -749.004028 -424 ) 
4 326 327 (-372.569427 -752 -424 ) (-370 -752 -424 ) (-370 -752 -272 ) (-372.569427 -752 -272 ) 
4 327 374 (-336 -1024 -272 ) (-386 -1024 -272 ) (-386 -1024 -424 ) (-336 -1024 -424 ) 
5 327 356 (-336 -752 -424 ) (-336 -1024 -424 ) (-386 -1024 -424 ) (-386 -767.659973 -424 ) (-372.569427 -752 -424 ) 
4 327 328 (-376 -756 -424 ) (-386 -767.658203 -424 ) (-386 -767.658203 -272 ) (-376 -756 -272 ) 
4 327 329 (-386 -767.659973 -424 ) (-386 -1024 -424 ) (-386 -1024 -272 ) (-386 -767.659973 -272 ) 
3 328 356 (-386 -767.659973 -424 ) (-386 -756 -424 ) (-376 -756 -424 ) 
4 328 329 (-386 -756 -424 ) (-386 -767.659973 -424 ) (-386 -767.659973 -272 ) (-386 -756 -272 ) 
4 329 374 (-386 -1024 -272 ) (-456 -1024 -272 ) (-456 -1024 -424 ) (-386 -1024 -424 ) 
4 329 356 (-386 -1024 -424 ) (-456 -1024 -424 ) (-456 -752 -424 ) (-386 -752 -424 ) 
4 329 334 (-456 -852 -424 ) (-456 -864 -424 ) (-456 -864 -408 ) (-456 -852 -408 ) 
4 329 335 (-456 -864 -424 ) (-456 -1024 -424 ) (-456 -1024 -280 ) (-456 -864 -280 ) 
4 329 333 (-456 -796 -424 ) (-456 -852 -424 ) (-456 -852 -296 ) (-456 -796 -296 ) 
4 329 332 (-456 -784 -424 ) (-456 -796 -424 ) (-456 -796 -408 ) (-456 -784 -408 ) 
4 329 331 (-456 -752 -280 ) (-456 -752 -424 ) (-456 -784 -424 ) (-456 -784 -280 ) 
4 329 330 (-456 -752 -272 ) (-456 -752 -280 ) (-456 -1024 -280 ) (-456 -1024 -272 ) 
4 330 374 (-456 -1024 -272 ) (-464 -1024 -272 ) (-464 -1024 -280 ) (-456 -1024 -280 ) 
4 330 335 (-464 -1024 -280 ) (-464 -864 -280 ) (-456 -864 -280 ) (-456 -1024 -280 ) 
4 330 331 (-464 -784 -280 ) (-464 -752 -280 ) (-456 -752 -280 ) (-456 -784 -280 ) 
4 330 336 (-464 -752 -272 ) (-464 -752 -280 ) (-464 -1024 -280 ) (-464 -1024 -272 ) 
4 331 356 (-464 -784 -424 ) (-464 -752 -424 ) (-456 -752 -424 ) (-456 -784 -424 ) 
4 331 332 (-456 -784 -424 ) (-456 -784 -408 ) (-464 -784 -408 ) (-464 -784 -424 ) 
4 331 336 (-464 -752 -280 ) (-464 -752 -424 ) (-464 -784 -424 ) (-464 -784 -280 ) 
4 332 356 (-464 -796 -424 ) (-464 -784 -424 ) (-456 -784 -424 ) (-456 -796 -424 ) 
4 332 333 (-456 -796 -424 ) (-456 -796 -408 ) (-464 -796 -408 ) (-464 -796 -424 ) 
4 332 336 (-464 -784 -424 ) (-464 -796 -424 ) (-464 -796 -408 ) (-464 -784 -408 ) 
4 333 356 (-464 -852 -424 ) (-464 -796 -424 ) (-456 -796 -424 ) (-456 -852 -424 ) 
4 333 334 (-456 -852 -424 ) (-456 -852 -408 ) (-464 -852 -408 ) (-464 -852 -424 ) 
4 333 336 (-464 -796 -424 ) (-464 -852 -424 ) (-464 -852 -296 ) (-464 -796 -296 ) 
4 334 356 (-464 -864 -424 ) (-464 -852 -424 ) (-456 -852 -424 ) (-456 -864 -424 ) 
4 334 335 (-456 -864 -424 ) (-456 -864 -408 ) (-464 -864 -408 ) (-464 -864 -424 ) 
4 334 336 (-464 -852 -424 ) (-464 -864 -424 ) (-464 -864 -408 ) (-464 -852 -408 ) 
4 335 374 (-464 -1024 -280 ) (-464 -1024 -424 ) (-456 -1024 -424 ) (-456 -1024 -280 ) 
4 335 356 (-456 -1024 -424 ) (-464 -1024 -424 ) (-464 -864 -424 ) (-456 -864 -424 ) 
4 335 336 (-464 -864 -424 ) (-464 -1024 -424 ) (-464 -1024 -280 ) (-464 -864 -280 ) 
4 336 374 (-464 -1024 -272 ) (-552 -1024 -272 ) (-552 -1024 -424 ) (-464 -1024 -424 ) 
4 336 356 (-464 -1024 -424 ) (-552 -1024 -424 ) (-552 -752 -424 ) (-464 -752 -424 ) 
4 336 350 (-552 -752 -424 ) (-552 -1024 -424 ) (-552 -1024 -272 ) (-552 -752 -272 ) 
4 337 348 (-616 -576 -272 ) (-616 -576 -280 ) (-614 -576 -280 ) (-614 -576 -272 ) 
4 337 340 (-614 -576 -280 ) (-554 -576 -280 ) (-554 -576 -272 ) (-614 -576 -272 ) 
4 337 338 (-554 -576 -280 ) (-552 -576 -280 ) (-552 -576 -272 ) (-554 -576 -272 ) 
4 338 347 (-554 -660 -288 ) (-554 -736 -288 ) (-554 -736 -272 ) (-554 -660 -272 ) 
4 338 346 (-554 -648 -288 ) (-554 -660 -288 ) (-554 -660 -272 ) (-554 -648 -272 ) 
4 338 345 (-554 -636 -288 ) (-554 -648 -288 ) (-554 -648 -272 ) (-554 -636 -272 ) 
4 338 344 (-554 -624 -288 ) (-554 -636 -288 ) (-554 -636 -272 ) (-554 -624 -272 ) 
4 338 343 (-554 -612 -288 ) (-554 -624 -288 ) (-554 -624 -272 ) (-554 -612 -272 ) 
4 338 342 (-554 -600 -288 ) (-554 -612 -288 ) (-554 -612 -272 ) (-554 -600 -272 ) 
4 338 341 (-554 -588 -288 ) (-554 -600 -288 ) (-554 -600 -272 ) (-554 -588 -272 ) 
4 338 340 (-554 -576 -272 ) (-554 -576 -288 ) (-554 -588 -288 ) (-554 -588 -272 ) 
4 338 339 (-552 -736 -288 ) (-554 -736 -288 ) (-554 -588 -288 ) (-552 -588 -288 ) 
5 339 347 (-554 -672 -344 ) (-554 -736 -344 ) (-554 -736 -288 ) (-554 -660 -288 ) (-554 -660 -336 ) 
4 339 346 (-554 -660 -288 ) (-554 -648 -288 ) (-554 -648 -328 ) (-554 -660 -336 ) 
4 339 345 (-554 -648 -288 ) (-554 -636 -288 ) (-554 -636 -320 ) (-554 -648 -328 ) 
4 339 344 (-554 -636 -288 ) (-554 -624 -288 ) (-554 -624 -312 ) (-554 -636 -320 ) 
4 339 343 (-554 -624 -288 ) (-554 -612 -288 ) (-554 -612 -304 ) (-554 -624 -312 ) 
4 339 342 (-554 -612 -288 ) (-554 -600 -288 ) (-554 -600 -296 ) (-554 -612 -304 ) 
3 339 341 (-554 -600 -288 ) (-554 -588 -288 ) (-554 -600 -296 ) 
4 340 348 (-614 -576 -272 ) (-614 -576 -288 ) (-614 -588 -288 ) (-614 -588 -272 ) 
4 340 341 (-614 -588 -272 ) (-614 -588 -288 ) (-554 -588 -288 ) (-554 -588 -272 ) 
3 341 349 (-614 -600 -296 ) (-614 -600 -288 ) (-614 -588 -288 ) 
4 341 348 (-614 -600 -288 ) (-614 -600 -272 ) (-614 -588 -272 ) (-614 -588 -288 ) 
4 341 342 (-614 -600 -272 ) (-614 -600 -296 ) (-554 -600 -296 ) (-554 -600 -272 ) 
4 342 349 (-614 -612 -304 ) (-614 -612 -288 ) (-614 -600 -288 ) (-614 -600 -296 ) 
4 342 348 (-614 -612 -288 ) (-614 -612 -272 ) (-614 -600 -272 ) (-614 -600 -288 ) 
4 342 343 (-614 -612 -272 ) (-614 -612 -304 ) (-554 -612 -304 ) (-554 -612 -272 ) 
4 343 349 (-614 -624 -312 ) (-614 -624 -288 ) (-614 -612 -288 ) (-614 -612 -304 ) 
4 343 348 (-614 -624 -288 ) (-614 -624 -272 ) (-614 -612 -272 ) (-614 -612 -288 ) 
4 343 344 (-614 -624 -272 ) (-614 -624 -312 ) (-554 -624 -312 ) (-554 -624 -272 ) 
4 344 349 (-614 -636 -320 ) (-614 -636 -288 ) (-614 -624 -288 ) (-614 -624 -312 ) 
4 344 348 (-614 -636 -288 ) (-614 -636 -272 ) (-614 -624 -272 ) (-614 -624 -288 ) 
4 344 345 (-614 -636 -272 ) (-614 -636 -320 ) (-554 -636 -320 ) (-554 -636 -272 ) 
4 345 349 (-614 -648 -328 ) (-614 -648 -288 ) (-614 -636 -288 ) (-614 -636 -320 ) 
4 345 348 (-614 -648 -288 ) (-614 -648 -272 ) (-614 -636 -272 ) (-614 -636 -288 ) 
4 345 346 (-614 -648 -272 ) (-614 -648 -328 ) (-554 -648 -328 ) (-554 -648 -272 ) 
4 346 349 (-614 -660 -336 ) (-614 -660 -288 ) (-614 -648 -288 ) (-614 -648 -328 ) 
4 346 348 (-614 -660 -288 ) (-614 -660 -272 ) (-614 -648 -272 ) (-614 -648 -288 ) 
4 346 347 (-614 -660 -272 ) (-614 -660 -336 ) (-554 -660 -336 ) (-554 -660 -272 ) 
5 347 349 (-614 -736 -344 ) (-614 -736 -288 ) (-614 -660 -288 ) (-614 -660 -336 ) (-614 -672 -344 ) 
4 347 348 (-614 -736 -288 ) (-614 -736 -272 ) (-614 -660 -272 ) (-614 -660 -288 ) 
4 348 349 (-614 -588 -288 ) (-614 -736 -288 ) (-616 -736 -288 ) (-616 -588 -288 ) 
4 350 374 (-552 -1024 -272 ) (-616 -1024 -272 ) (-616 -1024 -424 ) (-552 -1024 -424 ) 
4 350 356 (-552 -752 -424 ) (-552 -1024 -424 ) (-616 -1024 -424 ) (-616 -752 -424 ) 
4 350 352 (-616 -752 -424 ) (-616 -1024 -424 ) (-616 -1024 -352 ) (-616 -752 -352 ) 
4 350 351 (-616 -1024 -352 ) (-616 -1024 -272 ) (-616 -752 -272 ) (-616 -752 -352 ) 
4 351 374 (-616 -1024 -272 ) (-624 -1024 -272 ) (-624 -1024 -352 ) (-616 -1024 -352 ) 
4 351 353 (-624 -1024 -352 ) (-624 -1024 -272 ) (-624 -752 -272 ) (-624 -752 -352 ) 
4 351 352 (-624 -1024 -352 ) (-624 -744 -352 ) (-616 -744 -352 ) (-616 -1024 -352 ) 
4 352 374 (-624 -1024 -352 ) (-624 -1024 -424 ) (-616 -1024 -424 ) (-616 -1024 -352 ) 
4 352 356 (-616 -752 -424 ) (-616 -1024 -424 ) (-624 -1024 -424 ) (-624 -752 -424 ) 
4 352 354 (-624 -752 -424 ) (-624 -1024 -424 ) (-624 -1024 -416 ) (-624 -752 -416 ) 
4 352 353 (-624 -1024 -416 ) (-624 -1024 -352 ) (-624 -752 -352 ) (-624 -752 -416 ) 
4 353 374 (-624 -1024 -272 ) (-1024 -1024 -272 ) (-1024 -1024 -416 ) (-624 -1024 -416 ) 
4 353 358 (-1024 -752 -416 ) (-1024 -1024 -416 ) (-1024 -1024 -272 ) (-1024 -752 -272 ) 
4 353 354 (-1024 -1024 -416 ) (-1024 -752 -416 ) (-624 -752 -416 ) (-624 -1024 -416 ) 
4 354 374 (-1024 -1024 -416 ) (-1024 -1024 -424 ) (-624 -1024 -424 ) (-624 -1024 -416 ) 
4 354 358 (-1024 -752 -424 ) (-1024 -1024 -424 ) (-1024 -1024 -416 ) (-1024 -752 -416 ) 
4 354 357 (-624 -752 -424 ) (-624 -1024 -424 ) (-1024 -1024 -424 ) (-1024 -752 -424 ) 
4 355 356 (-376 -752 -448 ) (-320 -752 -448 ) (-320 -752 -424 ) (-376 -752 -424 ) 
4 356 374 (-320 -1024 -448 ) (-320 -1024 -424 ) (-624 -1024 -424 ) (-624 -1024 -448 ) 
4 356 357 (-624 -752 -448 ) (-624 -1024 -448 ) (-624 -1024 -424 ) (-624 -752 -424 ) 
4 357 374 (-624 -1024 -424 ) (-1024 -1024 -424 ) (-1024 -1024 -448 ) (-624 -1024 -448 ) 
4 357 358 (-1024 -752 -448 ) (-1024 -1024 -448 ) (-1024 -1024 -424 ) (-1024 -752 -424 ) 
4 358 376 (-1024 -1024 -448 ) (-1024 -1024 880 ) (-1264 -1024 880 ) (-1264 -1024 -448 ) 
4 359 375 (0 -1028 -169.175995 ) (0 -1028 880 ) (-452 -1028 880 ) (-452 -1028 -169.175995 ) 
4 359 361 (-452 -1024 880 ) (-452 -1024 -168 ) (-452 -1028 -168 ) (-452 -1028 880 ) 
4 359 360 (0 -1028 -169.175995 ) (-451 -1028 -169.175995 ) (-451 -1024 -169.175995 ) (0 -1024 -169.175995 ) 
4 360 375 (-451 -1028 -171.529022 ) (0 -1028 -171.529022 ) (0 -1028 -169.175995 ) (-451 -1028 -169.175995 ) 
4 360 367 (0 -1028 -171.529022 ) (-451 -1028 -171.529022 ) (-451 -1026 -171.529022 ) (0 -1026 -171.529022 ) 
4 360 363 (-451 -1026 -171.529022 ) (-451 -1024 -171.529022 ) (0 -1024 -171.529022 ) (0 -1026 -171.529022 ) 
4 361 376 (-1024 -1024 880 ) (-1024 -1024 -168 ) (-1024 -1028 -168 ) (-1024 -1028 880 ) 
4 361 375 (-1024 -1028 880 ) (-1024 -1028 -168 ) (-452 -1028 -168 ) (-452 -1028 880 ) 
4 361 362 (-1024 -1024 -168 ) (-460 -1024 -168 ) (-460 -1028 -168 ) (-1024 -1028 -168 ) 
4 362 376 (-1024 -1024 -168 ) (-1024 -1024 -171.529022 ) (-1024 -1028 -171.529022 ) (-1024 -1028 -168 ) 
4 362 375 (-1024 -1028 -168 ) (-1024 -1028 -171.529022 ) (-460 -1028 -171.529022 ) (-460 -1028 -168 ) 
4 362 368 (-460 -1028 -171.529022 ) (-1024 -1028 -171.529022 ) (-1024 -1026 -171.529022 ) (-460 -1026 -171.529022 ) 
4 362 366 (-1024 -1026 -171.529022 ) (-1024 -1024 -171.529022 ) (-460 -1024 -171.529022 ) (-460 -1026 -171.529022 ) 
4 363 369 (-449 -1024 -237 ) (0 -1024 -237 ) (0 -1026 -237 ) (-449 -1026 -237 ) 
4 363 367 (-451 -1026 -237 ) (0 -1026 -237 ) (0 -1026 -171.529022 ) (-451 -1026 -171.529022 ) 
4 363 364 (-453 -1025 -173.882004 ) (-453 -1024 -173.882004 ) (-453 -1024 -196 ) (-453 -1025 -196 ) 
4 363 365 (-453 -1024 -198 ) (-453 -1024 -235.059006 ) (-453 -1025 -235.059006 ) (-453 -1025 -198 ) 
4 364 366 (-459 -1025 -173.882004 ) (-459 -1024 -173.882004 ) (-459 -1024 -196 ) (-459 -1025 -196 ) 
4 365 366 (-459 -1024 -198 ) (-459 -1024 -235.059006 ) (-459 -1025 -235.059006 ) (-459 -1025 -198 ) 
4 366 376 (-1024 -1024 -171.529022 ) (-1024 -1024 -237 ) (-1024 -1026 -237 ) (-1024 -1026 -171.529022 ) 
4 366 370 (-1024 -1026 -237 ) (-1024 -1024 -237 ) (-462 -1024 -237 ) (-462 -1026 -237 ) 
4 366 368 (-1024 -1026 -237 ) (-460 -1026 -237 ) (-460 -1026 -171.529022 ) (-1024 -1026 -171.529022 ) 
4 367 375 (-451 -1028 -237 ) (0 -1028 -237 ) (0 -1028 -171.529022 ) (-451 -1028 -171.529022 ) 
4 367 369 (0 -1028 -237 ) (-449 -1028 -237 ) (-449 -1026 -237 ) (0 -1026 -237 ) 
4 368 376 (-1024 -1026 -237 ) (-1024 -1028 -237 ) (-1024 -1028 -171.529022 ) (-1024 -1026 -171.529022 ) 
4 368 375 (-1024 -1028 -171.529022 ) (-1024 -1028 -237 ) (-460 -1028 -237 ) (-460 -1028 -171.529022 ) 
4 368 370 (-462 -1028 -237 ) (-1024 -1028 -237 ) (-1024 -1026 -237 ) (-462 -1026 -237 ) 
4 369 375 (-449 -1028 -240 ) (0 -1028 -240 ) (0 -1028 -237 ) (-449 -1028 -237 ) 
4 369 371 (0 -1028 -240 ) (-449 -1028 -240 ) (-449 -1024 -240 ) (0 -1024 -240 ) 
4 370 376 (-1024 -1024 -237 ) (-1024 -1024 -240 ) (-1024 -1028 -240 ) (-1024 -1028 -237 ) 
4 370 375 (-1024 -1028 -237 ) (-1024 -1028 -240 ) (-462 -1028 -240 ) (-462 -1028 -237 ) 
4 370 373 (-462 -1028 -240 ) (-1024 -1028 -240 ) (-1024 -1024 -240 ) (-462 -1024 -240 ) 
4 371 375 (-451 -1028 -247 ) (0 -1028 -247 ) (0 -1028 -240 ) (-450 -1028 -240 ) 
4 371 374 (0 -1028 -247 ) (-451 -1028 -247 ) (-451 -1024 -247 ) (0 -1024 -247 ) 
4 372 375 (-460 -1028 -247 ) (-452 -1028 -247 ) (-452 -1028 -240 ) (-460 -1028 -240 ) 
4 372 374 (-452 -1028 -247 ) (-460 -1028 -247 ) (-460 -1024 -247 ) (-452 -1024 -247 ) 
4 373 376 (-1024 -1024 -240 ) (-1024 -1024 -247 ) (-1024 -1028 -247 ) (-1024 -1028 -240 ) 
4 373 375 (-1024 -1028 -240 ) (-1024 -1028 -247 ) (-461 -1028 -247 ) (-461 -1028 -240 ) 
4 373 374 (-461 -1028 -247 ) (-1024 -1028 -247 ) (-1024 -1024 -247 ) (-461 -1024 -247 ) 
4 374 376 (-1024 -1024 -247 ) (-1024 -1024 -448 ) (-1024 -1028 -448 ) (-1024 -1028 -247 ) 
4 374 375 (-1024 -1028 -247 ) (-1024 -1028 -448 ) (0 -1028 -448 ) (0 -1028 -247 ) 
4 375 376 (-1024 -1112 -448 ) (-1024 -1112 880 ) (-1024 -1028 880 ) (-1024 -1028 -448 ) 
